OpenROAD 0.9.0 1415572a73
This program is licensed under the BSD-3 license. See the LICENSE file for details.
Components of this program may be licensed under more restrictive licenses which must be honored.
Notice 0: Reading LEF file:  /openLANE_flow/designs/picorv32a/runs/19-01_13-50/tmp/merged_unpadded.lef
Notice 0:     Created 13 technology layers
Notice 0:     Created 25 technology vias
Notice 0:     Created 442 library cells
Notice 0: Finished LEF file:  /openLANE_flow/designs/picorv32a/runs/19-01_13-50/tmp/merged_unpadded.lef
Notice 0: 
Reading DEF file: /openLANE_flow/designs/picorv32a/runs/19-01_13-50/tmp/placement/9-resizer.def
Notice 0: Design: picorv32a
Notice 0:     Created 411 pins.
Notice 0:     Created 25352 components and 143582 component-terminals.
Notice 0:     Created 2 special nets and 0 connections.
Notice 0:     Created 17746 nets and 59360 connections.
Notice 0: Finished DEF file: /openLANE_flow/designs/picorv32a/runs/19-01_13-50/tmp/placement/9-resizer.def
Design Stats
--------------------------------
total instances         25352
multi row instances         0
fixed instances          7708
nets                    17748
design area          517276.1 u^2
fixed area            10965.5 u^2
movable area         212304.9 u^2
utilization                42 %
utilization padded         59 %
rows                      264
row height                2.7 u

Placement Analysis
--------------------------------
total displacement        0.0 u
average displacement      0.0 u
max displacement          0.0 u
original HPWL        889546.5 u
legalized HPWL       905158.8 u
delta HPWL                  2 %

[INFO DPL-0020] Mirrored 6720 instances
[INFO DPL-0021] HPWL before          905158.8 u
[INFO DPL-0022] HPWL after           889546.5 u
[INFO DPL-0023] HPWL delta               -1.7 %
