OpenROAD 0.9.0 1415572a73
This program is licensed under the BSD-3 license. See the LICENSE file for details.
Components of this program may be licensed under more restrictive licenses which must be honored.
Notice 0: Reading LEF file:  /openLANE_flow/designs/picorv32a/runs/19-01_13-50/tmp/merged_unpadded.lef
Notice 0:     Created 13 technology layers
Notice 0:     Created 25 technology vias
Notice 0:     Created 442 library cells
Notice 0: Finished LEF file:  /openLANE_flow/designs/picorv32a/runs/19-01_13-50/tmp/merged_unpadded.lef
Notice 0: 
Reading DEF file: /openLANE_flow/designs/picorv32a/runs/19-01_13-50/results/placement/picorv32a.placement.def
Notice 0: Design: picorv32a
Notice 0:     Created 411 pins.
Notice 0:     Created 25352 components and 143582 component-terminals.
Notice 0:     Created 2 special nets and 0 connections.
Notice 0:     Created 17746 nets and 59360 connections.
Notice 0: Finished DEF file: /openLANE_flow/designs/picorv32a/runs/19-01_13-50/results/placement/picorv32a.placement.def
[INFO]: Setting output delay to: 4.946000000000001
[INFO]: Setting input delay to: 4.946000000000001
[INFO]: Setting load to: 0.01765
[INFO]: Configuring cts characterization...
[INFO]: Performing clock tree synthesis...
[INFO]: Looking for the following net(s): clk
[INFO]: Running Clock Tree Synthesis...
 *****************
 * TritonCTS 2.0 *
 *****************
 *****************************
 *  Create characterization  *
 *****************************
Number of created patterns = 50000.
Number of created patterns = 100000.
Number of created patterns = 137808.
 Compiling LUT
    Min. len    Max. len    Min. cap    Max. cap   Min. slew   Max. slew
           2           8           1          39           1         167
    [WARNING] 4752 wires are pure wire and no slew degration.
    TritonCTS forced slew degradation on these wires.
    Num wire segments: 137808
    Num keys in characterization LUT: 1941
    Actual min input cap: 2
 **********************
 *  Find clock roots  *
 **********************
 Running TritonCTS with user-specified clock roots: clk
 ************************
 *  Populate TritonCTS  *
 ************************
 Initializing clock nets
 Looking for clock nets in the design
 Net "clk" found
 Initializing clock net for : "clk"
 Clock net "clk" has 1613 sinks
 TritonCTS found 1 clock nets.
 ****************************
 *  Check characterization  *
 ****************************
    The chacterization used 3 buffer(s) types. All of them are in the loaded DB.
 ***********************
 *  Build clock trees  *
 ***********************
 Generating H-Tree topology for net clk...
    Tot. number of sinks: 1613
    Sinks will be clustered in groups of 20 and a maximum diameter of 50 um
    Number of static layers: 0
 Wire segment unit: 13000 dbu (13 um)
 Tot. number of sinks after clustering: 272
 Normalized sink region: [(0.944808, 0.946154), (55.5688, 55.7646)]
    Width:  54.624
    Height: 54.8185
 Level 1
    Direction: Vertical
    # sinks per sub-region: 136
    Sub-region size: 54.624 X 27.4092
    Segment length (rounded): 14
    Key: 4104 outSlew: 19 load: 1 length: 8 isBuffered: 1
    Key: 860 outSlew: 7 load: 1 length: 6 isBuffered: 1
 Level 2
    Direction: Horizontal
    # sinks per sub-region: 68
    Sub-region size: 27.312 X 27.4092
    Segment length (rounded): 14
    Key: 4109 outSlew: 19 load: 1 length: 8 isBuffered: 1
    Key: 860 outSlew: 7 load: 1 length: 6 isBuffered: 1
 Level 3
    Direction: Vertical
    # sinks per sub-region: 34
    Sub-region size: 27.312 X 13.7046
    Segment length (rounded): 6
    Key: 1013 outSlew: 13 load: 1 length: 6 isBuffered: 1
 Level 4
    Direction: Horizontal
    # sinks per sub-region: 17
    Sub-region size: 13.656 X 13.7046
    Segment length (rounded): 6
    Key: 1019 outSlew: 13 load: 1 length: 6 isBuffered: 1
 Level 5
    Direction: Vertical
    # sinks per sub-region: 9
    Sub-region size: 13.656 X 6.85231
    Segment length (rounded): 4
    Key: 209 outSlew: 7 load: 1 length: 4 isBuffered: 1
 Stop criterion found. Max number of sinks is (15)
 Building clock sub nets...
 Number of sinks covered: 272
 Clock topology of net "clk" done.
 ****************
 * Post CTS opt *
 ****************
 Avg. source sink dist: 26911.3 dbu.
 Num outlier sinks: 24
 ********************
 * Write data to DB *
 ********************
 Writing clock net "clk" to DB
    Created 349 clock buffers.
    Minimum number of buffers in the clock path: 8.
    Maximum number of buffers in the clock path: 10.
    Created 349 clock nets.
    Fanout distribution for the current clock = 2:19, 3:31, 4:33, 5:33, 6:33, 7:32, 8:36, 9:28, 10:21, 11:9, 12:7, 13:1, 14:3, 15:1, 16:1.
    Max level of the clock tree: 5.
 ... End of TritonCTS execution.
[INFO]: Repairing long wires on clock nets...
[INFO]: Legalizing...
Design Stats
--------------------------------
total instances         25701
multi row instances         0
fixed instances          7708
nets                    18097
design area          517276.1 u^2
fixed area            10965.5 u^2
movable area         219676.9 u^2
utilization                43 %
utilization padded         45 %
rows                      264
row height                2.7 u

Placement Analysis
--------------------------------
total displacement     2831.6 u
average displacement      0.1 u
max displacement         16.0 u
original HPWL        915307.0 u
legalized HPWL       932449.7 u
delta HPWL                  2 %

[INFO DPL-0020] Mirrored 6919 instances
[INFO DPL-0021] HPWL before          932449.7 u
[INFO DPL-0022] HPWL after           915922.3 u
[INFO DPL-0023] HPWL delta               -1.8 %
No paths found.
Startpoint: _31195_ (rising edge-triggered flip-flop clocked by clk)
Endpoint: _31195_ (rising edge-triggered flip-flop clocked by clk)
Path Group: clk
Path Type: min

Fanout     Cap    Slew   Delay    Time   Description
-----------------------------------------------------------------------------
                  0.00    0.00    0.00   clock clk (rise edge)
                          0.00    0.00   clock network delay (ideal)
                  0.00    0.00    0.00 ^ _31195_/CLK (sky130_fd_sc_hd__dfxtp_1)
                  0.04    0.19    0.19 ^ _31195_/Q (sky130_fd_sc_hd__dfxtp_1)
     2    0.00                           cpuregs[0][0] (net)
                  0.04    0.00    0.19 ^ _18491_/A (sky130_fd_sc_hd__clkbuf_1)
                  0.03    0.05    0.24 ^ _18491_/X (sky130_fd_sc_hd__clkbuf_1)
     1    0.00                           _02835_ (net)
                  0.03    0.00    0.24 ^ _31195_/D (sky130_fd_sc_hd__dfxtp_1)
                                  0.24   data arrival time

                  0.00    0.00    0.00   clock clk (rise edge)
                          0.00    0.00   clock network delay (ideal)
                          0.00    0.00   clock reconvergence pessimism
                                  0.00 ^ _31195_/CLK (sky130_fd_sc_hd__dfxtp_1)
                         -0.02   -0.02   library hold time
                                 -0.02   data required time
-----------------------------------------------------------------------------
                                 -0.02   data required time
                                 -0.24   data arrival time
-----------------------------------------------------------------------------
                                  0.25   slack (MET)


Startpoint: _32422_ (rising edge-triggered flip-flop clocked by clk)
Endpoint: _32349_ (rising edge-triggered flip-flop clocked by clk)
Path Group: clk
Path Type: max

Fanout     Cap    Slew   Delay    Time   Description
-----------------------------------------------------------------------------
                  0.00    0.00    0.00   clock clk (rise edge)
                          0.00    0.00   clock network delay (ideal)
                  0.00    0.00    0.00 ^ _32422_/CLK (sky130_fd_sc_hd__dfxtp_4)
                  0.78    1.18    1.18 ^ _32422_/Q (sky130_fd_sc_hd__dfxtp_4)
    33    0.18                           latched_stalu (net)
                  0.78    0.02    1.20 ^ _30323_/S (sky130_fd_sc_hd__mux2_1)
                  0.13    0.92    2.12 v _30323_/X (sky130_fd_sc_hd__mux2_1)
     2    0.01                           _00293_ (net)
                  0.13    0.00    2.12 v _30322_/A1 (sky130_fd_sc_hd__mux2_1)
                  0.10    0.66    2.78 v _30322_/X (sky130_fd_sc_hd__mux2_1)
     1    0.00                           _00294_ (net)
                  0.10    0.00    2.78 v _19592_/B (sky130_fd_sc_hd__and2_1)
                  0.06    0.32    3.10 v _19592_/X (sky130_fd_sc_hd__and2_1)
     1    0.00                           _00295_ (net)
                  0.06    0.00    3.10 v _29613_/A0 (sky130_fd_sc_hd__mux2_2)
                  0.13    0.60    3.70 v _29613_/X (sky130_fd_sc_hd__mux2_2)
     4    0.01                           _02560_ (net)
                  0.13    0.00    3.70 v _19974_/A (sky130_fd_sc_hd__xnor2_1)
                  0.15    0.29    3.99 v _19974_/Y (sky130_fd_sc_hd__xnor2_1)
     2    0.01                           _15017_ (net)
                  0.15    0.00    3.99 v _19979_/A_N (sky130_fd_sc_hd__nand3b_2)
                  0.16    0.49    4.47 v _19979_/Y (sky130_fd_sc_hd__nand3b_2)
     2    0.01                           _15019_ (net)
                  0.16    0.00    4.48 v _19986_/B2 (sky130_fd_sc_hd__a2bb2oi_1)
                  0.20    0.25    4.73 ^ _19986_/Y (sky130_fd_sc_hd__a2bb2oi_1)
     1    0.00                           _15024_ (net)
                  0.20    0.00    4.73 ^ _19987_/B1 (sky130_fd_sc_hd__a21o_1)
                  0.13    0.24    4.97 ^ _19987_/X (sky130_fd_sc_hd__a21o_1)
     2    0.01                           _15025_ (net)
                  0.13    0.00    4.97 ^ _19993_/B1 (sky130_fd_sc_hd__o21ai_1)
                  0.09    0.14    5.11 v _19993_/Y (sky130_fd_sc_hd__o21ai_1)
     1    0.00                           _15029_ (net)
                  0.09    0.00    5.11 v _19994_/B1 (sky130_fd_sc_hd__o21ai_1)
                  0.31    0.21    5.31 ^ _19994_/Y (sky130_fd_sc_hd__o21ai_1)
     2    0.01                           _15030_ (net)
                  0.31    0.00    5.31 ^ _20001_/B1 (sky130_fd_sc_hd__o21ai_1)
                  0.14    0.24    5.55 v _20001_/Y (sky130_fd_sc_hd__o21ai_1)
     1    0.00                           _15035_ (net)
                  0.14    0.00    5.55 v _20002_/B1 (sky130_fd_sc_hd__o21ai_2)
                  0.23    0.15    5.70 ^ _20002_/Y (sky130_fd_sc_hd__o21ai_2)
     2    0.01                           _15036_ (net)
                  0.23    0.00    5.70 ^ _20009_/A1 (sky130_fd_sc_hd__a21o_1)
                  0.13    0.32    6.02 ^ _20009_/X (sky130_fd_sc_hd__a21o_1)
     2    0.01                           _15041_ (net)
                  0.13    0.00    6.02 ^ _20016_/B1 (sky130_fd_sc_hd__o21ai_1)
                  0.13    0.17    6.19 v _20016_/Y (sky130_fd_sc_hd__o21ai_1)
     1    0.00                           _15046_ (net)
                  0.13    0.00    6.19 v _20017_/B1 (sky130_fd_sc_hd__o21ai_2)
                  0.23    0.14    6.33 ^ _20017_/Y (sky130_fd_sc_hd__o21ai_2)
     2    0.01                           _15047_ (net)
                  0.23    0.00    6.33 ^ _20023_/A1 (sky130_fd_sc_hd__a21o_1)
                  0.14    0.33    6.66 ^ _20023_/X (sky130_fd_sc_hd__a21o_1)
     2    0.01                           _15051_ (net)
                  0.14    0.00    6.66 ^ _20032_/A1 (sky130_fd_sc_hd__a21o_1)
                  0.14    0.29    6.95 ^ _20032_/X (sky130_fd_sc_hd__a21o_1)
     2    0.01                           _15058_ (net)
                  0.14    0.00    6.95 ^ _20038_/A1 (sky130_fd_sc_hd__a21o_1)
                  0.14    0.29    7.23 ^ _20038_/X (sky130_fd_sc_hd__a21o_1)
     2    0.01                           _15062_ (net)
                  0.14    0.00    7.24 ^ _20042_/A (sky130_fd_sc_hd__nand2_1)
                  0.10    0.15    7.38 v _20042_/Y (sky130_fd_sc_hd__nand2_1)
     2    0.00                           _15064_ (net)
                  0.10    0.00    7.38 v _20045_/A1 (sky130_fd_sc_hd__a21boi_1)
                  0.27    0.29    7.67 ^ _20045_/Y (sky130_fd_sc_hd__a21boi_1)
     2    0.01                           _15067_ (net)
                  0.27    0.00    7.67 ^ _20051_/B1 (sky130_fd_sc_hd__a21o_1)
                  0.13    0.27    7.94 ^ _20051_/X (sky130_fd_sc_hd__a21o_1)
     2    0.01                           _15071_ (net)
                  0.13    0.00    7.94 ^ _20057_/A1 (sky130_fd_sc_hd__a21o_1)
                  0.13    0.28    8.22 ^ _20057_/X (sky130_fd_sc_hd__a21o_1)
     2    0.01                           _15075_ (net)
                  0.13    0.00    8.22 ^ _20062_/A (sky130_fd_sc_hd__nand2_1)
                  0.11    0.15    8.36 v _20062_/Y (sky130_fd_sc_hd__nand2_1)
     1    0.00                           _15078_ (net)
                  0.11    0.00    8.36 v _20063_/B1 (sky130_fd_sc_hd__o21ai_2)
                  0.23    0.13    8.50 ^ _20063_/Y (sky130_fd_sc_hd__o21ai_2)
     2    0.01                           _15079_ (net)
                  0.23    0.00    8.50 ^ _20068_/A (sky130_fd_sc_hd__and2_1)
                  0.09    0.29    8.79 ^ _20068_/X (sky130_fd_sc_hd__and2_1)
     1    0.00                           _15082_ (net)
                  0.09    0.00    8.79 ^ _20069_/B1 (sky130_fd_sc_hd__a21o_1)
                  0.14    0.20    8.99 ^ _20069_/X (sky130_fd_sc_hd__a21o_1)
     2    0.01                           _15083_ (net)
                  0.14    0.00    8.99 ^ _20075_/A1 (sky130_fd_sc_hd__a21o_1)
                  0.13    0.28    9.27 ^ _20075_/X (sky130_fd_sc_hd__a21o_1)
     2    0.01                           _15087_ (net)
                  0.13    0.00    9.27 ^ _20083_/A1 (sky130_fd_sc_hd__a21o_1)
                  0.13    0.28    9.55 ^ _20083_/X (sky130_fd_sc_hd__a21o_1)
     2    0.01                           _15093_ (net)
                  0.13    0.00    9.55 ^ _20089_/A1 (sky130_fd_sc_hd__a21o_1)
                  0.15    0.30    9.85 ^ _20089_/X (sky130_fd_sc_hd__a21o_1)
     2    0.01                           _15097_ (net)
                  0.15    0.00    9.85 ^ _20095_/A1 (sky130_fd_sc_hd__a21oi_2)
                  0.10    0.16   10.01 v _20095_/Y (sky130_fd_sc_hd__a21oi_2)
     2    0.01                           _15101_ (net)
                  0.10    0.00   10.01 v _20100_/B1 (sky130_fd_sc_hd__a21o_1)
                  0.08    0.31   10.32 v _20100_/X (sky130_fd_sc_hd__a21o_1)
     1    0.00                           _15104_ (net)
                  0.08    0.00   10.32 v _20101_/B1 (sky130_fd_sc_hd__o21ai_2)
                  0.32    0.15   10.47 ^ _20101_/Y (sky130_fd_sc_hd__o21ai_2)
     4    0.01                           _15105_ (net)
                  0.32    0.00   10.47 ^ _20124_/A (sky130_fd_sc_hd__nand3_1)
                  0.15    0.24   10.71 v _20124_/Y (sky130_fd_sc_hd__nand3_1)
     1    0.00                           _15120_ (net)
                  0.15    0.00   10.71 v _20125_/A_N (sky130_fd_sc_hd__nand3b_1)
                  0.17    0.40   11.11 v _20125_/Y (sky130_fd_sc_hd__nand3b_1)
     1    0.00                           _15121_ (net)
                  0.17    0.00   11.11 v _20127_/A (sky130_fd_sc_hd__nand2_2)
                  0.14    0.19   11.29 ^ _20127_/Y (sky130_fd_sc_hd__nand2_2)
     3    0.01                           _15123_ (net)
                  0.14    0.00   11.29 ^ _20139_/A (sky130_fd_sc_hd__nand3_2)
                  0.17    0.19   11.49 v _20139_/Y (sky130_fd_sc_hd__nand3_2)
     2    0.01                           _15131_ (net)
                  0.17    0.00   11.49 v _20153_/A2 (sky130_fd_sc_hd__o21bai_2)
                  0.30    0.34   11.82 ^ _20153_/Y (sky130_fd_sc_hd__o21bai_2)
     3    0.01                           _15141_ (net)
                  0.30    0.00   11.82 ^ _20157_/A (sky130_fd_sc_hd__nand2_1)
                  0.12    0.20   12.03 v _20157_/Y (sky130_fd_sc_hd__nand2_1)
     2    0.00                           _15143_ (net)
                  0.12    0.00   12.03 v _20161_/A1 (sky130_fd_sc_hd__a21oi_1)
                  0.19    0.24   12.27 ^ _20161_/Y (sky130_fd_sc_hd__a21oi_1)
     1    0.00                           _15147_ (net)
                  0.19    0.00   12.27 ^ _20163_/A (sky130_fd_sc_hd__nor2_1)
                  0.07    0.14   12.41 v _20163_/Y (sky130_fd_sc_hd__nor2_1)
     1    0.00                           _01676_ (net)
                  0.07    0.00   12.41 v _30338_/A1 (sky130_fd_sc_hd__mux2_1)
                  0.10    0.63   13.04 v _30338_/X (sky130_fd_sc_hd__mux2_1)
     1    0.00                           _01677_ (net)
                  0.10    0.00   13.04 v _30792_/A1 (sky130_fd_sc_hd__mux4_1)
                  0.14    1.11   14.15 v _30792_/X (sky130_fd_sc_hd__mux4_1)
     1    0.00                           _01678_ (net)
                  0.14    0.00   14.15 v _30339_/A0 (sky130_fd_sc_hd__mux2_1)
                  0.13    0.69   14.84 v _30339_/X (sky130_fd_sc_hd__mux2_1)
     1    0.01                           _02529_ (net)
                  0.13    0.00   14.84 v _15894_/A (sky130_fd_sc_hd__or2b_1)
                  0.10    0.51   15.35 v _15894_/X (sky130_fd_sc_hd__or2b_1)
     1    0.00                           _13098_ (net)
                  0.10    0.00   15.35 v _15895_/C1 (sky130_fd_sc_hd__o211a_1)
                  0.07    0.20   15.55 v _15895_/X (sky130_fd_sc_hd__o211a_1)
     1    0.00                           _03989_ (net)
                  0.07    0.00   15.55 v _32349_/D (sky130_fd_sc_hd__dfxtp_2)
                                 15.55   data arrival time

                  0.00   24.73   24.73   clock clk (rise edge)
                          0.00   24.73   clock network delay (ideal)
                          0.00   24.73   clock reconvergence pessimism
                                 24.73 ^ _32349_/CLK (sky130_fd_sc_hd__dfxtp_2)
                         -0.29   24.44   library setup time
                                 24.44   data required time
-----------------------------------------------------------------------------
                                 24.44   data required time
                                -15.55   data arrival time
-----------------------------------------------------------------------------
                                  8.89   slack (MET)


No paths found.
wns 0.00
tns 0.00
Clock clk
Latency      CRPR       Skew
_30885_/CLK ^
   3.33
_32335_/CLK ^
   0.92      0.00       2.41

