[INFO]: Current run directory is /openLANE_flow/designs/picorv32a/runs/11-01_08-49
[INFO]: Preparing LEF Files
[INFO]: Extracting the number of available metal layers from /home/vsduser/Desktop/work/tools/openlane_working_dir/pdks/sky130A/libs.ref/sky130_fd_sc_hd/techlef/sky130_fd_sc_hd.tlef
[INFO]: The number of available metal layers is 6
[INFO]: The available metal layers are li1 met1 met2 met3 met4 met5
[INFO]: Merging LEF Files...
[INFO]: Trimming Liberty...
[INFO]: Generating Exclude List...
[INFO]: Storing configs into config.tcl ...
[INFO]: Preparation complete
[INFO]: Running Synthesis...
[INFO]: current step index: 1
[INFO]: Changing netlist from 0 to /openLANE_flow/designs/picorv32a/runs/11-01_08-49/results/synthesis/picorv32a.synthesis.v
[INFO]: Running Static Timing Analysis...
[INFO]: current step index: 2
[INFO]: Synthesis was successful
[INFO]: Running Initial Floorplanning...
[INFO]: current step index: 3
[INFO]: Core area width: 649.52
[INFO]: Core area height: 647.36
[INFO]: Changing layout from 0 to /openLANE_flow/designs/picorv32a/runs/11-01_08-49/tmp/floorplan/3-verilog2def_openroad.def
[INFO]: Running IO Placement...
[INFO]: current step index: 4
[INFO]: Changing layout from /openLANE_flow/designs/picorv32a/runs/11-01_08-49/tmp/floorplan/3-verilog2def_openroad.def to /openLANE_flow/designs/picorv32a/runs/11-01_08-49/tmp/floorplan/4-ioPlacer.def
[INFO]: Running Tap/Decap Insertion...
[INFO]: current step index: 5
[INFO]: Changing layout from /openLANE_flow/designs/picorv32a/runs/11-01_08-49/tmp/floorplan/4-ioPlacer.def to /openLANE_flow/designs/picorv32a/runs/11-01_08-49/results/floorplan/picorv32a.floorplan.def
[INFO]: Power planning the following nets
[INFO]: Power: VPWR
[INFO]: Ground: VGND
[INFO]: Generating PDN...
[INFO]: current step index: 6
[INFO]: PDN generation was successful.
[INFO]: Changing layout from /openLANE_flow/designs/picorv32a/runs/11-01_08-49/results/floorplan/picorv32a.floorplan.def to /openLANE_flow/designs/picorv32a/runs/11-01_08-49/tmp/floorplan/6-pdn.def
[INFO]: Generating PDN...
[INFO]: current step index: 7
[ERROR]: during executing: "openroad -exit /openLANE_flow/scripts/openroad/or_pdn.tcl |& tee >&@stdout /openLANE_flow/designs/picorv32a/runs/11-01_08-49/logs/floorplan/7-pdn.log"
[ERROR]: Exit code: 1
[ERROR]: Last 10 lines:
child process exited abnormally

[ERROR]: Please check openroad  log file
[ERROR]: Dumping to /openLANE_flow/designs/picorv32a/runs/11-01_08-49/error.log
[INFO]: Calculating Runtime From the Start...
[INFO]: Flow failed for picorv32a/11-01_08-49 in 0h3m31s
[INFO]: Generating Final Summary Report...
[INFO]: Design Name: picorv32a
Run Directory: /openLANE_flow/designs/picorv32a/runs/11-01_08-49
Source not found.
----------------------------------------

LVS Summary:
Source: /openLANE_flow/designs/picorv32a/runs/11-01_08-49/results/lvs/picorv32a.lvs_parsed.gds.log
Source not found.
----------------------------------------

Antenna Summary:
No antenna report found.
[INFO]: check full report here: /openLANE_flow/designs/picorv32a/runs/11-01_08-49/reports/final_summary_report.csv
[ERROR]: Flow Failed.
[INFO]: Running Floorplanning...
[INFO]: Running Initial Floorplanning...
[INFO]: current step index: 8
[INFO]: Core area width: 649.52
[INFO]: Core area height: 647.36
[INFO]: Changing layout from /openLANE_flow/designs/picorv32a/runs/11-01_08-49/tmp/floorplan/6-pdn.def to /openLANE_flow/designs/picorv32a/runs/11-01_08-49/tmp/floorplan/8-verilog2def_openroad.def
[INFO]: Running IO Placement...
[INFO]: current step index: 9
[INFO]: Changing layout from /openLANE_flow/designs/picorv32a/runs/11-01_08-49/tmp/floorplan/8-verilog2def_openroad.def to /openLANE_flow/designs/picorv32a/runs/11-01_08-49/tmp/floorplan/9-ioPlacer.def
[INFO]: Running Tap/Decap Insertion...
[INFO]: current step index: 10
[INFO]: Changing layout from /openLANE_flow/designs/picorv32a/runs/11-01_08-49/tmp/floorplan/9-ioPlacer.def to /openLANE_flow/designs/picorv32a/runs/11-01_08-49/results/floorplan/picorv32a.floorplan.def
[INFO]: Taking a Screenshot of the Layout Using Klayout...
[INFO]: current step index: 11
[INFO]: Screenshot taken.
[INFO]: Power planning the following nets
[INFO]: Power: VPWR
[INFO]: Ground: VGND
[INFO]: Generating PDN...
[INFO]: current step index: 12
[INFO]: PDN generation was successful.
[INFO]: Changing layout from /openLANE_flow/designs/picorv32a/runs/11-01_08-49/results/floorplan/picorv32a.floorplan.def to /openLANE_flow/designs/picorv32a/runs/11-01_08-49/tmp/floorplan/12-pdn.def
[INFO]: Running Placement...
[INFO]: Running Global Placement...
[INFO]: current step index: 13
[INFO]: Global placement was successful
[INFO]: Changing layout from /openLANE_flow/designs/picorv32a/runs/11-01_08-49/tmp/floorplan/12-pdn.def to /openLANE_flow/designs/picorv32a/runs/11-01_08-49/tmp/placement/13-replace.def
[INFO]: Skipping OpenPhySyn Timing Optimizations.
[INFO]: Running Resizer Design Optimizations...
[INFO]: Generating Exclude List...
[INFO]: Creating ::env(DONT_USE_CELLS)...
[INFO]: Changing layout from /openLANE_flow/designs/picorv32a/runs/11-01_08-49/tmp/placement/13-replace.def to /openLANE_flow/designs/picorv32a/runs/11-01_08-49/tmp/placement/13-resizer.def
[INFO]: Writing Verilog...
[INFO]: current step index: 14
[INFO]: Changing netlist from /openLANE_flow/designs/picorv32a/runs/11-01_08-49/results/synthesis/picorv32a.synthesis.v to /openLANE_flow/designs/picorv32a/runs/11-01_08-49/results/synthesis/picorv32a.synthesis_optimized.v
[INFO]: Running Static Timing Analysis...
[INFO]: current step index: 15
[INFO]: Running Detailed Placement...
[INFO]: current step index: 16
[INFO]: Changing layout from /openLANE_flow/designs/picorv32a/runs/11-01_08-49/tmp/placement/13-resizer.def to /openLANE_flow/designs/picorv32a/runs/11-01_08-49/results/placement/picorv32a.placement.def
[INFO]: Changing layout from /openLANE_flow/designs/picorv32a/runs/11-01_08-49/results/placement/picorv32a.placement.def to /openLANE_flow/designs/picorv32a/runs/11-01_08-49/results/placement/picorv32a.placement.def
[INFO]: Taking a Screenshot of the Layout Using Klayout...
[INFO]: current step index: 17
[INFO]: Screenshot taken.
[INFO]: Running Floorplanning...
[INFO]: Running Initial Floorplanning...
[INFO]: current step index: 18
[INFO]: Core area width: 649.52
[INFO]: Core area height: 647.36
[INFO]: Changing layout from /openLANE_flow/designs/picorv32a/runs/11-01_08-49/results/placement/picorv32a.placement.def to /openLANE_flow/designs/picorv32a/runs/11-01_08-49/tmp/floorplan/18-verilog2def_openroad.def
[INFO]: Running IO Placement...
[INFO]: current step index: 19
[INFO]: Changing layout from /openLANE_flow/designs/picorv32a/runs/11-01_08-49/tmp/floorplan/18-verilog2def_openroad.def to /openLANE_flow/designs/picorv32a/runs/11-01_08-49/tmp/floorplan/19-ioPlacer.def
[INFO]: Running Tap/Decap Insertion...
[INFO]: current step index: 20
[INFO]: Changing layout from /openLANE_flow/designs/picorv32a/runs/11-01_08-49/tmp/floorplan/19-ioPlacer.def to /openLANE_flow/designs/picorv32a/runs/11-01_08-49/results/floorplan/picorv32a.floorplan.def
[INFO]: Taking a Screenshot of the Layout Using Klayout...
[INFO]: current step index: 21
[INFO]: Screenshot taken.
[INFO]: Power planning the following nets
[INFO]: Power: VPWR
[INFO]: Ground: VGND
[INFO]: Generating PDN...
[INFO]: current step index: 22
[INFO]: PDN generation was successful.
[INFO]: Changing layout from /openLANE_flow/designs/picorv32a/runs/11-01_08-49/results/floorplan/picorv32a.floorplan.def to /openLANE_flow/designs/picorv32a/runs/11-01_08-49/tmp/floorplan/22-pdn.def
