OpenROAD 0.9.0 1415572a73
This program is licensed under the BSD-3 license. See the LICENSE file for details.
Components of this program may be licensed under more restrictive licenses which must be honored.
Warning: /home/vsduser/Desktop/work/tools/openlane_working_dir/pdks/sky130A/libs.ref/sky130_fd_sc_hd/lib/sky130_fd_sc_hd__tt_025C_1v80.lib line 31, default_operating_condition tt_025C_1v80 not found.
Notice 0: Reading LEF file:  /openLANE_flow/designs/picorv32a/runs/11-01_08-49/tmp/merged_unpadded.lef
Notice 0:     Created 13 technology layers
Notice 0:     Created 25 technology vias
Notice 0:     Created 440 library cells
Notice 0: Finished LEF file:  /openLANE_flow/designs/picorv32a/runs/11-01_08-49/tmp/merged_unpadded.lef
Notice 0: 
Reading DEF file: /openLANE_flow/designs/picorv32a/runs/11-01_08-49/tmp/floorplan/6-pdn.def
Notice 0: Design: picorv32a
Notice 0:     Created 411 pins.
Notice 0:     Created 21230 components and 129257 component-terminals.
Notice 0:     Created 2 special nets and 0 connections.
Notice 0:     Created 14978 nets and 56051 connections.
Notice 0: Finished DEF file: /openLANE_flow/designs/picorv32a/runs/11-01_08-49/tmp/floorplan/6-pdn.def
[INFO] [PDNG-0016] Power Delivery Network Generator: Generating PDN
[INFO] [PDNG-0016]   config: /home/vsduser/Desktop/work/tools/openlane_working_dir/pdks/sky130A/libs.tech/openlane/common_pdn.tcl
[INFO] [PDNG-0008] Design Name is picorv32a
[INFO] [PDNG-0009] Reading technology data
[INFO] [PDNG-0011] ****** INFO ******
Type: stdcell, grid
    Stdcell Rails
      Layer: met1 -  width: 0.480  pitch: 2.720  offset: 0.000 
    Straps
      Layer: met4 -  width: 1.600  pitch: 153.600  offset: 19.620 
      Layer: met5 -  width: 1.600  pitch: 153.180  offset: 19.950 
    Connect: {met4 met5} {met1 met4}
Type: macro, macro_1
    Macro orientation: R0 R180 MX MY R90 R270 MXR90 MYR90
    Straps
    Connect: {met4_PIN_ver met5}
[INFO] [PDNG-0012] **** END INFO ****
[INFO] [PDNG-0013] Inserting stdcell grid - grid
[INFO] [PDNG-0015] Writing to database
-code 1 -level 0 -errorcode NONE -errorinfo {invalid command name "NULL"
    while executing
"builtin_unknown NULL setSpecial"
    ("uplevel" body line 1)
    invoked from within
"uplevel 1 builtin_unknown $args"
    (procedure "sta_unknown" line 36)
    invoked from within
"$bterm setSpecial"
    (procedure "export_opendb_power_pin" line 9)
    invoked from within
"export_opendb_power_pin $net_name "POWER""
    (procedure "export_opendb_power_pins" line 6)
    invoked from within
"export_opendb_power_pins"
    (procedure "opendb_update_grid" line 5)
    invoked from within
"opendb_update_grid"
    (procedure "apply" line 7)
    invoked from within
"apply $config"
    (procedure "pdngen::apply_pdn" line 14)
    invoked from within
"pdngen::apply_pdn $config_file $verbose "} -errorline 9
[CRIT] [PDNG-9999] Unexpected error: invalid command name "NULL"
