
reading lef ...

units:       1000
#layers:     13
#macros:     442
#vias:       25
#viarulegen: 25

reading def ...
defIn read 10000 components
defIn read 20000 components
defIn read 30000 components
defIn read 40000 components
defIn read 50000 components
defIn read 60000 components
defIn read 10000 nets

design:      picorv32a
die area:    ( 0 0 ) ( 731615 742335 )
trackPts:    12
defvias:     4
#components: 65794
#terminals:  429
#snets:      2
#nets:       18095

reading guide ...
guideIn read 100000 guides

#guides:     140148
Warning: met2 does not have viaDef align with layer direction, generating new viaDef via2_FR...
Warning: met4 does not have viaDef align with layer direction, generating new viaDef via4_FR...
done initConstraintLayerIdx
List of default vias:
  Layer mcon
    default via: L1M1_PR_MR
  Layer via
    default via: M1M2_PR
  Layer via2
    default via: via2_FR
  Layer via3
    default via: M3M4_PR_M
  Layer via4
    default via: via4_FR
Writing reference output def...

libcell analysis ...

instance analysis ...
  complete 10000 instances
  complete 20000 instances
  complete 30000 instances
  complete 40000 instances
  complete 50000 instances
  complete 60000 instances
#unique instances = 395

init region query ...
  complete 10000 insts
  complete 20000 insts
  complete 30000 insts
  complete 40000 insts
  complete 50000 insts
  complete 60000 insts
  complete FR_MASTERSLICE
  complete FR_VIA
  complete li1
  complete mcon
  complete met1
  complete via
  complete met2
  complete via2
  complete met3
  complete via3
  complete met4
  complete via4
  complete met5

FR_MASTERSLICE shape region query size = 0
FR_VIA shape region query size = 0
li1 shape region query size = 830903
mcon shape region query size = 840674
met1 shape region query size = 173947
via shape region query size = 5300
met2 shape region query size = 2650
via2 shape region query size = 5300
met3 shape region query size = 3059
via3 shape region query size = 5300
met4 shape region query size = 1395
via4 shape region query size = 50
met5 shape region query size = 70


start pin access
  complete 100 pins
  complete 200 pins
  complete 300 pins
  complete 400 pins
  complete 500 pins
  complete 600 pins
  complete 700 pins
  complete 800 pins
  complete 900 pins
  complete 1000 pins
  complete 1543 pins
  complete 100 unique inst patterns
  complete 200 unique inst patterns
  complete 300 unique inst patterns
  complete 389 unique inst patterns
  complete 1000 groups
  complete 2000 groups
  complete 3000 groups
  complete 4000 groups
  complete 5000 groups
  complete 6000 groups
  complete 7000 groups
  complete 8000 groups
  complete 9000 groups
  complete 10000 groups
  complete 17642 groups
Expt1 runtime (pin-level access point gen): 3.86808
Expt2 runtime (design-level access pattern gen): 1.34726
#scanned instances     = 65794
#unique  instances     = 395
#stdCellGenAp          = 9720
#stdCellValidPlanarAp  = 142
#stdCellValidViaAp     = 7076
#stdCellPinNoAp        = 0
#stdCellPinCnt         = 60578
#instTermValidViaApCnt = 0
#macroGenAp            = 0
#macroValidPlanarAp    = 0
#macroValidViaAp       = 0
#macroNoAp             = 0

complete pin access
cpu time = 00:00:19, elapsed time = 00:00:05, memory = 153.93 (MB), peak = 171.48 (MB)

post process guides ...
GCELLGRID X 0 DO 107 STEP 6900 ;
GCELLGRID Y 0 DO 106 STEP 6900 ;
  complete 10000 orig guides
  complete 20000 orig guides
  complete 30000 orig guides
  complete 40000 orig guides
  complete 50000 orig guides
  complete 60000 orig guides
  complete 70000 orig guides
  complete 80000 orig guides
  complete 90000 orig guides
  complete 100000 orig guides
  complete FR_MASTERSLICE
  complete FR_VIA
  complete li1
  complete mcon
  complete met1
  complete via
  complete met2
  complete via2
  complete met3
  complete via3
  complete met4
  complete via4
  complete met5
  complete 10000 nets

building cmap ... 

init guide query ...
  complete 10000 nets (guide)
  complete FR_MASTERSLICE (guide)
  complete FR_VIA (guide)
  complete li1 (guide)
  complete mcon (guide)
  complete met1 (guide)
  complete via (guide)
  complete met2 (guide)
  complete via2 (guide)
  complete met3 (guide)
  complete via3 (guide)
  complete met4 (guide)
  complete via4 (guide)
  complete met5 (guide)

FR_MASTERSLICE guide region query size = 0
FR_VIA guide region query size = 0
li1 guide region query size = 50641
mcon guide region query size = 0
met1 guide region query size = 44747
via guide region query size = 0
met2 guide region query size = 24815
via2 guide region query size = 0
met3 guide region query size = 1277
via3 guide region query size = 0
met4 guide region query size = 150
via4 guide region query size = 0
met5 guide region query size = 0

init gr pin query ...


start track assignment
Done with 75606 vertical wires in 3 frboxes and 46024 horizontal wires in 3 frboxes.
Done with 11839 vertical wires in 3 frboxes and 17104 horizontal wires in 3 frboxes.

complete track assignment
cpu time = 00:00:20, elapsed time = 00:00:11, memory = 248.09 (MB), peak = 483.54 (MB)

post processing ...

start routing data preparation
initVia2ViaMinLen_minSpc li1 (d2d, d2u, u2d, u2u) = (0, 0, 0, 370)
initVia2ViaMinLen_minSpc met1 (d2d, d2u, u2d, u2u) = (430, 445, 445, 460)
initVia2ViaMinLen_minSpc met2 (d2d, d2u, u2d, u2u) = (460, 485, 485, 630)
initVia2ViaMinLen_minSpc met3 (d2d, d2u, u2d, u2u) = (630, 655, 655, 680)
initVia2ViaMinLen_minSpc met4 (d2d, d2u, u2d, u2u) = (630, 1055, 1055, 3020)
initVia2ViaMinLen_minSpc met5 (d2d, d2u, u2d, u2u) = (1480, 0, 0, 0)
initVia2ViaMinLen_minimumcut li1 (d2d, d2u, u2d, u2u) = (0, 0, 0, 370)
initVia2ViaMinLen_minimumcut li1 zerolen (b, b, b, b) = (1, 1, 1, 1)
initVia2ViaMinLen_minimumcut met1 (d2d, d2u, u2d, u2u) = (430, 445, 445, 460)
initVia2ViaMinLen_minimumcut met1 zerolen (b, b, b, b) = (1, 1, 1, 1)
initVia2ViaMinLen_minimumcut met2 (d2d, d2u, u2d, u2u) = (460, 485, 485, 630)
initVia2ViaMinLen_minimumcut met2 zerolen (b, b, b, b) = (1, 1, 1, 1)
initVia2ViaMinLen_minimumcut met3 (d2d, d2u, u2d, u2u) = (630, 655, 655, 680)
initVia2ViaMinLen_minimumcut met3 zerolen (b, b, b, b) = (1, 1, 1, 1)
initVia2ViaMinLen_minimumcut met4 (d2d, d2u, u2d, u2u) = (630, 1055, 1055, 3020)
initVia2ViaMinLen_minimumcut met4 zerolen (b, b, b, b) = (1, 1, 1, 1)
initVia2ViaMinLen_minimumcut met5 (d2d, d2u, u2d, u2u) = (1480, 0, 0, 0)
initVia2ViaMinLen_minimumcut met5 zerolen (b, b, b, b) = (1, 1, 1, 1)
initVia2ViaMinLenNew_minSpc li1 (d2d-x, d2d-y, d2u-x, d2u-y, u2d-x, u2d-y, u2u-x, u2u-y) = (0, 0, 0, 0, 0, 0, 430, 370)
initVia2ViaMinLenNew_minSpc met1 (d2d-x, d2d-y, d2u-x, d2u-y, u2d-x, u2d-y, u2u-x, u2u-y) = (430, 370, 445, 385, 445, 385, 460, 460)
initVia2ViaMinLenNew_minSpc met2 (d2d-x, d2d-y, d2u-x, d2u-y, u2d-x, u2d-y, u2u-x, u2u-y) = (460, 460, 410, 485, 410, 485, 630, 630)
initVia2ViaMinLenNew_minSpc met3 (d2d-x, d2d-y, d2u-x, d2u-y, u2d-x, u2d-y, u2u-x, u2u-y) = (630, 630, 655, 625, 655, 625, 680, 630)
initVia2ViaMinLenNew_minSpc met4 (d2d-x, d2d-y, d2u-x, d2u-y, u2d-x, u2d-y, u2u-x, u2u-y) = (680, 630, 1055, 1055, 1055, 1055, 3020, 3020)
initVia2ViaMinLenNew_minSpc met5 (d2d-x, d2d-y, d2u-x, d2u-y, u2d-x, u2d-y, u2u-x, u2u-y) = (1480, 1480, 0, 0, 0, 0, 0, 0)
initVia2ViaMinLenNew_minimumcut li1 (d2d-x, d2d-y, d2u-x, d2u-y, u2d-x, u2d-y, u2u-x, u2u-y) = (0, 0, 0, 0, 0, 0, 430, 370)
initVia2ViaMinLenNew_minimumcut met1 (d2d-x, d2d-y, d2u-x, d2u-y, u2d-x, u2d-y, u2u-x, u2u-y) = (430, 370, 445, 385, 445, 385, 460, 460)
initVia2ViaMinLenNew_minimumcut met2 (d2d-x, d2d-y, d2u-x, d2u-y, u2d-x, u2d-y, u2u-x, u2u-y) = (460, 460, 410, 485, 410, 485, 630, 630)
initVia2ViaMinLenNew_minimumcut met3 (d2d-x, d2d-y, d2u-x, d2u-y, u2d-x, u2d-y, u2u-x, u2u-y) = (630, 630, 655, 625, 655, 625, 680, 630)
initVia2ViaMinLenNew_minimumcut met4 (d2d-x, d2d-y, d2u-x, d2u-y, u2d-x, u2d-y, u2u-x, u2u-y) = (680, 630, 1055, 1055, 1055, 1055, 3020, 3020)
initVia2ViaMinLenNew_minimumcut met5 (d2d-x, d2d-y, d2u-x, d2u-y, u2d-x, u2d-y, u2u-x, u2u-y) = (1480, 1480, 0, 0, 0, 0, 0, 0)
initVia2ViaMinLenNew_cutSpc li1 (d2d-x, d2d-y, d2u-x, d2u-y, u2d-x, u2d-y, u2u-x, u2u-y) = (0, 0, 0, 0, 0, 0, 430, 370)
initVia2ViaMinLenNew_cutSpc met1 (d2d-x, d2d-y, d2u-x, d2u-y, u2d-x, u2d-y, u2u-x, u2u-y) = (430, 370, 445, 385, 445, 385, 460, 460)
initVia2ViaMinLenNew_cutSpc met2 (d2d-x, d2d-y, d2u-x, d2u-y, u2d-x, u2d-y, u2u-x, u2u-y) = (460, 460, 410, 485, 410, 485, 630, 630)
initVia2ViaMinLenNew_cutSpc met3 (d2d-x, d2d-y, d2u-x, d2u-y, u2d-x, u2d-y, u2u-x, u2u-y) = (630, 630, 655, 625, 655, 625, 680, 630)
initVia2ViaMinLenNew_cutSpc met4 (d2d-x, d2d-y, d2u-x, d2u-y, u2d-x, u2d-y, u2u-x, u2u-y) = (680, 630, 1055, 1055, 1055, 1055, 3020, 3020)
initVia2ViaMinLenNew_cutSpc met5 (d2d-x, d2d-y, d2u-x, d2u-y, u2d-x, u2d-y, u2u-x, u2u-y) = (1600, 1600, 0, 0, 0, 0, 0, 0)
cpu time = 00:00:00, elapsed time = 00:00:00, memory = 248.09 (MB), peak = 483.54 (MB)

start detail routing ...
start 0th optimization iteration ...
    completing 10% with 0 violations
    elapsed time = 00:00:12, memory = 368.79 (MB)
    completing 20% with 0 violations
    elapsed time = 00:00:30, memory = 376.25 (MB)
    completing 30% with 3349 violations
    elapsed time = 00:00:35, memory = 362.99 (MB)
    completing 40% with 3349 violations
    elapsed time = 00:00:56, memory = 393.61 (MB)
    completing 50% with 3349 violations
    elapsed time = 00:01:09, memory = 407.07 (MB)
    completing 60% with 6728 violations
    elapsed time = 00:01:27, memory = 415.34 (MB)
    completing 70% with 6728 violations
    elapsed time = 00:01:47, memory = 417.91 (MB)
    completing 80% with 10141 violations
    elapsed time = 00:01:54, memory = 413.50 (MB)
    completing 90% with 10141 violations
    elapsed time = 00:02:19, memory = 447.93 (MB)
    completing 100% with 13477 violations
    elapsed time = 00:02:28, memory = 398.13 (MB)
  number of violations = 16499
cpu time = 00:09:13, elapsed time = 00:02:31, memory = 786.03 (MB), peak = 786.20 (MB)
total wire length = 1129739 um
total wire length on LAYER li1 = 512 um
total wire length on LAYER met1 = 520440 um
total wire length on LAYER met2 = 493905 um
total wire length on LAYER met3 = 96026 um
total wire length on LAYER met4 = 18853 um
total wire length on LAYER met5 = 0 um
total number of vias = 143931
up-via summary (total 143931):

-------------------------
 FR_MASTERSLICE         0
            li1     60682
           met1     79275
           met2      3608
           met3       366
           met4         0
-------------------------
                   143931


start 1st optimization iteration ...
    completing 10% with 16499 violations
    elapsed time = 00:00:14, memory = 828.93 (MB)
    completing 20% with 16499 violations
    elapsed time = 00:00:33, memory = 837.96 (MB)
    completing 30% with 13966 violations
    elapsed time = 00:00:39, memory = 838.16 (MB)
    completing 40% with 13966 violations
    elapsed time = 00:01:03, memory = 838.25 (MB)
    completing 50% with 13966 violations
    elapsed time = 00:01:17, memory = 840.81 (MB)
    completing 60% with 11793 violations
    elapsed time = 00:01:37, memory = 840.81 (MB)
    completing 70% with 11793 violations
    elapsed time = 00:01:57, memory = 840.81 (MB)
    completing 80% with 9659 violations
    elapsed time = 00:02:04, memory = 840.81 (MB)
    completing 90% with 9659 violations
    elapsed time = 00:02:33, memory = 842.02 (MB)
    completing 100% with 7413 violations
    elapsed time = 00:02:41, memory = 845.37 (MB)
  number of violations = 7433
cpu time = 00:10:00, elapsed time = 00:02:42, memory = 845.37 (MB), peak = 847.78 (MB)
total wire length = 1123600 um
total wire length on LAYER li1 = 494 um
total wire length on LAYER met1 = 517561 um
total wire length on LAYER met2 = 490491 um
total wire length on LAYER met3 = 96318 um
total wire length on LAYER met4 = 18732 um
total wire length on LAYER met5 = 0 um
total number of vias = 143615
up-via summary (total 143615):

-------------------------
 FR_MASTERSLICE         0
            li1     60560
           met1     78978
           met2      3714
           met3       363
           met4         0
-------------------------
                   143615


start 2nd optimization iteration ...
    completing 10% with 7433 violations
    elapsed time = 00:00:08, memory = 845.37 (MB)
    completing 20% with 7433 violations
    elapsed time = 00:00:27, memory = 845.42 (MB)
    completing 30% with 7470 violations
    elapsed time = 00:00:32, memory = 845.42 (MB)
    completing 40% with 7470 violations
    elapsed time = 00:00:49, memory = 845.42 (MB)
    completing 50% with 7470 violations
    elapsed time = 00:01:01, memory = 845.42 (MB)
    completing 60% with 7372 violations
    elapsed time = 00:01:13, memory = 845.42 (MB)
    completing 70% with 7372 violations
    elapsed time = 00:01:30, memory = 845.43 (MB)
    completing 80% with 7269 violations
    elapsed time = 00:01:36, memory = 845.43 (MB)
    completing 90% with 7269 violations
    elapsed time = 00:01:56, memory = 845.43 (MB)
    completing 100% with 7053 violations
    elapsed time = 00:02:04, memory = 845.43 (MB)
  number of violations = 7066
cpu time = 00:08:07, elapsed time = 00:02:06, memory = 845.43 (MB), peak = 847.78 (MB)
total wire length = 1121673 um
total wire length on LAYER li1 = 457 um
total wire length on LAYER met1 = 516718 um
total wire length on LAYER met2 = 489934 um
total wire length on LAYER met3 = 95979 um
total wire length on LAYER met4 = 18584 um
total wire length on LAYER met5 = 0 um
total number of vias = 143032
up-via summary (total 143032):

-------------------------
 FR_MASTERSLICE         0
            li1     60538
           met1     78472
           met2      3677
           met3       345
           met4         0
-------------------------
                   143032


start 3rd optimization iteration ...
    completing 10% with 7066 violations
    elapsed time = 00:00:07, memory = 845.43 (MB)
    completing 20% with 7066 violations
    elapsed time = 00:00:17, memory = 853.94 (MB)
    completing 30% with 5510 violations
    elapsed time = 00:00:20, memory = 825.36 (MB)
    completing 40% with 5510 violations
    elapsed time = 00:00:34, memory = 842.68 (MB)
    completing 50% with 5510 violations
    elapsed time = 00:03:05, memory = 843.98 (MB)
    completing 60% with 3942 violations
    elapsed time = 00:03:20, memory = 844.04 (MB)
    completing 70% with 3942 violations
    elapsed time = 00:03:29, memory = 846.10 (MB)
    completing 80% with 2340 violations
    elapsed time = 00:03:34, memory = 846.10 (MB)
    completing 90% with 2340 violations
    elapsed time = 00:03:47, memory = 846.30 (MB)
    completing 100% with 482 violations
    elapsed time = 00:03:53, memory = 793.83 (MB)
  number of violations = 482
cpu time = 00:05:34, elapsed time = 00:03:55, memory = 793.83 (MB), peak = 853.94 (MB)
total wire length = 1118768 um
total wire length on LAYER li1 = 442 um
total wire length on LAYER met1 = 483171 um
total wire length on LAYER met2 = 487866 um
total wire length on LAYER met3 = 126877 um
total wire length on LAYER met4 = 20410 um
total wire length on LAYER met5 = 0 um
total number of vias = 146548
up-via summary (total 146548):

-------------------------
 FR_MASTERSLICE         0
            li1     60542
           met1     78654
           met2      6835
           met3       517
           met4         0
-------------------------
                   146548


start 4th optimization iteration ...
    completing 10% with 482 violations
    elapsed time = 00:00:01, memory = 828.89 (MB)
    completing 20% with 482 violations
    elapsed time = 00:00:03, memory = 839.46 (MB)
    completing 30% with 399 violations
    elapsed time = 00:00:04, memory = 798.54 (MB)
    completing 40% with 399 violations
    elapsed time = 00:00:06, memory = 829.29 (MB)
    completing 50% with 399 violations
    elapsed time = 00:00:09, memory = 840.12 (MB)
    completing 60% with 282 violations
    elapsed time = 00:00:11, memory = 832.58 (MB)
    completing 70% with 282 violations
    elapsed time = 00:00:14, memory = 851.14 (MB)
    completing 80% with 161 violations
    elapsed time = 00:00:15, memory = 803.48 (MB)
    completing 90% with 161 violations
    elapsed time = 00:00:16, memory = 823.59 (MB)
    completing 100% with 24 violations
    elapsed time = 00:00:18, memory = 827.71 (MB)
  number of violations = 24
cpu time = 00:01:02, elapsed time = 00:00:18, memory = 827.71 (MB), peak = 853.94 (MB)
total wire length = 1118649 um
total wire length on LAYER li1 = 440 um
total wire length on LAYER met1 = 481879 um
total wire length on LAYER met2 = 487744 um
total wire length on LAYER met3 = 128116 um
total wire length on LAYER met4 = 20468 um
total wire length on LAYER met5 = 0 um
total number of vias = 146593
up-via summary (total 146593):

-------------------------
 FR_MASTERSLICE         0
            li1     60543
           met1     78608
           met2      6920
           met3       522
           met4         0
-------------------------
                   146593


start 5th optimization iteration ...
    completing 10% with 24 violations
    elapsed time = 00:00:00, memory = 827.71 (MB)
    completing 20% with 24 violations
    elapsed time = 00:00:01, memory = 827.71 (MB)
    completing 30% with 20 violations
    elapsed time = 00:00:02, memory = 827.80 (MB)
    completing 40% with 20 violations
    elapsed time = 00:00:03, memory = 827.80 (MB)
    completing 50% with 20 violations
    elapsed time = 00:00:04, memory = 827.80 (MB)
    completing 60% with 16 violations
    elapsed time = 00:00:04, memory = 827.80 (MB)
    completing 70% with 16 violations
    elapsed time = 00:00:06, memory = 830.38 (MB)
    completing 80% with 14 violations
    elapsed time = 00:00:07, memory = 791.01 (MB)
    completing 90% with 14 violations
    elapsed time = 00:00:08, memory = 810.86 (MB)
    completing 100% with 4 violations
    elapsed time = 00:00:08, memory = 810.94 (MB)
  number of violations = 4
cpu time = 00:00:32, elapsed time = 00:00:09, memory = 810.94 (MB), peak = 853.94 (MB)
total wire length = 1118652 um
total wire length on LAYER li1 = 439 um
total wire length on LAYER met1 = 481829 um
total wire length on LAYER met2 = 487738 um
total wire length on LAYER met3 = 128176 um
total wire length on LAYER met4 = 20468 um
total wire length on LAYER met5 = 0 um
total number of vias = 146596
up-via summary (total 146596):

-------------------------
 FR_MASTERSLICE         0
            li1     60541
           met1     78605
           met2      6928
           met3       522
           met4         0
-------------------------
                   146596


start 6th optimization iteration ...
    completing 10% with 4 violations
    elapsed time = 00:00:00, memory = 810.94 (MB)
    completing 20% with 4 violations
    elapsed time = 00:00:01, memory = 810.94 (MB)
    completing 30% with 4 violations
    elapsed time = 00:00:02, memory = 810.94 (MB)
    completing 40% with 4 violations
    elapsed time = 00:00:03, memory = 810.94 (MB)
    completing 50% with 4 violations
    elapsed time = 00:00:04, memory = 810.94 (MB)
    completing 60% with 4 violations
    elapsed time = 00:00:05, memory = 810.94 (MB)
    completing 70% with 4 violations
    elapsed time = 00:00:06, memory = 810.94 (MB)
    completing 80% with 4 violations
    elapsed time = 00:00:06, memory = 810.94 (MB)
    completing 90% with 4 violations
    elapsed time = 00:00:07, memory = 810.94 (MB)
    completing 100% with 4 violations
    elapsed time = 00:00:08, memory = 810.94 (MB)
  number of violations = 4
cpu time = 00:00:29, elapsed time = 00:00:08, memory = 810.94 (MB), peak = 853.94 (MB)
total wire length = 1118652 um
total wire length on LAYER li1 = 439 um
total wire length on LAYER met1 = 481829 um
total wire length on LAYER met2 = 487738 um
total wire length on LAYER met3 = 128176 um
total wire length on LAYER met4 = 20468 um
total wire length on LAYER met5 = 0 um
total number of vias = 146596
up-via summary (total 146596):

-------------------------
 FR_MASTERSLICE         0
            li1     60541
           met1     78605
           met2      6928
           met3       522
           met4         0
-------------------------
                   146596


start 7th optimization iteration ...
    completing 10% with 4 violations
    elapsed time = 00:00:00, memory = 810.94 (MB)
    completing 20% with 4 violations
    elapsed time = 00:00:01, memory = 810.94 (MB)
    completing 30% with 4 violations
    elapsed time = 00:00:02, memory = 810.94 (MB)
    completing 40% with 4 violations
    elapsed time = 00:00:03, memory = 810.94 (MB)
    completing 50% with 4 violations
    elapsed time = 00:00:03, memory = 810.94 (MB)
    completing 60% with 4 violations
    elapsed time = 00:00:04, memory = 810.94 (MB)
    completing 70% with 4 violations
    elapsed time = 00:00:05, memory = 810.94 (MB)
    completing 80% with 4 violations
    elapsed time = 00:00:06, memory = 810.94 (MB)
    completing 90% with 4 violations
    elapsed time = 00:00:07, memory = 810.94 (MB)
    completing 100% with 3 violations
    elapsed time = 00:00:08, memory = 810.94 (MB)
  number of violations = 3
cpu time = 00:00:29, elapsed time = 00:00:08, memory = 810.94 (MB), peak = 853.94 (MB)
total wire length = 1118652 um
total wire length on LAYER li1 = 439 um
total wire length on LAYER met1 = 481829 um
total wire length on LAYER met2 = 487738 um
total wire length on LAYER met3 = 128175 um
total wire length on LAYER met4 = 20468 um
total wire length on LAYER met5 = 0 um
total number of vias = 146596
up-via summary (total 146596):

-------------------------
 FR_MASTERSLICE         0
            li1     60541
           met1     78605
           met2      6928
           met3       522
           met4         0
-------------------------
                   146596


start 8th optimization iteration ...
    completing 10% with 3 violations
    elapsed time = 00:00:00, memory = 810.94 (MB)
    completing 20% with 3 violations
    elapsed time = 00:00:01, memory = 810.94 (MB)
    completing 30% with 3 violations
    elapsed time = 00:00:02, memory = 810.94 (MB)
    completing 40% with 3 violations
    elapsed time = 00:00:03, memory = 810.94 (MB)
    completing 50% with 3 violations
    elapsed time = 00:00:04, memory = 810.94 (MB)
    completing 60% with 3 violations
    elapsed time = 00:00:04, memory = 810.94 (MB)
    completing 70% with 3 violations
    elapsed time = 00:00:05, memory = 810.94 (MB)
    completing 80% with 3 violations
    elapsed time = 00:00:06, memory = 810.94 (MB)
    completing 90% with 3 violations
    elapsed time = 00:00:07, memory = 810.94 (MB)
    completing 100% with 3 violations
    elapsed time = 00:00:07, memory = 810.94 (MB)
  number of violations = 3
cpu time = 00:00:28, elapsed time = 00:00:08, memory = 810.94 (MB), peak = 853.94 (MB)
total wire length = 1118652 um
total wire length on LAYER li1 = 439 um
total wire length on LAYER met1 = 481829 um
total wire length on LAYER met2 = 487738 um
total wire length on LAYER met3 = 128175 um
total wire length on LAYER met4 = 20468 um
total wire length on LAYER met5 = 0 um
total number of vias = 146596
up-via summary (total 146596):

-------------------------
 FR_MASTERSLICE         0
            li1     60541
           met1     78605
           met2      6928
           met3       522
           met4         0
-------------------------
                   146596


start 9th optimization iteration ...
    completing 10% with 3 violations
    elapsed time = 00:00:00, memory = 810.94 (MB)
    completing 20% with 3 violations
    elapsed time = 00:00:01, memory = 810.94 (MB)
    completing 30% with 2 violations
    elapsed time = 00:00:01, memory = 810.94 (MB)
    completing 40% with 2 violations
    elapsed time = 00:00:02, memory = 810.94 (MB)
    completing 50% with 2 violations
    elapsed time = 00:00:03, memory = 810.94 (MB)
    completing 60% with 2 violations
    elapsed time = 00:00:04, memory = 810.94 (MB)
    completing 70% with 2 violations
    elapsed time = 00:00:05, memory = 810.94 (MB)
    completing 80% with 2 violations
    elapsed time = 00:00:05, memory = 810.94 (MB)
    completing 90% with 2 violations
    elapsed time = 00:00:06, memory = 810.94 (MB)
    completing 100% with 2 violations
    elapsed time = 00:00:07, memory = 810.94 (MB)
  number of violations = 2
cpu time = 00:00:29, elapsed time = 00:00:08, memory = 810.94 (MB), peak = 853.94 (MB)
total wire length = 1118652 um
total wire length on LAYER li1 = 439 um
total wire length on LAYER met1 = 481829 um
total wire length on LAYER met2 = 487738 um
total wire length on LAYER met3 = 128176 um
total wire length on LAYER met4 = 20468 um
total wire length on LAYER met5 = 0 um
total number of vias = 146596
up-via summary (total 146596):

-------------------------
 FR_MASTERSLICE         0
            li1     60541
           met1     78605
           met2      6928
           met3       522
           met4         0
-------------------------
                   146596


start 10th optimization iteration ...
    completing 10% with 2 violations
    elapsed time = 00:00:01, memory = 810.94 (MB)
    completing 20% with 2 violations
    elapsed time = 00:00:02, memory = 810.94 (MB)
    completing 30% with 2 violations
    elapsed time = 00:00:02, memory = 810.94 (MB)
    completing 40% with 2 violations
    elapsed time = 00:00:03, memory = 810.94 (MB)
    completing 50% with 2 violations
    elapsed time = 00:00:04, memory = 810.94 (MB)
    completing 60% with 2 violations
    elapsed time = 00:00:05, memory = 810.94 (MB)
    completing 70% with 2 violations
    elapsed time = 00:00:06, memory = 810.94 (MB)
    completing 80% with 2 violations
    elapsed time = 00:00:07, memory = 810.94 (MB)
    completing 90% with 2 violations
    elapsed time = 00:00:07, memory = 810.94 (MB)
    completing 100% with 2 violations
    elapsed time = 00:00:08, memory = 810.94 (MB)
  number of violations = 2
cpu time = 00:00:32, elapsed time = 00:00:08, memory = 810.94 (MB), peak = 853.94 (MB)
total wire length = 1118652 um
total wire length on LAYER li1 = 439 um
total wire length on LAYER met1 = 481829 um
total wire length on LAYER met2 = 487738 um
total wire length on LAYER met3 = 128176 um
total wire length on LAYER met4 = 20468 um
total wire length on LAYER met5 = 0 um
total number of vias = 146596
up-via summary (total 146596):

-------------------------
 FR_MASTERSLICE         0
            li1     60541
           met1     78605
           met2      6928
           met3       522
           met4         0
-------------------------
                   146596


start 11th optimization iteration ...
    completing 10% with 2 violations
    elapsed time = 00:00:00, memory = 810.94 (MB)
    completing 20% with 2 violations
    elapsed time = 00:00:01, memory = 810.94 (MB)
    completing 30% with 2 violations
    elapsed time = 00:00:02, memory = 810.94 (MB)
    completing 40% with 2 violations
    elapsed time = 00:00:03, memory = 810.94 (MB)
    completing 50% with 2 violations
    elapsed time = 00:00:04, memory = 810.94 (MB)
    completing 60% with 2 violations
    elapsed time = 00:00:05, memory = 810.94 (MB)
    completing 70% with 2 violations
    elapsed time = 00:00:06, memory = 810.94 (MB)
    completing 80% with 2 violations
    elapsed time = 00:00:07, memory = 810.94 (MB)
    completing 90% with 2 violations
    elapsed time = 00:00:08, memory = 810.94 (MB)
    completing 100% with 2 violations
    elapsed time = 00:00:09, memory = 810.94 (MB)
  number of violations = 2
cpu time = 00:00:34, elapsed time = 00:00:09, memory = 810.94 (MB), peak = 853.94 (MB)
total wire length = 1118652 um
total wire length on LAYER li1 = 439 um
total wire length on LAYER met1 = 481829 um
total wire length on LAYER met2 = 487738 um
total wire length on LAYER met3 = 128176 um
total wire length on LAYER met4 = 20468 um
total wire length on LAYER met5 = 0 um
total number of vias = 146596
up-via summary (total 146596):

-------------------------
 FR_MASTERSLICE         0
            li1     60541
           met1     78605
           met2      6928
           met3       522
           met4         0
-------------------------
                   146596


start 12th optimization iteration ...
    completing 10% with 2 violations
    elapsed time = 00:00:00, memory = 810.94 (MB)
    completing 20% with 2 violations
    elapsed time = 00:00:01, memory = 810.94 (MB)
    completing 30% with 2 violations
    elapsed time = 00:00:02, memory = 810.94 (MB)
    completing 40% with 2 violations
    elapsed time = 00:00:03, memory = 810.94 (MB)
    completing 50% with 2 violations
    elapsed time = 00:00:04, memory = 810.94 (MB)
    completing 60% with 2 violations
    elapsed time = 00:00:05, memory = 810.94 (MB)
    completing 70% with 2 violations
    elapsed time = 00:00:06, memory = 810.94 (MB)
    completing 80% with 2 violations
    elapsed time = 00:00:07, memory = 810.94 (MB)
    completing 90% with 2 violations
    elapsed time = 00:00:08, memory = 810.94 (MB)
    completing 100% with 2 violations
    elapsed time = 00:00:08, memory = 810.94 (MB)
  number of violations = 2
cpu time = 00:00:33, elapsed time = 00:00:09, memory = 810.94 (MB), peak = 853.94 (MB)
total wire length = 1118652 um
total wire length on LAYER li1 = 439 um
total wire length on LAYER met1 = 481829 um
total wire length on LAYER met2 = 487738 um
total wire length on LAYER met3 = 128176 um
total wire length on LAYER met4 = 20468 um
total wire length on LAYER met5 = 0 um
total number of vias = 146596
up-via summary (total 146596):

-------------------------
 FR_MASTERSLICE         0
            li1     60541
           met1     78605
           met2      6928
           met3       522
           met4         0
-------------------------
                   146596


start 13th optimization iteration ...
    completing 10% with 2 violations
    elapsed time = 00:00:00, memory = 810.94 (MB)
    completing 20% with 2 violations
    elapsed time = 00:00:01, memory = 810.94 (MB)
    completing 30% with 2 violations
    elapsed time = 00:00:02, memory = 810.94 (MB)
    completing 40% with 2 violations
    elapsed time = 00:00:03, memory = 810.94 (MB)
    completing 50% with 2 violations
    elapsed time = 00:00:04, memory = 810.94 (MB)
    completing 60% with 2 violations
    elapsed time = 00:00:05, memory = 810.94 (MB)
    completing 70% with 2 violations
    elapsed time = 00:00:06, memory = 810.94 (MB)
    completing 80% with 2 violations
    elapsed time = 00:00:07, memory = 810.94 (MB)
    completing 90% with 2 violations
    elapsed time = 00:00:08, memory = 810.94 (MB)
    completing 100% with 2 violations
    elapsed time = 00:00:09, memory = 810.94 (MB)
  number of violations = 2
cpu time = 00:00:34, elapsed time = 00:00:09, memory = 810.94 (MB), peak = 853.94 (MB)
total wire length = 1118652 um
total wire length on LAYER li1 = 439 um
total wire length on LAYER met1 = 481829 um
total wire length on LAYER met2 = 487738 um
total wire length on LAYER met3 = 128176 um
total wire length on LAYER met4 = 20468 um
total wire length on LAYER met5 = 0 um
total number of vias = 146596
up-via summary (total 146596):

-------------------------
 FR_MASTERSLICE         0
            li1     60541
           met1     78605
           met2      6928
           met3       522
           met4         0
-------------------------
                   146596


start 14th optimization iteration ...
    completing 10% with 2 violations
    elapsed time = 00:00:00, memory = 810.94 (MB)
    completing 20% with 2 violations
    elapsed time = 00:00:01, memory = 810.94 (MB)
    completing 30% with 2 violations
    elapsed time = 00:00:02, memory = 810.94 (MB)
    completing 40% with 2 violations
    elapsed time = 00:00:03, memory = 810.94 (MB)
    completing 50% with 2 violations
    elapsed time = 00:00:04, memory = 810.94 (MB)
    completing 60% with 2 violations
    elapsed time = 00:00:05, memory = 810.94 (MB)
    completing 70% with 2 violations
    elapsed time = 00:00:06, memory = 810.94 (MB)
    completing 80% with 2 violations
    elapsed time = 00:00:07, memory = 810.94 (MB)
    completing 90% with 2 violations
    elapsed time = 00:00:08, memory = 810.94 (MB)
    completing 100% with 2 violations
    elapsed time = 00:00:09, memory = 810.94 (MB)
  number of violations = 2
cpu time = 00:00:34, elapsed time = 00:00:09, memory = 810.94 (MB), peak = 853.94 (MB)
total wire length = 1118652 um
total wire length on LAYER li1 = 439 um
total wire length on LAYER met1 = 481829 um
total wire length on LAYER met2 = 487738 um
total wire length on LAYER met3 = 128176 um
total wire length on LAYER met4 = 20468 um
total wire length on LAYER met5 = 0 um
total number of vias = 146596
up-via summary (total 146596):

-------------------------
 FR_MASTERSLICE         0
            li1     60541
           met1     78605
           met2      6928
           met3       522
           met4         0
-------------------------
                   146596


start 15th optimization iteration ...
    completing 10% with 2 violations
    elapsed time = 00:00:00, memory = 810.94 (MB)
    completing 20% with 2 violations
    elapsed time = 00:00:01, memory = 810.94 (MB)
    completing 30% with 2 violations
    elapsed time = 00:00:02, memory = 810.94 (MB)
    completing 40% with 2 violations
    elapsed time = 00:00:03, memory = 810.94 (MB)
    completing 50% with 2 violations
    elapsed time = 00:00:04, memory = 810.94 (MB)
    completing 60% with 2 violations
    elapsed time = 00:00:05, memory = 810.94 (MB)
    completing 70% with 2 violations
    elapsed time = 00:00:06, memory = 810.94 (MB)
    completing 80% with 2 violations
    elapsed time = 00:00:07, memory = 810.94 (MB)
    completing 90% with 2 violations
    elapsed time = 00:00:08, memory = 810.94 (MB)
    completing 100% with 2 violations
    elapsed time = 00:00:09, memory = 810.94 (MB)
  number of violations = 2
cpu time = 00:00:34, elapsed time = 00:00:09, memory = 810.94 (MB), peak = 853.94 (MB)
total wire length = 1118652 um
total wire length on LAYER li1 = 439 um
total wire length on LAYER met1 = 481829 um
total wire length on LAYER met2 = 487738 um
total wire length on LAYER met3 = 128176 um
total wire length on LAYER met4 = 20468 um
total wire length on LAYER met5 = 0 um
total number of vias = 146596
up-via summary (total 146596):

-------------------------
 FR_MASTERSLICE         0
            li1     60541
           met1     78605
           met2      6928
           met3       522
           met4         0
-------------------------
                   146596


start 16th optimization iteration ...
    completing 10% with 2 violations
    elapsed time = 00:00:00, memory = 810.94 (MB)
    completing 20% with 2 violations
    elapsed time = 00:00:01, memory = 810.94 (MB)
    completing 30% with 2 violations
    elapsed time = 00:00:02, memory = 810.94 (MB)
    completing 40% with 2 violations
    elapsed time = 00:00:03, memory = 810.94 (MB)
    completing 50% with 2 violations
    elapsed time = 00:00:04, memory = 810.94 (MB)
    completing 60% with 2 violations
    elapsed time = 00:00:05, memory = 810.94 (MB)
    completing 70% with 2 violations
    elapsed time = 00:00:06, memory = 810.94 (MB)
    completing 80% with 2 violations
    elapsed time = 00:00:07, memory = 810.94 (MB)
    completing 90% with 2 violations
    elapsed time = 00:00:08, memory = 810.94 (MB)
    completing 100% with 2 violations
    elapsed time = 00:00:09, memory = 810.94 (MB)
  number of violations = 2
cpu time = 00:00:35, elapsed time = 00:00:09, memory = 810.94 (MB), peak = 853.94 (MB)
total wire length = 1118652 um
total wire length on LAYER li1 = 439 um
total wire length on LAYER met1 = 481829 um
total wire length on LAYER met2 = 487738 um
total wire length on LAYER met3 = 128176 um
total wire length on LAYER met4 = 20468 um
total wire length on LAYER met5 = 0 um
total number of vias = 146596
up-via summary (total 146596):

-------------------------
 FR_MASTERSLICE         0
            li1     60541
           met1     78605
           met2      6928
           met3       522
           met4         0
-------------------------
                   146596


start 17th optimization iteration ...
    completing 10% with 2 violations
    elapsed time = 00:00:00, memory = 810.94 (MB)
    completing 20% with 2 violations
    elapsed time = 00:00:01, memory = 810.94 (MB)
    completing 30% with 2 violations
    elapsed time = 00:00:02, memory = 810.94 (MB)
    completing 40% with 2 violations
    elapsed time = 00:00:04, memory = 810.94 (MB)
    completing 50% with 2 violations
    elapsed time = 00:00:05, memory = 810.94 (MB)
    completing 60% with 5 violations
    elapsed time = 00:00:06, memory = 810.94 (MB)
    completing 70% with 5 violations
    elapsed time = 00:00:07, memory = 810.94 (MB)
    completing 80% with 5 violations
    elapsed time = 00:00:08, memory = 810.94 (MB)
    completing 90% with 5 violations
    elapsed time = 00:00:09, memory = 810.94 (MB)
    completing 100% with 5 violations
    elapsed time = 00:00:10, memory = 810.94 (MB)
  number of violations = 5
cpu time = 00:00:38, elapsed time = 00:00:10, memory = 810.94 (MB), peak = 853.94 (MB)
total wire length = 1118529 um
total wire length on LAYER li1 = 438 um
total wire length on LAYER met1 = 481633 um
total wire length on LAYER met2 = 487695 um
total wire length on LAYER met3 = 128293 um
total wire length on LAYER met4 = 20468 um
total wire length on LAYER met5 = 0 um
total number of vias = 146567
up-via summary (total 146567):

-------------------------
 FR_MASTERSLICE         0
            li1     60538
           met1     78579
           met2      6928
           met3       522
           met4         0
-------------------------
                   146567


start 18th optimization iteration ...
    completing 10% with 5 violations
    elapsed time = 00:00:01, memory = 810.94 (MB)
    completing 20% with 5 violations
    elapsed time = 00:00:02, memory = 810.94 (MB)
    completing 30% with 5 violations
    elapsed time = 00:00:03, memory = 810.94 (MB)
    completing 40% with 5 violations
    elapsed time = 00:00:04, memory = 810.94 (MB)
    completing 50% with 5 violations
    elapsed time = 00:00:05, memory = 810.94 (MB)
    completing 60% with 5 violations
    elapsed time = 00:00:06, memory = 810.94 (MB)
    completing 70% with 5 violations
    elapsed time = 00:00:07, memory = 810.94 (MB)
    completing 80% with 5 violations
    elapsed time = 00:00:08, memory = 810.94 (MB)
    completing 90% with 5 violations
    elapsed time = 00:00:08, memory = 810.94 (MB)
    completing 100% with 3 violations
    elapsed time = 00:00:09, memory = 810.94 (MB)
  number of violations = 3
cpu time = 00:00:35, elapsed time = 00:00:09, memory = 810.94 (MB), peak = 853.94 (MB)
total wire length = 1118530 um
total wire length on LAYER li1 = 438 um
total wire length on LAYER met1 = 481634 um
total wire length on LAYER met2 = 487696 um
total wire length on LAYER met3 = 128292 um
total wire length on LAYER met4 = 20468 um
total wire length on LAYER met5 = 0 um
total number of vias = 146567
up-via summary (total 146567):

-------------------------
 FR_MASTERSLICE         0
            li1     60538
           met1     78579
           met2      6928
           met3       522
           met4         0
-------------------------
                   146567


start 19th optimization iteration ...
    completing 10% with 3 violations
    elapsed time = 00:00:00, memory = 810.94 (MB)
    completing 20% with 3 violations
    elapsed time = 00:00:01, memory = 810.94 (MB)
    completing 30% with 3 violations
    elapsed time = 00:00:02, memory = 810.94 (MB)
    completing 40% with 3 violations
    elapsed time = 00:00:03, memory = 810.94 (MB)
    completing 50% with 3 violations
    elapsed time = 00:00:04, memory = 810.94 (MB)
    completing 60% with 3 violations
    elapsed time = 00:00:05, memory = 810.94 (MB)
    completing 70% with 3 violations
    elapsed time = 00:00:06, memory = 810.94 (MB)
    completing 80% with 3 violations
    elapsed time = 00:00:07, memory = 810.94 (MB)
    completing 90% with 3 violations
    elapsed time = 00:00:08, memory = 810.94 (MB)
    completing 100% with 3 violations
    elapsed time = 00:00:08, memory = 810.94 (MB)
  number of violations = 3
cpu time = 00:00:32, elapsed time = 00:00:08, memory = 810.94 (MB), peak = 853.94 (MB)
total wire length = 1118530 um
total wire length on LAYER li1 = 438 um
total wire length on LAYER met1 = 481634 um
total wire length on LAYER met2 = 487696 um
total wire length on LAYER met3 = 128292 um
total wire length on LAYER met4 = 20468 um
total wire length on LAYER met5 = 0 um
total number of vias = 146567
up-via summary (total 146567):

-------------------------
 FR_MASTERSLICE         0
            li1     60538
           met1     78579
           met2      6928
           met3       522
           met4         0
-------------------------
                   146567


start 20th optimization iteration ...
    completing 10% with 3 violations
    elapsed time = 00:00:00, memory = 810.94 (MB)
    completing 20% with 3 violations
    elapsed time = 00:00:01, memory = 810.94 (MB)
    completing 30% with 3 violations
    elapsed time = 00:00:02, memory = 810.94 (MB)
    completing 40% with 3 violations
    elapsed time = 00:00:03, memory = 810.94 (MB)
    completing 50% with 3 violations
    elapsed time = 00:00:04, memory = 810.94 (MB)
    completing 60% with 3 violations
    elapsed time = 00:00:05, memory = 810.94 (MB)
    completing 70% with 3 violations
    elapsed time = 00:00:06, memory = 810.94 (MB)
    completing 80% with 3 violations
    elapsed time = 00:00:07, memory = 810.94 (MB)
    completing 90% with 3 violations
    elapsed time = 00:00:07, memory = 810.94 (MB)
    completing 100% with 3 violations
    elapsed time = 00:00:08, memory = 810.94 (MB)
  number of violations = 3
cpu time = 00:00:33, elapsed time = 00:00:08, memory = 810.94 (MB), peak = 853.94 (MB)
total wire length = 1118530 um
total wire length on LAYER li1 = 438 um
total wire length on LAYER met1 = 481634 um
total wire length on LAYER met2 = 487696 um
total wire length on LAYER met3 = 128292 um
total wire length on LAYER met4 = 20468 um
total wire length on LAYER met5 = 0 um
total number of vias = 146567
up-via summary (total 146567):

-------------------------
 FR_MASTERSLICE         0
            li1     60538
           met1     78579
           met2      6928
           met3       522
           met4         0
-------------------------
                   146567


start 21st optimization iteration ...
    completing 10% with 3 violations
    elapsed time = 00:00:00, memory = 810.94 (MB)
    completing 20% with 3 violations
    elapsed time = 00:00:01, memory = 810.94 (MB)
    completing 30% with 3 violations
    elapsed time = 00:00:02, memory = 810.94 (MB)
    completing 40% with 3 violations
    elapsed time = 00:00:03, memory = 810.94 (MB)
    completing 50% with 3 violations
    elapsed time = 00:00:04, memory = 810.94 (MB)
    completing 60% with 3 violations
    elapsed time = 00:00:05, memory = 810.94 (MB)
    completing 70% with 3 violations
    elapsed time = 00:00:06, memory = 810.94 (MB)
    completing 80% with 3 violations
    elapsed time = 00:00:07, memory = 810.94 (MB)
    completing 90% with 3 violations
    elapsed time = 00:00:08, memory = 810.94 (MB)
    completing 100% with 3 violations
    elapsed time = 00:00:09, memory = 810.94 (MB)
  number of violations = 3
cpu time = 00:00:34, elapsed time = 00:00:09, memory = 810.94 (MB), peak = 853.94 (MB)
total wire length = 1118530 um
total wire length on LAYER li1 = 438 um
total wire length on LAYER met1 = 481634 um
total wire length on LAYER met2 = 487696 um
total wire length on LAYER met3 = 128292 um
total wire length on LAYER met4 = 20468 um
total wire length on LAYER met5 = 0 um
total number of vias = 146567
up-via summary (total 146567):

-------------------------
 FR_MASTERSLICE         0
            li1     60538
           met1     78579
           met2      6928
           met3       522
           met4         0
-------------------------
                   146567


start 22nd optimization iteration ...
    completing 10% with 3 violations
    elapsed time = 00:00:00, memory = 810.94 (MB)
    completing 20% with 3 violations
    elapsed time = 00:00:01, memory = 810.94 (MB)
    completing 30% with 3 violations
    elapsed time = 00:00:02, memory = 810.94 (MB)
    completing 40% with 3 violations
    elapsed time = 00:00:03, memory = 810.94 (MB)
    completing 50% with 3 violations
    elapsed time = 00:00:04, memory = 810.94 (MB)
    completing 60% with 3 violations
    elapsed time = 00:00:05, memory = 810.94 (MB)
    completing 70% with 3 violations
    elapsed time = 00:00:06, memory = 810.94 (MB)
    completing 80% with 3 violations
    elapsed time = 00:00:07, memory = 810.94 (MB)
    completing 90% with 3 violations
    elapsed time = 00:00:08, memory = 810.94 (MB)
    completing 100% with 3 violations
    elapsed time = 00:00:08, memory = 810.94 (MB)
  number of violations = 3
cpu time = 00:00:33, elapsed time = 00:00:08, memory = 810.94 (MB), peak = 853.94 (MB)
total wire length = 1118530 um
total wire length on LAYER li1 = 438 um
total wire length on LAYER met1 = 481634 um
total wire length on LAYER met2 = 487696 um
total wire length on LAYER met3 = 128292 um
total wire length on LAYER met4 = 20468 um
total wire length on LAYER met5 = 0 um
total number of vias = 146567
up-via summary (total 146567):

-------------------------
 FR_MASTERSLICE         0
            li1     60538
           met1     78579
           met2      6928
           met3       522
           met4         0
-------------------------
                   146567


start 23rd optimization iteration ...
    completing 10% with 3 violations
    elapsed time = 00:00:00, memory = 810.94 (MB)
    completing 20% with 3 violations
    elapsed time = 00:00:01, memory = 810.94 (MB)
    completing 30% with 3 violations
    elapsed time = 00:00:02, memory = 810.94 (MB)
    completing 40% with 3 violations
    elapsed time = 00:00:03, memory = 810.94 (MB)
    completing 50% with 3 violations
    elapsed time = 00:00:04, memory = 810.94 (MB)
    completing 60% with 3 violations
    elapsed time = 00:00:05, memory = 810.94 (MB)
    completing 70% with 3 violations
    elapsed time = 00:00:06, memory = 810.94 (MB)
    completing 80% with 3 violations
    elapsed time = 00:00:06, memory = 810.94 (MB)
    completing 90% with 3 violations
    elapsed time = 00:00:08, memory = 810.94 (MB)
    completing 100% with 3 violations
    elapsed time = 00:00:08, memory = 810.94 (MB)
  number of violations = 3
cpu time = 00:00:33, elapsed time = 00:00:08, memory = 810.94 (MB), peak = 853.94 (MB)
total wire length = 1118530 um
total wire length on LAYER li1 = 438 um
total wire length on LAYER met1 = 481634 um
total wire length on LAYER met2 = 487696 um
total wire length on LAYER met3 = 128292 um
total wire length on LAYER met4 = 20468 um
total wire length on LAYER met5 = 0 um
total number of vias = 146567
up-via summary (total 146567):

-------------------------
 FR_MASTERSLICE         0
            li1     60538
           met1     78579
           met2      6928
           met3       522
           met4         0
-------------------------
                   146567


start 24th optimization iteration ...
    completing 10% with 3 violations
    elapsed time = 00:00:00, memory = 810.94 (MB)
    completing 20% with 3 violations
    elapsed time = 00:00:01, memory = 810.94 (MB)
    completing 30% with 2 violations
    elapsed time = 00:00:02, memory = 810.94 (MB)
    completing 40% with 2 violations
    elapsed time = 00:00:03, memory = 810.94 (MB)
    completing 50% with 2 violations
    elapsed time = 00:00:04, memory = 810.94 (MB)
    completing 60% with 2 violations
    elapsed time = 00:00:05, memory = 810.94 (MB)
    completing 70% with 2 violations
    elapsed time = 00:00:05, memory = 810.94 (MB)
    completing 80% with 2 violations
    elapsed time = 00:00:06, memory = 810.94 (MB)
    completing 90% with 2 violations
    elapsed time = 00:00:07, memory = 810.94 (MB)
    completing 100% with 2 violations
    elapsed time = 00:00:08, memory = 810.94 (MB)
  number of violations = 2
cpu time = 00:00:32, elapsed time = 00:00:08, memory = 810.94 (MB), peak = 853.94 (MB)
total wire length = 1118530 um
total wire length on LAYER li1 = 438 um
total wire length on LAYER met1 = 481634 um
total wire length on LAYER met2 = 487695 um
total wire length on LAYER met3 = 128293 um
total wire length on LAYER met4 = 20468 um
total wire length on LAYER met5 = 0 um
total number of vias = 146567
up-via summary (total 146567):

-------------------------
 FR_MASTERSLICE         0
            li1     60538
           met1     78579
           met2      6928
           met3       522
           met4         0
-------------------------
                   146567


start 25th optimization iteration ...
    completing 10% with 2 violations
    elapsed time = 00:00:00, memory = 810.94 (MB)
    completing 20% with 2 violations
    elapsed time = 00:00:01, memory = 810.94 (MB)
    completing 30% with 2 violations
    elapsed time = 00:00:02, memory = 810.94 (MB)
    completing 40% with 2 violations
    elapsed time = 00:00:03, memory = 810.94 (MB)
    completing 50% with 2 violations
    elapsed time = 00:00:04, memory = 810.94 (MB)
    completing 60% with 2 violations
    elapsed time = 00:00:06, memory = 810.94 (MB)
    completing 70% with 2 violations
    elapsed time = 00:00:07, memory = 810.94 (MB)
    completing 80% with 2 violations
    elapsed time = 00:00:08, memory = 810.94 (MB)
    completing 90% with 2 violations
    elapsed time = 00:00:09, memory = 810.94 (MB)
    completing 100% with 1 violations
    elapsed time = 00:00:10, memory = 810.94 (MB)
  number of violations = 1
cpu time = 00:00:40, elapsed time = 00:00:10, memory = 810.94 (MB), peak = 853.94 (MB)
total wire length = 1118539 um
total wire length on LAYER li1 = 436 um
total wire length on LAYER met1 = 481588 um
total wire length on LAYER met2 = 487700 um
total wire length on LAYER met3 = 128345 um
total wire length on LAYER met4 = 20468 um
total wire length on LAYER met5 = 0 um
total number of vias = 146578
up-via summary (total 146578):

-------------------------
 FR_MASTERSLICE         0
            li1     60536
           met1     78586
           met2      6934
           met3       522
           met4         0
-------------------------
                   146578


start 26th optimization iteration ...
    completing 10% with 1 violations
    elapsed time = 00:00:01, memory = 810.94 (MB)
    completing 20% with 1 violations
    elapsed time = 00:00:02, memory = 810.94 (MB)
    completing 30% with 1 violations
    elapsed time = 00:00:03, memory = 810.94 (MB)
    completing 40% with 1 violations
    elapsed time = 00:00:04, memory = 810.94 (MB)
    completing 50% with 1 violations
    elapsed time = 00:00:05, memory = 810.94 (MB)
    completing 60% with 1 violations
    elapsed time = 00:00:06, memory = 810.94 (MB)
    completing 70% with 1 violations
    elapsed time = 00:00:07, memory = 810.94 (MB)
    completing 80% with 1 violations
    elapsed time = 00:00:08, memory = 810.94 (MB)
    completing 90% with 1 violations
    elapsed time = 00:00:09, memory = 810.94 (MB)
    completing 100% with 1 violations
    elapsed time = 00:00:09, memory = 810.94 (MB)
  number of violations = 1
cpu time = 00:00:37, elapsed time = 00:00:10, memory = 810.94 (MB), peak = 853.94 (MB)
total wire length = 1118539 um
total wire length on LAYER li1 = 436 um
total wire length on LAYER met1 = 481588 um
total wire length on LAYER met2 = 487700 um
total wire length on LAYER met3 = 128345 um
total wire length on LAYER met4 = 20468 um
total wire length on LAYER met5 = 0 um
total number of vias = 146578
up-via summary (total 146578):

-------------------------
 FR_MASTERSLICE         0
            li1     60536
           met1     78586
           met2      6934
           met3       522
           met4         0
-------------------------
                   146578


start 27th optimization iteration ...
    completing 10% with 1 violations
    elapsed time = 00:00:00, memory = 810.94 (MB)
    completing 20% with 1 violations
    elapsed time = 00:00:01, memory = 810.94 (MB)
    completing 30% with 1 violations
    elapsed time = 00:00:02, memory = 810.94 (MB)
    completing 40% with 1 violations
    elapsed time = 00:00:03, memory = 810.94 (MB)
    completing 50% with 1 violations
    elapsed time = 00:00:04, memory = 810.94 (MB)
    completing 60% with 1 violations
    elapsed time = 00:00:05, memory = 810.94 (MB)
    completing 70% with 1 violations
    elapsed time = 00:00:07, memory = 810.94 (MB)
    completing 80% with 1 violations
    elapsed time = 00:00:07, memory = 810.94 (MB)
    completing 90% with 1 violations
    elapsed time = 00:00:08, memory = 810.94 (MB)
    completing 100% with 1 violations
    elapsed time = 00:00:09, memory = 810.94 (MB)
  number of violations = 1
cpu time = 00:00:36, elapsed time = 00:00:09, memory = 810.94 (MB), peak = 853.94 (MB)
total wire length = 1118539 um
total wire length on LAYER li1 = 436 um
total wire length on LAYER met1 = 481588 um
total wire length on LAYER met2 = 487700 um
total wire length on LAYER met3 = 128345 um
total wire length on LAYER met4 = 20468 um
total wire length on LAYER met5 = 0 um
total number of vias = 146578
up-via summary (total 146578):

-------------------------
 FR_MASTERSLICE         0
            li1     60536
           met1     78586
           met2      6934
           met3       522
           met4         0
-------------------------
                   146578


start 28th optimization iteration ...
    completing 10% with 1 violations
    elapsed time = 00:00:01, memory = 810.94 (MB)
    completing 20% with 1 violations
    elapsed time = 00:00:02, memory = 810.94 (MB)
    completing 30% with 1 violations
    elapsed time = 00:00:03, memory = 810.94 (MB)
    completing 40% with 1 violations
    elapsed time = 00:00:04, memory = 810.94 (MB)
    completing 50% with 1 violations
    elapsed time = 00:00:05, memory = 810.94 (MB)
    completing 60% with 1 violations
    elapsed time = 00:00:06, memory = 810.94 (MB)
    completing 70% with 1 violations
    elapsed time = 00:00:07, memory = 810.94 (MB)
    completing 80% with 1 violations
    elapsed time = 00:00:08, memory = 810.94 (MB)
    completing 90% with 1 violations
    elapsed time = 00:00:09, memory = 810.94 (MB)
    completing 100% with 1 violations
    elapsed time = 00:00:10, memory = 810.94 (MB)
  number of violations = 1
cpu time = 00:00:38, elapsed time = 00:00:10, memory = 810.94 (MB), peak = 853.94 (MB)
total wire length = 1118539 um
total wire length on LAYER li1 = 436 um
total wire length on LAYER met1 = 481588 um
total wire length on LAYER met2 = 487700 um
total wire length on LAYER met3 = 128345 um
total wire length on LAYER met4 = 20468 um
total wire length on LAYER met5 = 0 um
total number of vias = 146578
up-via summary (total 146578):

-------------------------
 FR_MASTERSLICE         0
            li1     60536
           met1     78586
           met2      6934
           met3       522
           met4         0
-------------------------
                   146578


start 29th optimization iteration ...
    completing 10% with 1 violations
    elapsed time = 00:00:00, memory = 810.94 (MB)
    completing 20% with 1 violations
    elapsed time = 00:00:02, memory = 810.94 (MB)
    completing 30% with 1 violations
    elapsed time = 00:00:02, memory = 810.94 (MB)
    completing 40% with 1 violations
    elapsed time = 00:00:03, memory = 810.94 (MB)
    completing 50% with 1 violations
    elapsed time = 00:00:05, memory = 810.94 (MB)
    completing 60% with 1 violations
    elapsed time = 00:00:06, memory = 810.94 (MB)
    completing 70% with 1 violations
    elapsed time = 00:00:07, memory = 810.94 (MB)
    completing 80% with 1 violations
    elapsed time = 00:00:07, memory = 810.94 (MB)
    completing 90% with 1 violations
    elapsed time = 00:00:09, memory = 810.94 (MB)
    completing 100% with 1 violations
    elapsed time = 00:00:09, memory = 810.94 (MB)
  number of violations = 1
cpu time = 00:00:37, elapsed time = 00:00:09, memory = 810.94 (MB), peak = 853.94 (MB)
total wire length = 1118539 um
total wire length on LAYER li1 = 436 um
total wire length on LAYER met1 = 481588 um
total wire length on LAYER met2 = 487700 um
total wire length on LAYER met3 = 128345 um
total wire length on LAYER met4 = 20468 um
total wire length on LAYER met5 = 0 um
total number of vias = 146578
up-via summary (total 146578):

-------------------------
 FR_MASTERSLICE         0
            li1     60536
           met1     78586
           met2      6934
           met3       522
           met4         0
-------------------------
                   146578


start 30th optimization iteration ...
    completing 10% with 1 violations
    elapsed time = 00:00:00, memory = 810.94 (MB)
    completing 20% with 1 violations
    elapsed time = 00:00:01, memory = 810.94 (MB)
    completing 30% with 1 violations
    elapsed time = 00:00:02, memory = 810.94 (MB)
    completing 40% with 1 violations
    elapsed time = 00:00:03, memory = 810.94 (MB)
    completing 50% with 1 violations
    elapsed time = 00:00:04, memory = 810.94 (MB)
    completing 60% with 1 violations
    elapsed time = 00:00:05, memory = 810.94 (MB)
    completing 70% with 1 violations
    elapsed time = 00:00:06, memory = 810.94 (MB)
    completing 80% with 1 violations
    elapsed time = 00:00:07, memory = 810.94 (MB)
    completing 90% with 1 violations
    elapsed time = 00:00:08, memory = 810.94 (MB)
    completing 100% with 1 violations
    elapsed time = 00:00:09, memory = 810.94 (MB)
  number of violations = 1
cpu time = 00:00:36, elapsed time = 00:00:09, memory = 810.94 (MB), peak = 853.94 (MB)
total wire length = 1118539 um
total wire length on LAYER li1 = 436 um
total wire length on LAYER met1 = 481588 um
total wire length on LAYER met2 = 487700 um
total wire length on LAYER met3 = 128345 um
total wire length on LAYER met4 = 20468 um
total wire length on LAYER met5 = 0 um
total number of vias = 146578
up-via summary (total 146578):

-------------------------
 FR_MASTERSLICE         0
            li1     60536
           met1     78586
           met2      6934
           met3       522
           met4         0
-------------------------
                   146578


start 31st optimization iteration ...
    completing 10% with 1 violations
    elapsed time = 00:00:00, memory = 810.94 (MB)
    completing 20% with 1 violations
    elapsed time = 00:00:01, memory = 810.94 (MB)
    completing 30% with 1 violations
    elapsed time = 00:00:02, memory = 810.94 (MB)
    completing 40% with 1 violations
    elapsed time = 00:00:03, memory = 810.94 (MB)
    completing 50% with 1 violations
    elapsed time = 00:00:04, memory = 810.94 (MB)
    completing 60% with 1 violations
    elapsed time = 00:00:05, memory = 810.94 (MB)
    completing 70% with 1 violations
    elapsed time = 00:00:06, memory = 810.94 (MB)
    completing 80% with 1 violations
    elapsed time = 00:00:07, memory = 810.94 (MB)
    completing 90% with 1 violations
    elapsed time = 00:00:09, memory = 810.94 (MB)
    completing 100% with 1 violations
    elapsed time = 00:00:09, memory = 810.94 (MB)
  number of violations = 1
cpu time = 00:00:37, elapsed time = 00:00:10, memory = 810.94 (MB), peak = 853.94 (MB)
total wire length = 1118539 um
total wire length on LAYER li1 = 436 um
total wire length on LAYER met1 = 481588 um
total wire length on LAYER met2 = 487700 um
total wire length on LAYER met3 = 128345 um
total wire length on LAYER met4 = 20468 um
total wire length on LAYER met5 = 0 um
total number of vias = 146578
up-via summary (total 146578):

-------------------------
 FR_MASTERSLICE         0
            li1     60536
           met1     78586
           met2      6934
           met3       522
           met4         0
-------------------------
                   146578


start 32nd optimization iteration ...
    completing 10% with 1 violations
    elapsed time = 00:00:00, memory = 810.94 (MB)
    completing 20% with 1 violations
    elapsed time = 00:00:01, memory = 810.94 (MB)
    completing 30% with 1 violations
    elapsed time = 00:00:02, memory = 810.94 (MB)
    completing 40% with 1 violations
    elapsed time = 00:00:03, memory = 810.94 (MB)
    completing 50% with 1 violations
    elapsed time = 00:00:04, memory = 810.94 (MB)
    completing 60% with 1 violations
    elapsed time = 00:00:05, memory = 810.94 (MB)
    completing 70% with 1 violations
    elapsed time = 00:00:06, memory = 810.94 (MB)
    completing 80% with 1 violations
    elapsed time = 00:00:07, memory = 810.94 (MB)
    completing 90% with 1 violations
    elapsed time = 00:00:08, memory = 810.94 (MB)
    completing 100% with 1 violations
    elapsed time = 00:00:09, memory = 810.94 (MB)
  number of violations = 1
cpu time = 00:00:37, elapsed time = 00:00:10, memory = 810.94 (MB), peak = 853.94 (MB)
total wire length = 1118539 um
total wire length on LAYER li1 = 436 um
total wire length on LAYER met1 = 481588 um
total wire length on LAYER met2 = 487700 um
total wire length on LAYER met3 = 128345 um
total wire length on LAYER met4 = 20468 um
total wire length on LAYER met5 = 0 um
total number of vias = 146578
up-via summary (total 146578):

-------------------------
 FR_MASTERSLICE         0
            li1     60536
           met1     78586
           met2      6934
           met3       522
           met4         0
-------------------------
                   146578


start 33rd optimization iteration ...
    completing 10% with 1 violations
    elapsed time = 00:00:01, memory = 810.94 (MB)
    completing 20% with 1 violations
    elapsed time = 00:00:02, memory = 810.94 (MB)
    completing 30% with 1 violations
    elapsed time = 00:00:03, memory = 810.94 (MB)
    completing 40% with 1 violations
    elapsed time = 00:00:05, memory = 810.94 (MB)
    completing 50% with 1 violations
    elapsed time = 00:00:06, memory = 810.94 (MB)
    completing 60% with 1 violations
    elapsed time = 00:00:07, memory = 810.94 (MB)
    completing 70% with 1 violations
    elapsed time = 00:00:09, memory = 810.94 (MB)
    completing 80% with 1 violations
    elapsed time = 00:00:10, memory = 810.94 (MB)
    completing 90% with 1 violations
    elapsed time = 00:00:11, memory = 810.94 (MB)
    completing 100% with 1 violations
    elapsed time = 00:00:13, memory = 810.94 (MB)
  number of violations = 1
cpu time = 00:00:49, elapsed time = 00:00:13, memory = 810.94 (MB), peak = 853.94 (MB)
total wire length = 1118545 um
total wire length on LAYER li1 = 436 um
total wire length on LAYER met1 = 481585 um
total wire length on LAYER met2 = 487703 um
total wire length on LAYER met3 = 128351 um
total wire length on LAYER met4 = 20468 um
total wire length on LAYER met5 = 0 um
total number of vias = 146580
up-via summary (total 146580):

-------------------------
 FR_MASTERSLICE         0
            li1     60536
           met1     78587
           met2      6935
           met3       522
           met4         0
-------------------------
                   146580


start 34th optimization iteration ...
    completing 10% with 1 violations
    elapsed time = 00:00:01, memory = 810.94 (MB)
    completing 20% with 1 violations
    elapsed time = 00:00:02, memory = 810.94 (MB)
    completing 30% with 1 violations
    elapsed time = 00:00:03, memory = 810.94 (MB)
    completing 40% with 1 violations
    elapsed time = 00:00:04, memory = 810.94 (MB)
    completing 50% with 1 violations
    elapsed time = 00:00:05, memory = 810.94 (MB)
    completing 60% with 1 violations
    elapsed time = 00:00:06, memory = 810.94 (MB)
    completing 70% with 1 violations
    elapsed time = 00:00:07, memory = 810.94 (MB)
    completing 80% with 1 violations
    elapsed time = 00:00:07, memory = 810.94 (MB)
    completing 90% with 1 violations
    elapsed time = 00:00:08, memory = 810.94 (MB)
    completing 100% with 1 violations
    elapsed time = 00:00:09, memory = 810.94 (MB)
  number of violations = 1
cpu time = 00:00:35, elapsed time = 00:00:09, memory = 810.94 (MB), peak = 853.94 (MB)
total wire length = 1118545 um
total wire length on LAYER li1 = 436 um
total wire length on LAYER met1 = 481585 um
total wire length on LAYER met2 = 487703 um
total wire length on LAYER met3 = 128351 um
total wire length on LAYER met4 = 20468 um
total wire length on LAYER met5 = 0 um
total number of vias = 146580
up-via summary (total 146580):

-------------------------
 FR_MASTERSLICE         0
            li1     60536
           met1     78587
           met2      6935
           met3       522
           met4         0
-------------------------
                   146580


start 35th optimization iteration ...
    completing 10% with 1 violations
    elapsed time = 00:00:00, memory = 810.94 (MB)
    completing 20% with 1 violations
    elapsed time = 00:00:01, memory = 810.94 (MB)
    completing 30% with 1 violations
    elapsed time = 00:00:02, memory = 810.94 (MB)
    completing 40% with 1 violations
    elapsed time = 00:00:03, memory = 810.94 (MB)
    completing 50% with 1 violations
    elapsed time = 00:00:04, memory = 810.94 (MB)
    completing 60% with 1 violations
    elapsed time = 00:00:06, memory = 810.94 (MB)
    completing 70% with 1 violations
    elapsed time = 00:00:07, memory = 810.94 (MB)
    completing 80% with 1 violations
    elapsed time = 00:00:07, memory = 810.94 (MB)
    completing 90% with 1 violations
    elapsed time = 00:00:08, memory = 810.94 (MB)
    completing 100% with 1 violations
    elapsed time = 00:00:09, memory = 810.94 (MB)
  number of violations = 1
cpu time = 00:00:35, elapsed time = 00:00:09, memory = 810.94 (MB), peak = 853.94 (MB)
total wire length = 1118545 um
total wire length on LAYER li1 = 436 um
total wire length on LAYER met1 = 481585 um
total wire length on LAYER met2 = 487703 um
total wire length on LAYER met3 = 128351 um
total wire length on LAYER met4 = 20468 um
total wire length on LAYER met5 = 0 um
total number of vias = 146580
up-via summary (total 146580):

-------------------------
 FR_MASTERSLICE         0
            li1     60536
           met1     78587
           met2      6935
           met3       522
           met4         0
-------------------------
                   146580


start 36th optimization iteration ...
    completing 10% with 1 violations
    elapsed time = 00:00:00, memory = 810.94 (MB)
    completing 20% with 1 violations
    elapsed time = 00:00:02, memory = 810.94 (MB)
    completing 30% with 1 violations
    elapsed time = 00:00:03, memory = 810.94 (MB)
    completing 40% with 1 violations
    elapsed time = 00:00:04, memory = 810.94 (MB)
    completing 50% with 1 violations
    elapsed time = 00:00:04, memory = 810.94 (MB)
    completing 60% with 1 violations
    elapsed time = 00:00:06, memory = 810.94 (MB)
    completing 70% with 1 violations
    elapsed time = 00:00:07, memory = 810.94 (MB)
    completing 80% with 1 violations
    elapsed time = 00:00:07, memory = 810.94 (MB)
    completing 90% with 1 violations
    elapsed time = 00:00:08, memory = 810.94 (MB)
    completing 100% with 1 violations
    elapsed time = 00:00:09, memory = 810.94 (MB)
  number of violations = 1
cpu time = 00:00:35, elapsed time = 00:00:09, memory = 810.94 (MB), peak = 853.94 (MB)
total wire length = 1118545 um
total wire length on LAYER li1 = 436 um
total wire length on LAYER met1 = 481585 um
total wire length on LAYER met2 = 487703 um
total wire length on LAYER met3 = 128351 um
total wire length on LAYER met4 = 20468 um
total wire length on LAYER met5 = 0 um
total number of vias = 146580
up-via summary (total 146580):

-------------------------
 FR_MASTERSLICE         0
            li1     60536
           met1     78587
           met2      6935
           met3       522
           met4         0
-------------------------
                   146580


start 37th optimization iteration ...
    completing 10% with 1 violations
    elapsed time = 00:00:00, memory = 810.94 (MB)
    completing 20% with 1 violations
    elapsed time = 00:00:01, memory = 810.94 (MB)
    completing 30% with 1 violations
    elapsed time = 00:00:02, memory = 810.94 (MB)
    completing 40% with 1 violations
    elapsed time = 00:00:03, memory = 810.94 (MB)
    completing 50% with 1 violations
    elapsed time = 00:00:04, memory = 810.94 (MB)
    completing 60% with 1 violations
    elapsed time = 00:00:05, memory = 810.94 (MB)
    completing 70% with 1 violations
    elapsed time = 00:00:06, memory = 810.94 (MB)
    completing 80% with 1 violations
    elapsed time = 00:00:07, memory = 810.94 (MB)
    completing 90% with 1 violations
    elapsed time = 00:00:08, memory = 810.94 (MB)
    completing 100% with 1 violations
    elapsed time = 00:00:08, memory = 810.94 (MB)
  number of violations = 1
cpu time = 00:00:33, elapsed time = 00:00:09, memory = 810.94 (MB), peak = 853.94 (MB)
total wire length = 1118545 um
total wire length on LAYER li1 = 436 um
total wire length on LAYER met1 = 481585 um
total wire length on LAYER met2 = 487703 um
total wire length on LAYER met3 = 128351 um
total wire length on LAYER met4 = 20468 um
total wire length on LAYER met5 = 0 um
total number of vias = 146580
up-via summary (total 146580):

-------------------------
 FR_MASTERSLICE         0
            li1     60536
           met1     78587
           met2      6935
           met3       522
           met4         0
-------------------------
                   146580


start 38th optimization iteration ...
    completing 10% with 1 violations
    elapsed time = 00:00:00, memory = 810.94 (MB)
    completing 20% with 1 violations
    elapsed time = 00:00:02, memory = 810.94 (MB)
    completing 30% with 1 violations
    elapsed time = 00:00:02, memory = 810.94 (MB)
    completing 40% with 1 violations
    elapsed time = 00:00:03, memory = 810.94 (MB)
    completing 50% with 1 violations
    elapsed time = 00:00:05, memory = 810.94 (MB)
    completing 60% with 1 violations
    elapsed time = 00:00:05, memory = 810.94 (MB)
    completing 70% with 1 violations
    elapsed time = 00:00:06, memory = 810.94 (MB)
    completing 80% with 1 violations
    elapsed time = 00:00:07, memory = 810.94 (MB)
    completing 90% with 1 violations
    elapsed time = 00:00:08, memory = 810.94 (MB)
    completing 100% with 1 violations
    elapsed time = 00:00:09, memory = 810.94 (MB)
  number of violations = 1
cpu time = 00:00:36, elapsed time = 00:00:09, memory = 810.94 (MB), peak = 853.94 (MB)
total wire length = 1118545 um
total wire length on LAYER li1 = 436 um
total wire length on LAYER met1 = 481585 um
total wire length on LAYER met2 = 487703 um
total wire length on LAYER met3 = 128351 um
total wire length on LAYER met4 = 20468 um
total wire length on LAYER met5 = 0 um
total number of vias = 146580
up-via summary (total 146580):

-------------------------
 FR_MASTERSLICE         0
            li1     60536
           met1     78587
           met2      6935
           met3       522
           met4         0
-------------------------
                   146580


start 39th optimization iteration ...
    completing 10% with 1 violations
    elapsed time = 00:00:00, memory = 810.94 (MB)
    completing 20% with 1 violations
    elapsed time = 00:00:01, memory = 810.94 (MB)
    completing 30% with 1 violations
    elapsed time = 00:00:02, memory = 810.94 (MB)
    completing 40% with 1 violations
    elapsed time = 00:00:03, memory = 810.94 (MB)
    completing 50% with 1 violations
    elapsed time = 00:00:04, memory = 810.94 (MB)
    completing 60% with 1 violations
    elapsed time = 00:00:05, memory = 810.94 (MB)
    completing 70% with 1 violations
    elapsed time = 00:00:06, memory = 810.94 (MB)
    completing 80% with 1 violations
    elapsed time = 00:00:07, memory = 810.94 (MB)
    completing 90% with 1 violations
    elapsed time = 00:00:08, memory = 810.94 (MB)
    completing 100% with 1 violations
    elapsed time = 00:00:09, memory = 810.94 (MB)
  number of violations = 1
cpu time = 00:00:36, elapsed time = 00:00:10, memory = 810.94 (MB), peak = 853.94 (MB)
total wire length = 1118545 um
total wire length on LAYER li1 = 436 um
total wire length on LAYER met1 = 481585 um
total wire length on LAYER met2 = 487703 um
total wire length on LAYER met3 = 128351 um
total wire length on LAYER met4 = 20468 um
total wire length on LAYER met5 = 0 um
total number of vias = 146580
up-via summary (total 146580):

-------------------------
 FR_MASTERSLICE         0
            li1     60536
           met1     78587
           met2      6935
           met3       522
           met4         0
-------------------------
                   146580


start 40th optimization iteration ...
    completing 10% with 1 violations
    elapsed time = 00:00:00, memory = 810.94 (MB)
    completing 20% with 1 violations
    elapsed time = 00:00:01, memory = 810.94 (MB)
    completing 30% with 1 violations
    elapsed time = 00:00:02, memory = 810.94 (MB)
    completing 40% with 1 violations
    elapsed time = 00:00:04, memory = 810.94 (MB)
    completing 50% with 1 violations
    elapsed time = 00:00:05, memory = 810.94 (MB)
    completing 60% with 1 violations
    elapsed time = 00:00:06, memory = 810.94 (MB)
    completing 70% with 1 violations
    elapsed time = 00:00:07, memory = 810.94 (MB)
    completing 80% with 1 violations
    elapsed time = 00:00:08, memory = 810.94 (MB)
    completing 90% with 1 violations
    elapsed time = 00:00:09, memory = 810.94 (MB)
    completing 100% with 1 violations
    elapsed time = 00:00:10, memory = 810.94 (MB)
  number of violations = 1
cpu time = 00:00:39, elapsed time = 00:00:10, memory = 810.94 (MB), peak = 853.94 (MB)
total wire length = 1118545 um
total wire length on LAYER li1 = 436 um
total wire length on LAYER met1 = 481585 um
total wire length on LAYER met2 = 487703 um
total wire length on LAYER met3 = 128351 um
total wire length on LAYER met4 = 20468 um
total wire length on LAYER met5 = 0 um
total number of vias = 146580
up-via summary (total 146580):

-------------------------
 FR_MASTERSLICE         0
            li1     60536
           met1     78587
           met2      6935
           met3       522
           met4         0
-------------------------
                   146580


start 41st optimization iteration ...
    completing 10% with 1 violations
    elapsed time = 00:00:01, memory = 810.94 (MB)
    completing 20% with 1 violations
    elapsed time = 00:00:02, memory = 810.94 (MB)
    completing 30% with 1 violations
    elapsed time = 00:00:03, memory = 810.94 (MB)
    completing 40% with 1 violations
    elapsed time = 00:00:05, memory = 810.94 (MB)
    completing 50% with 1 violations
    elapsed time = 00:00:07, memory = 810.94 (MB)
    completing 60% with 1 violations
    elapsed time = 00:00:08, memory = 810.94 (MB)
    completing 70% with 1 violations
    elapsed time = 00:00:10, memory = 810.94 (MB)
    completing 80% with 0 violations
    elapsed time = 00:00:11, memory = 810.94 (MB)
    completing 90% with 0 violations
    elapsed time = 00:00:12, memory = 810.94 (MB)
    completing 100% with 0 violations
    elapsed time = 00:00:14, memory = 810.94 (MB)
  number of violations = 0
cpu time = 00:00:53, elapsed time = 00:00:14, memory = 810.94 (MB), peak = 853.94 (MB)
total wire length = 1118545 um
total wire length on LAYER li1 = 436 um
total wire length on LAYER met1 = 481591 um
total wire length on LAYER met2 = 487702 um
total wire length on LAYER met3 = 128346 um
total wire length on LAYER met4 = 20468 um
total wire length on LAYER met5 = 0 um
total number of vias = 146582
up-via summary (total 146582):

-------------------------
 FR_MASTERSLICE         0
            li1     60536
           met1     78589
           met2      6935
           met3       522
           met4         0
-------------------------
                   146582


start 49th optimization iteration ...
    completing 10% with 0 violations
    elapsed time = 00:00:01, memory = 810.94 (MB)
    completing 20% with 0 violations
    elapsed time = 00:00:02, memory = 810.94 (MB)
    completing 30% with 0 violations
    elapsed time = 00:00:04, memory = 810.94 (MB)
    completing 40% with 0 violations
    elapsed time = 00:00:05, memory = 810.94 (MB)
    completing 50% with 0 violations
    elapsed time = 00:00:06, memory = 810.94 (MB)
    completing 60% with 0 violations
    elapsed time = 00:00:08, memory = 810.94 (MB)
    completing 70% with 0 violations
    elapsed time = 00:00:09, memory = 810.94 (MB)
    completing 80% with 0 violations
    elapsed time = 00:00:10, memory = 810.94 (MB)
    completing 90% with 0 violations
    elapsed time = 00:00:12, memory = 810.94 (MB)
    completing 100% with 0 violations
    elapsed time = 00:00:13, memory = 810.94 (MB)
  number of violations = 0
cpu time = 00:00:50, elapsed time = 00:00:13, memory = 810.94 (MB), peak = 853.94 (MB)
total wire length = 1118545 um
total wire length on LAYER li1 = 436 um
total wire length on LAYER met1 = 481591 um
total wire length on LAYER met2 = 487702 um
total wire length on LAYER met3 = 128346 um
total wire length on LAYER met4 = 20468 um
total wire length on LAYER met5 = 0 um
total number of vias = 146582
up-via summary (total 146582):

-------------------------
 FR_MASTERSLICE         0
            li1     60536
           met1     78589
           met2      6935
           met3       522
           met4         0
-------------------------
                   146582


start 57th optimization iteration ...
    completing 10% with 0 violations
    elapsed time = 00:00:01, memory = 810.94 (MB)
    completing 20% with 0 violations
    elapsed time = 00:00:02, memory = 810.94 (MB)
    completing 30% with 0 violations
    elapsed time = 00:00:03, memory = 810.94 (MB)
    completing 40% with 0 violations
    elapsed time = 00:00:05, memory = 810.94 (MB)
    completing 50% with 0 violations
    elapsed time = 00:00:06, memory = 810.94 (MB)
    completing 60% with 0 violations
    elapsed time = 00:00:07, memory = 810.94 (MB)
    completing 70% with 0 violations
    elapsed time = 00:00:09, memory = 810.94 (MB)
    completing 80% with 0 violations
    elapsed time = 00:00:10, memory = 810.94 (MB)
    completing 90% with 0 violations
    elapsed time = 00:00:12, memory = 810.94 (MB)
    completing 100% with 0 violations
    elapsed time = 00:00:13, memory = 810.94 (MB)
  number of violations = 0
cpu time = 00:00:50, elapsed time = 00:00:13, memory = 810.94 (MB), peak = 853.94 (MB)
total wire length = 1118545 um
total wire length on LAYER li1 = 436 um
total wire length on LAYER met1 = 481591 um
total wire length on LAYER met2 = 487702 um
total wire length on LAYER met3 = 128346 um
total wire length on LAYER met4 = 20468 um
total wire length on LAYER met5 = 0 um
total number of vias = 146582
up-via summary (total 146582):

-------------------------
 FR_MASTERSLICE         0
            li1     60536
           met1     78589
           met2      6935
           met3       522
           met4         0
-------------------------
                   146582


complete detail routing
total wire length = 1118545 um
total wire length on LAYER li1 = 436 um
total wire length on LAYER met1 = 481591 um
total wire length on LAYER met2 = 487702 um
total wire length on LAYER met3 = 128346 um
total wire length on LAYER met4 = 20468 um
total wire length on LAYER met5 = 0 um
total number of vias = 146582
up-via summary (total 146582):

-------------------------
 FR_MASTERSLICE         0
            li1     60536
           met1     78589
           met2      6935
           met3       522
           met4         0
-------------------------
                   146582

cpu time = 00:57:41, elapsed time = 00:18:01, memory = 810.94 (MB), peak = 853.94 (MB)

post processing ...

Runtime taken (hrt): 1101.89
