[INFO]: Current run directory is /openLANE_flow/designs/picorv32a/runs/19-01_13-50
[INFO]: Preparing LEF Files
[INFO]: Extracting the number of available metal layers from /home/vsduser/Desktop/work/tools/openlane_working_dir/pdks/sky130A/libs.ref/sky130_fd_sc_hd/techlef/sky130_fd_sc_hd.tlef
[INFO]: The number of available metal layers is 6
[INFO]: The available metal layers are li1 met1 met2 met3 met4 met5
[INFO]: Merging LEF Files...
[INFO]: Merging the following extra LEFs: /openLANE_flow/designs/picorv32a/src/sky130_vsdinv.lef
[INFO]: Trimming Liberty...
[INFO]: Generating Exclude List...
[INFO]: Storing configs into config.tcl ...
[INFO]: Preparation complete
[INFO]: Merging /openLANE_flow/designs/picorv32a/src/sky130_vsdinv.lef
[INFO]: Running Synthesis...
[INFO]: current step index: 3
[INFO]: Changing netlist from /openLANE_flow/designs/picorv32a/runs/19-01_13-50/results/synthesis/picorv32a.synthesis.v to /openLANE_flow/designs/picorv32a/runs/19-01_13-50/results/synthesis/picorv32a.synthesis.v
[INFO]: Running Static Timing Analysis...
[INFO]: current step index: 4
[INFO]: Synthesis was successful
[INFO]: Running Initial Floorplanning...
[INFO]: current step index: 5
[INFO]: Core area width: 720.36
[INFO]: Core area height: 718.08
[INFO]: Changing layout from 0 to /openLANE_flow/designs/picorv32a/runs/19-01_13-50/tmp/floorplan/5-verilog2def_openroad.def
[INFO]: Running IO Placement...
[INFO]: current step index: 6
[INFO]: Changing layout from /openLANE_flow/designs/picorv32a/runs/19-01_13-50/tmp/floorplan/5-verilog2def_openroad.def to /openLANE_flow/designs/picorv32a/runs/19-01_13-50/tmp/floorplan/6-ioPlacer.def
[INFO]: Running Tap/Decap Insertion...
[INFO]: current step index: 7
[INFO]: Changing layout from /openLANE_flow/designs/picorv32a/runs/19-01_13-50/tmp/floorplan/6-ioPlacer.def to /openLANE_flow/designs/picorv32a/runs/19-01_13-50/results/floorplan/picorv32a.floorplan.def
[INFO]: Power planning the following nets
[INFO]: Power: VPWR
[INFO]: Ground: VGND
[INFO]: Generating PDN...
[INFO]: current step index: 8
[INFO]: PDN generation was successful.
[INFO]: Changing layout from /openLANE_flow/designs/picorv32a/runs/19-01_13-50/results/floorplan/picorv32a.floorplan.def to /openLANE_flow/designs/picorv32a/runs/19-01_13-50/tmp/floorplan/8-pdn.def
[INFO]: Running Placement...
[INFO]: Running Global Placement...
[INFO]: current step index: 9
[INFO]: Global placement was successful
[INFO]: Changing layout from /openLANE_flow/designs/picorv32a/runs/19-01_13-50/tmp/floorplan/8-pdn.def to /openLANE_flow/designs/picorv32a/runs/19-01_13-50/tmp/placement/9-replace.def
[INFO]: Skipping OpenPhySyn Timing Optimizations.
[INFO]: Running Resizer Design Optimizations...
[INFO]: Generating Exclude List...
[INFO]: Creating ::env(DONT_USE_CELLS)...
[INFO]: Changing layout from /openLANE_flow/designs/picorv32a/runs/19-01_13-50/tmp/placement/9-replace.def to /openLANE_flow/designs/picorv32a/runs/19-01_13-50/tmp/placement/9-resizer.def
[INFO]: Writing Verilog...
[INFO]: current step index: 10
[INFO]: Changing netlist from /openLANE_flow/designs/picorv32a/runs/19-01_13-50/results/synthesis/picorv32a.synthesis.v to /openLANE_flow/designs/picorv32a/runs/19-01_13-50/results/synthesis/picorv32a.synthesis_optimized.v
[INFO]: Running Static Timing Analysis...
[INFO]: current step index: 11
[INFO]: Running Detailed Placement...
[INFO]: current step index: 12
[INFO]: Changing layout from /openLANE_flow/designs/picorv32a/runs/19-01_13-50/tmp/placement/9-resizer.def to /openLANE_flow/designs/picorv32a/runs/19-01_13-50/results/placement/picorv32a.placement.def
[INFO]: Changing layout from /openLANE_flow/designs/picorv32a/runs/19-01_13-50/results/placement/picorv32a.placement.def to /openLANE_flow/designs/picorv32a/runs/19-01_13-50/results/placement/picorv32a.placement.def
[INFO]: Taking a Screenshot of the Layout Using Klayout...
[INFO]: current step index: 13
[INFO]: Screenshot taken.
[INFO]: Running TritonCTS...
[INFO]: current step index: 14
[INFO]: Trimming Liberty...
[INFO]: Generating Exclude List...
[INFO]: Clock Tree Synthesis was successful
[INFO]: Changing layout from /openLANE_flow/designs/picorv32a/runs/19-01_13-50/results/placement/picorv32a.placement.def to /openLANE_flow/designs/picorv32a/runs/19-01_13-50/results/cts/picorv32a.cts.def
[INFO]: Writing Verilog...
[INFO]: current step index: 15
[INFO]: Changing netlist from /openLANE_flow/designs/picorv32a/runs/19-01_13-50/results/synthesis/picorv32a.synthesis_optimized.v to /openLANE_flow/designs/picorv32a/runs/19-01_13-50/results/synthesis/picorv32a.synthesis_cts.v
[INFO]: Taking a Screenshot of the Layout Using Klayout...
[INFO]: current step index: 16
[INFO]: Screenshot taken.
[INFO]: Running TritonCTS...
[INFO]: current step index: 17
[INFO]: Clock Tree Synthesis was successful
[INFO]: Changing layout from /openLANE_flow/designs/picorv32a/runs/19-01_13-50/results/placement/picorv32a.placement.def to /openLANE_flow/designs/picorv32a/runs/19-01_13-50/results/cts/picorv32a.cts.def
[INFO]: Writing Verilog...
[INFO]: current step index: 18
[INFO]: Changing netlist from /openLANE_flow/designs/picorv32a/runs/19-01_13-50/results/synthesis/picorv32a.synthesis_cts.v to /openLANE_flow/designs/picorv32a/runs/19-01_13-50/results/synthesis/picorv32a.synthesis_cts.v
[INFO]: Taking a Screenshot of the Layout Using Klayout...
[INFO]: current step index: 19
[INFO]: Screenshot taken.
[WARNING]: A run for picorv32a with tag '19-01_13-50' already exists. Pass -overwrite option to overwrite it
[INFO]: Now you can run commands that pick up where '19-01_13-50' left off
[INFO]: Current run directory is /openLANE_flow/designs/picorv32a/runs/19-01_13-50
[INFO]: Sourcing /openLANE_flow/designs/picorv32a/runs/19-01_13-50/config.tcl
Any changes to the DESIGN config file will NOT be applied
[INFO]: Storing configs into config.tcl ...
[INFO]: Preparation complete
[INFO]: Merging /openLANE_flow/designs/picorv32a/src/sky130_vsdinv.lef
[INFO]: Merging /openLANE_flow/designs/picorv32a/src/sky130_vsdinv.lef
[INFO]: Merging /openLANE_flow/designs/picorv32a/src/sky130_vsdinv.lef
[WARNING]: A run for picorv32a with tag '19-01_13-50' already exists. Pass -overwrite option to overwrite it
[INFO]: Now you can run commands that pick up where '19-01_13-50' left off
[INFO]: Current run directory is /openLANE_flow/designs/picorv32a/runs/19-01_13-50
[INFO]: Sourcing /openLANE_flow/designs/picorv32a/runs/19-01_13-50/config.tcl
Any changes to the DESIGN config file will NOT be applied
[INFO]: Storing configs into config.tcl ...
[INFO]: Preparation complete
[INFO]: Merging /openLANE_flow/designs/picorv32a/src/sky130_vsdinv.lef
[WARNING]: A run for picorv32a with tag '19-01_13-50' already exists. Pass -overwrite option to overwrite it
[INFO]: Now you can run commands that pick up where '19-01_13-50' left off
[INFO]: Current run directory is /openLANE_flow/designs/picorv32a/runs/19-01_13-50
[INFO]: Sourcing /openLANE_flow/designs/picorv32a/runs/19-01_13-50/config.tcl
Any changes to the DESIGN config file will NOT be applied
[INFO]: Storing configs into config.tcl ...
[INFO]: Preparation complete
[INFO]: Merging /openLANE_flow/designs/picorv32a/src/sky130_vsdinv.lef
[INFO]: Running Synthesis...
[WARNING]: A netlist at /openLANE_flow/designs/picorv32a/runs/19-01_13-50/results/synthesis/picorv32a.synthesis.v already exists...
[WARNING]: Skipping synthesis
[INFO]: Changing netlist from 0 to /openLANE_flow/designs/picorv32a/runs/19-01_13-50/results/synthesis/picorv32a.synthesis.v
[INFO]: Running Static Timing Analysis...
[INFO]: current step index: 1
[INFO]: Synthesis was successful
[INFO]: Running Initial Floorplanning...
[INFO]: current step index: 2
[ERROR]: during executing: "openroad -exit /openLANE_flow/scripts/openroad/or_floorplan.tcl |& tee >&@stdout /openLANE_flow/designs/picorv32a/runs/19-01_13-50/logs/floorplan/2-verilog2def.openroad.log"
[ERROR]: Exit code: 1
[ERROR]: Last 10 lines:
child process exited abnormally

[ERROR]: Please check openroad  log file
[ERROR]: Dumping to /openLANE_flow/designs/picorv32a/runs/19-01_13-50/error.log
[INFO]: Calculating Runtime From the Start...
[INFO]: Flow failed for picorv32a/19-01_21-56 in 0h2m28s
[INFO]: Generating Final Summary Report...
[INFO]: Design Name: picorv32a
Run Directory: /openLANE_flow/designs/picorv32a/runs/19-01_13-50
Source not found.
----------------------------------------

LVS Summary:
Source: /openLANE_flow/designs/picorv32a/runs/19-01_13-50/results/lvs/picorv32a.lvs_parsed.gds.log
Source not found.
----------------------------------------

Antenna Summary:
No antenna report found.
[INFO]: check full report here: /openLANE_flow/designs/picorv32a/runs/19-01_13-50/reports/final_summary_report.csv
[ERROR]: Flow Failed.
