OpenROAD 0.9.0 1415572a73
This program is licensed under the BSD-3 license. See the LICENSE file for details.
Components of this program may be licensed under more restrictive licenses which must be honored.
Warning: /home/vsduser/Desktop/work/tools/openlane_working_dir/pdks/sky130A/libs.ref/sky130_fd_sc_hd/lib/sky130_fd_sc_hd__tt_025C_1v80.lib line 31, default_operating_condition tt_025C_1v80 not found.
Notice 0: Reading LEF file:  /openLANE_flow/designs/picorv32a/runs/11-01_08-49/tmp/merged_unpadded.lef
Notice 0:     Created 13 technology layers
Notice 0:     Created 25 technology vias
Notice 0:     Created 440 library cells
Notice 0: Finished LEF file:  /openLANE_flow/designs/picorv32a/runs/11-01_08-49/tmp/merged_unpadded.lef
Notice 0: 
Reading DEF file: /openLANE_flow/designs/picorv32a/runs/11-01_08-49/results/floorplan/picorv32a.floorplan.def
Notice 0: Design: picorv32a
Notice 0:     Created 409 pins.
Notice 0:     Created 21230 components and 129257 component-terminals.
Notice 0:     Created 14978 nets and 56051 connections.
Notice 0: Finished DEF file: /openLANE_flow/designs/picorv32a/runs/11-01_08-49/results/floorplan/picorv32a.floorplan.def
[INFO] [PDNG-0016] Power Delivery Network Generator: Generating PDN
[INFO] [PDNG-0016]   config: /home/vsduser/Desktop/work/tools/openlane_working_dir/pdks/sky130A/libs.tech/openlane/common_pdn.tcl
[INFO] [PDNG-0008] Design Name is picorv32a
[INFO] [PDNG-0009] Reading technology data
[INFO] [PDNG-0011] ****** INFO ******
Type: stdcell, grid
    Stdcell Rails
      Layer: met1 -  width: 0.480  pitch: 2.720  offset: 0.000 
    Straps
      Layer: met4 -  width: 1.600  pitch: 153.600  offset: 19.620 
      Layer: met5 -  width: 1.600  pitch: 153.180  offset: 19.950 
    Connect: {met4 met5} {met1 met4}
Type: macro, macro_1
    Macro orientation: R0 R180 MX MY R90 R270 MXR90 MYR90
    Straps
    Connect: {met4_PIN_ver met5}
[INFO] [PDNG-0012] **** END INFO ****
[INFO] [PDNG-0013] Inserting stdcell grid - grid
[INFO] [PDNG-0015] Writing to database
[WARNING PSM-0016] Voltage pad location (vsrc) file not specified, defaulting pad location to checkerboard pattern on core area.
[WARNING PSM-0017] X direction bump pitch is not specified, defaulting to 140um.
[WARNING PSM-0018] Y direction bump pitch is not specified, defaulting to 140um.
[WARNING PSM-0019] Voltage on net VPWR is not explicitly set.
[WARNING PSM-0022] Using voltage 0.000V for VDD network.
[INFO PSM-0026] Creating G matrix.
[INFO PSM-0028] Extracting power stripes on net VPWR.
[WARNING PSM-0030] Vsrc location at (5.520um, 10.880um) and size =10.000um, is not located on a power stripe. Moving to closest stripe at (5.400um, 30.590um).
[WARNING PSM-0030] Vsrc location at (145.520um, 10.880um) and size =10.000um, is not located on a power stripe. Moving to closest stripe at (145.800um, 30.590um).
[WARNING PSM-0030] Vsrc location at (285.520um, 10.880um) and size =10.000um, is not located on a power stripe. Moving to closest stripe at (286.200um, 30.590um).
[WARNING PSM-0030] Vsrc location at (425.520um, 10.880um) and size =10.000um, is not located on a power stripe. Moving to closest stripe at (426.600um, 30.590um).
[WARNING PSM-0030] Vsrc location at (565.520um, 10.880um) and size =10.000um, is not located on a power stripe. Moving to closest stripe at (567.000um, 30.590um).
[WARNING PSM-0030] Vsrc location at (285.520um, 150.880um) and size =10.000um, is not located on a power stripe. Moving to closest stripe at (286.200um, 183.770um).
[WARNING PSM-0030] Vsrc location at (425.520um, 150.880um) and size =10.000um, is not located on a power stripe. Moving to closest stripe at (426.600um, 183.770um).
[WARNING PSM-0030] Vsrc location at (565.520um, 150.880um) and size =10.000um, is not located on a power stripe. Moving to closest stripe at (567.000um, 183.770um).
[WARNING PSM-0030] Vsrc location at (565.520um, 290.880um) and size =10.000um, is not located on a power stripe. Moving to closest stripe at (567.000um, 336.950um).
[WARNING PSM-0030] Vsrc location at (5.520um, 430.880um) and size =10.000um, is not located on a power stripe. Moving to closest stripe at (5.400um, 490.130um).
[WARNING PSM-0030] Vsrc location at (145.520um, 430.880um) and size =10.000um, is not located on a power stripe. Moving to closest stripe at (145.800um, 490.130um).
[WARNING PSM-0030] Vsrc location at (285.520um, 430.880um) and size =10.000um, is not located on a power stripe. Moving to closest stripe at (286.200um, 490.130um).
[WARNING PSM-0030] Vsrc location at (425.520um, 430.880um) and size =10.000um, is not located on a power stripe. Moving to closest stripe at (426.600um, 490.130um).
[WARNING PSM-0030] Vsrc location at (565.520um, 430.880um) and size =10.000um, is not located on a power stripe. Moving to closest stripe at (567.000um, 490.130um).
[WARNING PSM-0030] Vsrc location at (285.520um, 570.880um) and size =10.000um, is not located on a power stripe. Moving to closest stripe at (286.200um, 643.310um).
[WARNING PSM-0030] Vsrc location at (425.520um, 570.880um) and size =10.000um, is not located on a power stripe. Moving to closest stripe at (426.600um, 643.310um).
[WARNING PSM-0030] Vsrc location at (565.520um, 570.880um) and size =10.000um, is not located on a power stripe. Moving to closest stripe at (567.000um, 643.310um).
[INFO PSM-0031] Number of nodes on net VPWR = 20600.
[INFO PSM-0037] G matrix created sucessfully.
[INFO PSM-0040] Connection between all PDN nodes established in net VPWR.
[WARNING PSM-0016] Voltage pad location (vsrc) file not specified, defaulting pad location to checkerboard pattern on core area.
[WARNING PSM-0017] X direction bump pitch is not specified, defaulting to 140um.
[WARNING PSM-0018] Y direction bump pitch is not specified, defaulting to 140um.
[WARNING PSM-0019] Voltage on net VGND is not explicitly set.
[WARNING PSM-0021] Using voltage 0.000V for ground network.
[INFO PSM-0026] Creating G matrix.
[INFO PSM-0028] Extracting power stripes on net VGND.
[WARNING PSM-0030] Vsrc location at (5.520um, 10.880um) and size =10.000um, is not located on a power stripe. Moving to closest stripe at (5.400um, 107.180um).
[WARNING PSM-0030] Vsrc location at (145.520um, 10.880um) and size =10.000um, is not located on a power stripe. Moving to closest stripe at (145.800um, 107.180um).
[WARNING PSM-0030] Vsrc location at (285.520um, 10.880um) and size =10.000um, is not located on a power stripe. Moving to closest stripe at (286.200um, 107.180um).
[WARNING PSM-0030] Vsrc location at (425.520um, 10.880um) and size =10.000um, is not located on a power stripe. Moving to closest stripe at (426.600um, 107.180um).
[WARNING PSM-0030] Vsrc location at (565.520um, 10.880um) and size =10.000um, is not located on a power stripe. Moving to closest stripe at (567.000um, 107.180um).
[WARNING PSM-0030] Vsrc location at (285.520um, 150.880um) and size =10.000um, is not located on a power stripe. Moving to closest stripe at (286.200um, 107.180um).
[WARNING PSM-0030] Vsrc location at (425.520um, 150.880um) and size =10.000um, is not located on a power stripe. Moving to closest stripe at (426.600um, 107.180um).
[WARNING PSM-0030] Vsrc location at (565.520um, 150.880um) and size =10.000um, is not located on a power stripe. Moving to closest stripe at (567.000um, 107.180um).
[WARNING PSM-0030] Vsrc location at (565.520um, 290.880um) and size =10.000um, is not located on a power stripe. Moving to closest stripe at (567.000um, 260.360um).
[WARNING PSM-0030] Vsrc location at (5.520um, 430.880um) and size =10.000um, is not located on a power stripe. Moving to closest stripe at (5.400um, 413.540um).
[WARNING PSM-0030] Vsrc location at (145.520um, 430.880um) and size =10.000um, is not located on a power stripe. Moving to closest stripe at (145.800um, 413.540um).
[WARNING PSM-0030] Vsrc location at (285.520um, 430.880um) and size =10.000um, is not located on a power stripe. Moving to closest stripe at (286.200um, 413.540um).
[WARNING PSM-0030] Vsrc location at (425.520um, 430.880um) and size =10.000um, is not located on a power stripe. Moving to closest stripe at (426.600um, 413.540um).
[WARNING PSM-0030] Vsrc location at (565.520um, 430.880um) and size =10.000um, is not located on a power stripe. Moving to closest stripe at (567.000um, 413.540um).
[INFO PSM-0031] Number of nodes on net VGND = 19223.
[INFO PSM-0037] G matrix created sucessfully.
[INFO PSM-0040] Connection between all PDN nodes established in net VGND.
