OpenROAD 0.9.0 1415572a73
This program is licensed under the BSD-3 license. See the LICENSE file for details.
Components of this program may be licensed under more restrictive licenses which must be honored.
Notice 0: Reading LEF file:  /openLANE_flow/designs/picorv32a/runs/11-01_08-49/tmp/merged.lef
Notice 0:     Created 13 technology layers
Notice 0:     Created 25 technology vias
Notice 0:     Created 440 library cells
Notice 0: Finished LEF file:  /openLANE_flow/designs/picorv32a/runs/11-01_08-49/tmp/merged.lef
Notice 0: 
Reading DEF file: /openLANE_flow/designs/picorv32a/runs/11-01_08-49/tmp/floorplan/18-verilog2def_openroad.def
Notice 0: Design: picorv32a
Notice 0:     Created 409 pins.
Notice 0:     Created 14876 components and 115597 component-terminals.
Notice 0:     Created 14978 nets and 56051 connections.
Notice 0: Finished DEF file: /openLANE_flow/designs/picorv32a/runs/11-01_08-49/tmp/floorplan/18-verilog2def_openroad.def
#Macro blocks found: 0
Using 5u default boundaries offset
[INFO PPL-0010] Tentative 0 to setup sections
[INFO PPL-0001]  * Num of slots          964
[INFO PPL-0002]  * Num of I/O            409
[INFO PPL-0003]  * Num of I/O w/sink     374
[INFO PPL-0004]  * Num of I/O w/o sink   35
[INFO PPL-0005]  * Slots Per Section     200
[INFO PPL-0006]  * Slots Increase Factor 0.01
[INFO PPL-0007]  * Usage Per Section     0.8
[INFO PPL-0008]  * Usage Increase Factor 0.01
[INFO PPL-0009]  * Force Pin Spread      true
Successfully assigned I/O pins
