OpenROAD 0.9.0 1415572a73
This program is licensed under the BSD-3 license. See the LICENSE file for details.
Components of this program may be licensed under more restrictive licenses which must be honored.
Notice 0: Reading LEF file:  /openLANE_flow/designs/picorv32a/runs/19-01_22-07/tmp/merged_unpadded.lef
Notice 0:     Created 13 technology layers
Notice 0:     Created 25 technology vias
Notice 0:     Created 442 library cells
Notice 0: Finished LEF file:  /openLANE_flow/designs/picorv32a/runs/19-01_22-07/tmp/merged_unpadded.lef
Notice 0: 
Reading DEF file: /openLANE_flow/designs/picorv32a/runs/19-01_22-07/results/floorplan/picorv32a.floorplan.def
Notice 0: Design: picorv32a
Notice 0:     Created 409 pins.
Notice 0:     Created 24847 components and 140552 component-terminals.
Notice 0:     Created 17241 nets and 58350 connections.
Notice 0: Finished DEF file: /openLANE_flow/designs/picorv32a/runs/19-01_22-07/results/floorplan/picorv32a.floorplan.def
[INFO GPL-0002] DBU: 1000
[INFO GPL-0003] SiteSize: 460 2720
[INFO GPL-0004] CoreAreaLxLy: 5520 10880
[INFO GPL-0005] CoreAreaUxUy: 725880 728960
[INFO GPL-0006] NumInstances: 24847
[INFO GPL-0007] NumPlaceInstances: 17139
[INFO GPL-0008] NumFixedInstances: 7708
[INFO GPL-0009] NumDummyInstances: 0
[INFO GPL-0010] NumNets: 17241
[INFO GPL-0011] NumPins: 58759
[INFO GPL-0012] DieAreaLxLy: 0 0
[INFO GPL-0013] DieAreaUxUy: 731615 742335
[INFO GPL-0014] CoreAreaLxLy: 5520 10880
[INFO GPL-0015] CoreAreaUxUy: 725880 728960
[INFO GPL-0016] CoreArea: 517276108800
[INFO GPL-0017] NonPlaceInstsArea: 10965516800
[INFO GPL-0018] PlaceInstsArea: 181730544000
[INFO GPL-0019] Util(%): 35.89
[INFO GPL-0020] StdInstsArea: 181730544000
[INFO GPL-0021] MacroInstsArea: 0
Begin InitialPlace
[InitialPlace]  Iter: 1 CG Error: 0.00032708 HPWL: 420129160
[InitialPlace]  Iter: 2 CG Error: 0.00003063 HPWL: 336076266
[InitialPlace]  Iter: 3 CG Error: 0.00001415 HPWL: 336371973
[InitialPlace]  Iter: 4 CG Error: 0.00001385 HPWL: 336539280
[InitialPlace]  Iter: 5 CG Error: 0.00000811 HPWL: 335915450
End InitialPlace
[INFO GPL-0031] FillerInit: NumGCells: 19154
[INFO GPL-0032] FillerInit: NumGNets: 17241
[INFO GPL-0033] FillerInit: NumGPins: 58759
[INFO GPL-0023] TargetDensity: 0.40
[INFO GPL-0024] AveragePlaceInstArea: 10603334
[INFO GPL-0025] IdealBinArea: 26508334
[INFO GPL-0026] IdealBinCnt: 19513
[INFO GPL-0027] TotalBinArea: 517276108800
[INFO GPL-0028] BinCnt: 128 128
[INFO GPL-0029] BinSize: 5628 5610
[INFO GPL-0030] NumBins: 16384
Begin NesterovInit
End NesterovInit
[NesterovSolve] Iter: 1 overflow: 0.963898 HPWL: 259838432
[NesterovSolve] Iter: 10 overflow: 0.932117 HPWL: 307293352
[NesterovSolve] Iter: 20 overflow: 0.931482 HPWL: 308241508
[NesterovSolve] Iter: 30 overflow: 0.931382 HPWL: 308235352
[NesterovSolve] Iter: 40 overflow: 0.931222 HPWL: 308454641
[NesterovSolve] Iter: 50 overflow: 0.931364 HPWL: 308363845
[NesterovSolve] Iter: 60 overflow: 0.931434 HPWL: 308336838
[NesterovSolve] Iter: 70 overflow: 0.931441 HPWL: 308338403
[NesterovSolve] Iter: 80 overflow: 0.931386 HPWL: 308405990
[NesterovSolve] Iter: 90 overflow: 0.931331 HPWL: 308480849
[NesterovSolve] Iter: 100 overflow: 0.931299 HPWL: 308632020
[NesterovSolve] Iter: 110 overflow: 0.931261 HPWL: 308953357
[NesterovSolve] Iter: 120 overflow: 0.931164 HPWL: 309592016
[NesterovSolve] Iter: 130 overflow: 0.930956 HPWL: 310756346
[NesterovSolve] Iter: 140 overflow: 0.93067 HPWL: 312897824
[NesterovSolve] Iter: 150 overflow: 0.930437 HPWL: 316891385
[NesterovSolve] Iter: 160 overflow: 0.930249 HPWL: 323690917
[NesterovSolve] Iter: 170 overflow: 0.92934 HPWL: 333415519
[NesterovSolve] Iter: 180 overflow: 0.927154 HPWL: 345459310
[NesterovSolve] Iter: 190 overflow: 0.922469 HPWL: 359957437
[NesterovSolve] Iter: 200 overflow: 0.915914 HPWL: 377793506
[NesterovSolve] Iter: 210 overflow: 0.905182 HPWL: 399581649
[NesterovSolve] Iter: 220 overflow: 0.890579 HPWL: 425055350
[NesterovSolve] Iter: 230 overflow: 0.870677 HPWL: 453241882
[NesterovSolve] Iter: 240 overflow: 0.847276 HPWL: 483233716
[NesterovSolve] Iter: 250 overflow: 0.820138 HPWL: 514405040
[NesterovSolve] Iter: 260 overflow: 0.788297 HPWL: 544849000
[NesterovSolve] Iter: 270 overflow: 0.752975 HPWL: 574744942
[NesterovSolve] Iter: 280 overflow: 0.71412 HPWL: 605407756
[NesterovSolve] Iter: 290 overflow: 0.671962 HPWL: 639374929
[NesterovSolve] Iter: 300 overflow: 0.624313 HPWL: 673978711
[NesterovSolve] Iter: 310 overflow: 0.572453 HPWL: 708243363
[NesterovSolve] Iter: 320 overflow: 0.522878 HPWL: 736652526
[NesterovSolve] Iter: 330 overflow: 0.476289 HPWL: 761818331
[NesterovSolve] Iter: 340 overflow: 0.42569 HPWL: 785411180
[NesterovSolve] Iter: 350 overflow: 0.381633 HPWL: 803639086
[NesterovSolve] Iter: 360 overflow: 0.348192 HPWL: 811258288
[NesterovSolve] Iter: 370 overflow: 0.319341 HPWL: 816960732
[NesterovSolve] Iter: 380 overflow: 0.293314 HPWL: 819566012
[NesterovSolve] Iter: 390 overflow: 0.265921 HPWL: 821930292
[NesterovSolve] Iter: 400 overflow: 0.239495 HPWL: 823950312
[NesterovSolve] Iter: 410 overflow: 0.217742 HPWL: 825435459
[NesterovSolve] Iter: 420 overflow: 0.195685 HPWL: 826850339
[NesterovSolve] Iter: 430 overflow: 0.176243 HPWL: 828254766
[NesterovSolve] Iter: 440 overflow: 0.15615 HPWL: 829459971
[NesterovSolve] Iter: 450 overflow: 0.13935 HPWL: 830785556
[NesterovSolve] Iter: 460 overflow: 0.122846 HPWL: 832035915
[NesterovSolve] Iter: 470 overflow: 0.107174 HPWL: 833554811
[NesterovSolve] Finished with Overflow: 0.099686
create_clock [get_ports $::env(CLOCK_PORT)]  -name $::env(CLOCK_PORT)  -period $::env(CLOCK_PERIOD)
set input_delay_value [expr $::env(CLOCK_PERIOD) * $::env(IO_PCT)]
set output_delay_value [expr $::env(CLOCK_PERIOD) * $::env(IO_PCT)]
puts "\[INFO\]: Setting output delay to: $output_delay_value"
[INFO]: Setting output delay to: 4.946000000000001
puts "\[INFO\]: Setting input delay to: $input_delay_value"
[INFO]: Setting input delay to: 4.946000000000001
set_max_fanout $::env(SYNTH_MAX_FANOUT) [current_design]
set clk_indx [lsearch [all_inputs] [get_port $::env(CLOCK_PORT)]]
#set rst_indx [lsearch [all_inputs] [get_port resetn]]
set all_inputs_wo_clk [lreplace [all_inputs] $clk_indx $clk_indx]
#set all_inputs_wo_clk_rst [lreplace $all_inputs_wo_clk $rst_indx $rst_indx]
set all_inputs_wo_clk_rst $all_inputs_wo_clk
# correct resetn
set_input_delay $input_delay_value  -clock [get_clocks $::env(CLOCK_PORT)] $all_inputs_wo_clk_rst
#set_input_delay 0.0 -clock [get_clocks $::env(CLOCK_PORT)] {resetn}
set_output_delay $output_delay_value  -clock [get_clocks $::env(CLOCK_PORT)] [all_outputs]
# TODO set this as parameter
set_driving_cell -lib_cell $::env(SYNTH_DRIVING_CELL) -pin $::env(SYNTH_DRIVING_CELL_PIN) [all_inputs]
set cap_load [expr $::env(SYNTH_CAP_LOAD) / 1000.0]
puts "\[INFO\]: Setting load to: $cap_load"
[INFO]: Setting load to: 0.01765
set_load  $cap_load [all_outputs]
No paths found.
Startpoint: _31195_ (rising edge-triggered flip-flop clocked by clk)
Endpoint: _31195_ (rising edge-triggered flip-flop clocked by clk)
Path Group: clk
Path Type: min

Fanout     Cap    Slew   Delay    Time   Description
-----------------------------------------------------------------------------
                  0.00    0.00    0.00   clock clk (rise edge)
                          0.00    0.00   clock network delay (ideal)
                  0.00    0.00    0.00 ^ _31195_/CLK (sky130_fd_sc_hd__dfxtp_2)
                  0.03    0.18    0.18 ^ _31195_/Q (sky130_fd_sc_hd__dfxtp_2)
     2    0.00                           cpuregs[0][0] (net)
                  0.03    0.00    0.18 ^ _18491_/A (sky130_fd_sc_hd__buf_1)
                  0.03    0.05    0.23 ^ _18491_/X (sky130_fd_sc_hd__buf_1)
     1    0.00                           _02835_ (net)
                  0.03    0.00    0.23 ^ _31195_/D (sky130_fd_sc_hd__dfxtp_2)
                                  0.23   data arrival time

                  0.00    0.00    0.00   clock clk (rise edge)
                          0.00    0.00   clock network delay (ideal)
                          0.00    0.00   clock reconvergence pessimism
                                  0.00 ^ _31195_/CLK (sky130_fd_sc_hd__dfxtp_2)
                         -0.02   -0.02   library hold time
                                 -0.02   data required time
-----------------------------------------------------------------------------
                                 -0.02   data required time
                                 -0.23   data arrival time
-----------------------------------------------------------------------------
                                  0.25   slack (MET)


Startpoint: _32406_ (rising edge-triggered flip-flop clocked by clk)
Endpoint: _32288_ (rising edge-triggered flip-flop clocked by clk)
Path Group: clk
Path Type: max

Fanout     Cap    Slew   Delay    Time   Description
-----------------------------------------------------------------------------
                  0.00    0.00    0.00   clock clk (rise edge)
                          0.00    0.00   clock network delay (ideal)
                  0.00    0.00    0.00 ^ _32406_/CLK (sky130_fd_sc_hd__dfxtp_2)
                  0.25    0.76    0.76 ^ _32406_/Q (sky130_fd_sc_hd__dfxtp_2)
     4    0.03                           irq_mask[21] (net)
                  0.25    0.00    0.76 ^ _15401_/A (sky130_vsdinv)
                  0.12    0.20    0.96 v _15401_/Y (sky130_vsdinv)
     2    0.01                           _12726_ (net)
                  0.12    0.00    0.96 v _15402_/A (sky130_fd_sc_hd__nand2_2)
                  0.18    0.19    1.16 ^ _15402_/Y (sky130_fd_sc_hd__nand2_2)
     2    0.02                           _12727_ (net)
                  0.18    0.00    1.16 ^ _15407_/B1 (sky130_fd_sc_hd__o2111ai_2)
                  0.24    0.34    1.49 v _15407_/Y (sky130_fd_sc_hd__o2111ai_2)
     1    0.01                           _12732_ (net)
                  0.24    0.00    1.49 v _15408_/B (sky130_fd_sc_hd__nor2_2)
                  0.15    0.21    1.71 ^ _15408_/Y (sky130_fd_sc_hd__nor2_2)
     1    0.00                           _12733_ (net)
                  0.15    0.00    1.71 ^ _15409_/B (sky130_fd_sc_hd__nand2_2)
                  0.13    0.18    1.89 v _15409_/Y (sky130_fd_sc_hd__nand2_2)
     2    0.01                           _12734_ (net)
                  0.13    0.00    1.89 v _15446_/A1 (sky130_fd_sc_hd__o21bai_2)
                  0.55    0.55    2.43 ^ _15446_/Y (sky130_fd_sc_hd__o21bai_2)
     6    0.03                           _12771_ (net)
                  0.55    0.00    2.43 ^ _15447_/D1 (sky130_fd_sc_hd__o2111ai_2)
                  0.52    0.63    3.07 v _15447_/Y (sky130_fd_sc_hd__o2111ai_2)
     3    0.02                           _12772_ (net)
                  0.52    0.00    3.07 v _16145_/C (sky130_fd_sc_hd__nor3_2)
                  0.66    0.69    3.76 ^ _16145_/Y (sky130_fd_sc_hd__nor3_2)
     5    0.02                           _13285_ (net)
                  0.66    0.00    3.76 ^ _16146_/A (sky130_fd_sc_hd__nand3_2)
                  0.41    0.55    4.31 v _16146_/Y (sky130_fd_sc_hd__nand3_2)
     5    0.03                           _13286_ (net)
                  0.41    0.00    4.31 v _16147_/C (sky130_fd_sc_hd__nor3_2)
                  0.57    0.58    4.89 ^ _16147_/Y (sky130_fd_sc_hd__nor3_2)
     4    0.02                           _13287_ (net)
                  0.57    0.00    4.89 ^ _16148_/A (sky130_fd_sc_hd__nand3_2)
                  0.31    0.44    5.33 v _16148_/Y (sky130_fd_sc_hd__nand3_2)
     4    0.02                           _13288_ (net)
                  0.31    0.00    5.33 v _16149_/C (sky130_fd_sc_hd__nor3_2)
                  0.71    0.65    5.98 ^ _16149_/Y (sky130_fd_sc_hd__nor3_2)
     5    0.02                           _13289_ (net)
                  0.71    0.00    5.98 ^ _16150_/A (sky130_fd_sc_hd__nand3_2)
                  0.33    0.48    6.46 v _16150_/Y (sky130_fd_sc_hd__nand3_2)
     4    0.02                           _13290_ (net)
                  0.33    0.00    6.47 v _16151_/C (sky130_fd_sc_hd__nor3_2)
                  0.58    0.54    7.01 ^ _16151_/Y (sky130_fd_sc_hd__nor3_2)
     4    0.02                           _13291_ (net)
                  0.58    0.00    7.01 ^ _16152_/A (sky130_fd_sc_hd__nand3_2)
                  0.37    0.49    7.50 v _16152_/Y (sky130_fd_sc_hd__nand3_2)
     5    0.02                           _13292_ (net)
                  0.37    0.00    7.50 v _16153_/C (sky130_fd_sc_hd__nor3_2)
                  0.45    0.46    7.97 ^ _16153_/Y (sky130_fd_sc_hd__nor3_2)
     3    0.01                           _13293_ (net)
                  0.45    0.00    7.97 ^ _16154_/A (sky130_fd_sc_hd__nand3_2)
                  0.35    0.44    8.41 v _16154_/Y (sky130_fd_sc_hd__nand3_2)
     5    0.02                           _13294_ (net)
                  0.35    0.00    8.41 v _16155_/C (sky130_fd_sc_hd__nor3_2)
                  0.45    0.45    8.86 ^ _16155_/Y (sky130_fd_sc_hd__nor3_2)
     3    0.01                           _13295_ (net)
                  0.45    0.00    8.86 ^ _16156_/A (sky130_fd_sc_hd__nand3_2)
                  0.35    0.44    9.30 v _16156_/Y (sky130_fd_sc_hd__nand3_2)
     5    0.02                           _13296_ (net)
                  0.35    0.00    9.30 v _16157_/C (sky130_fd_sc_hd__nor3_2)
                  0.56    0.55    9.85 ^ _16157_/Y (sky130_fd_sc_hd__nor3_2)
     4    0.02                           _13297_ (net)
                  0.56    0.00    9.85 ^ _16158_/A (sky130_fd_sc_hd__nand3_2)
                  0.31    0.44   10.29 v _16158_/Y (sky130_fd_sc_hd__nand3_2)
     4    0.02                           _13298_ (net)
                  0.31    0.00   10.29 v _16159_/C (sky130_fd_sc_hd__nor3_2)
                  0.58    0.55   10.84 ^ _16159_/Y (sky130_fd_sc_hd__nor3_2)
     4    0.02                           _13299_ (net)
                  0.58    0.00   10.84 ^ _16160_/A (sky130_fd_sc_hd__nand3_2)
                  0.39    0.51   11.35 v _16160_/Y (sky130_fd_sc_hd__nand3_2)
     5    0.03                           _13300_ (net)
                  0.39    0.00   11.36 v _16161_/C (sky130_fd_sc_hd__nor3_2)
                  0.58    0.58   11.94 ^ _16161_/Y (sky130_fd_sc_hd__nor3_2)
     4    0.02                           _13301_ (net)
                  0.58    0.00   11.94 ^ _16162_/A (sky130_fd_sc_hd__nand3_2)
                  0.32    0.45   12.39 v _16162_/Y (sky130_fd_sc_hd__nand3_2)
     4    0.02                           _13302_ (net)
                  0.32    0.00   12.39 v _16163_/C (sky130_fd_sc_hd__nor3_2)
                  0.71    0.64   13.03 ^ _16163_/Y (sky130_fd_sc_hd__nor3_2)
     5    0.02                           _13303_ (net)
                  0.71    0.00   13.03 ^ _16164_/A (sky130_fd_sc_hd__nand3_2)
                  0.34    0.48   13.52 v _16164_/Y (sky130_fd_sc_hd__nand3_2)
     4    0.02                           _13304_ (net)
                  0.34    0.00   13.52 v _16165_/C (sky130_fd_sc_hd__nor3_2)
                  0.71    0.66   14.18 ^ _16165_/Y (sky130_fd_sc_hd__nor3_2)
     5    0.02                           _13305_ (net)
                  0.71    0.00   14.18 ^ _16166_/A (sky130_fd_sc_hd__nand3_2)
                  0.33    0.48   14.66 v _16166_/Y (sky130_fd_sc_hd__nand3_2)
     4    0.02                           _13306_ (net)
                  0.33    0.00   14.66 v _16167_/C (sky130_fd_sc_hd__nor3_2)
                  0.70    0.65   15.31 ^ _16167_/Y (sky130_fd_sc_hd__nor3_2)
     5    0.02                           _13307_ (net)
                  0.70    0.00   15.31 ^ _16168_/A (sky130_fd_sc_hd__nand3_2)
                  0.33    0.48   15.80 v _16168_/Y (sky130_fd_sc_hd__nand3_2)
     4    0.02                           _13308_ (net)
                  0.33    0.00   15.80 v _16169_/C (sky130_fd_sc_hd__nor3_2)
                  0.69    0.64   16.44 ^ _16169_/Y (sky130_fd_sc_hd__nor3_2)
     5    0.02                           _13309_ (net)
                  0.69    0.00   16.44 ^ _16170_/A (sky130_fd_sc_hd__nand3_2)
                  0.33    0.48   16.92 v _16170_/Y (sky130_fd_sc_hd__nand3_2)
     4    0.02                           _13310_ (net)
                  0.33    0.00   16.92 v _16171_/C (sky130_fd_sc_hd__nor3_2)
                  0.72    0.66   17.59 ^ _16171_/Y (sky130_fd_sc_hd__nor3_2)
     5    0.02                           _13311_ (net)
                  0.72    0.00   17.59 ^ _16172_/A (sky130_fd_sc_hd__nand3_2)
                  0.35    0.50   18.09 v _16172_/Y (sky130_fd_sc_hd__nand3_2)
     5    0.02                           _13312_ (net)
                  0.35    0.00   18.09 v _16173_/C (sky130_fd_sc_hd__nor3_2)
                  0.50    0.50   18.60 ^ _16173_/Y (sky130_fd_sc_hd__nor3_2)
     3    0.02                           _13313_ (net)
                  0.50    0.00   18.60 ^ _16174_/A (sky130_fd_sc_hd__nand3_2)
                  0.28    0.39   18.99 v _16174_/Y (sky130_fd_sc_hd__nand3_2)
     4    0.02                           _13314_ (net)
                  0.28    0.00   18.99 v _16175_/A_N (sky130_fd_sc_hd__nand3b_2)
                  0.14    0.54   19.52 v _16175_/Y (sky130_fd_sc_hd__nand3b_2)
     1    0.01                           _13315_ (net)
                  0.14    0.00   19.52 v _16176_/B (sky130_fd_sc_hd__nor2_2)
                  0.14    0.18   19.70 ^ _16176_/Y (sky130_fd_sc_hd__nor2_2)
     1    0.01                           _13316_ (net)
                  0.14    0.00   19.70 ^ _16181_/A (sky130_fd_sc_hd__nor2_2)
                  0.04    0.09   19.79 v _16181_/Y (sky130_fd_sc_hd__nor2_2)
     1    0.00                           _03928_ (net)
                  0.04    0.00   19.79 v _32288_/D (sky130_fd_sc_hd__dfxtp_2)
                                 19.79   data arrival time

                  0.00   24.73   24.73   clock clk (rise edge)
                          0.00   24.73   clock network delay (ideal)
                          0.00   24.73   clock reconvergence pessimism
                                 24.73 ^ _32288_/CLK (sky130_fd_sc_hd__dfxtp_2)
                         -0.28   24.45   library setup time
                                 24.45   data required time
-----------------------------------------------------------------------------
                                 24.45   data required time
                                -19.79   data arrival time
-----------------------------------------------------------------------------
                                  4.66   slack (MET)


No paths found.
wns 0.00
tns 0.00
