Sun Jan 19 17:29:32 UTC 2025 - Executing "python3 /openLANE_flow/scripts/extract_metal_layers.py -t /home/vsduser/Desktop/work/tools/openlane_working_dir/pdks/sky130A/libs.ref/sky130_fd_sc_hd/techlef/sky130_fd_sc_hd.tlef -o /openLANE_flow/designs/picorv32a/runs/19-01_13-50/tmp/met_layers_list.txt"

Sun Jan 19 17:29:32 UTC 2025 - Executing "/openLANE_flow/scripts/mergeLef.py -i /home/vsduser/Desktop/work/tools/openlane_working_dir/pdks/sky130A/libs.ref/sky130_fd_sc_hd/techlef/sky130_fd_sc_hd.tlef {/home/vsduser/Desktop/work/tools/openlane_working_dir/pdks/sky130A/libs.ref/sky130_fd_sc_hd/lef/sky130_fd_sc_hd.lef /home/vsduser/Desktop/work/tools/openlane_working_dir/pdks/sky130A/libs.ref/sky130_fd_sc_hd/lef/sky130_ef_sc_hd__fill_12.lef /home/vsduser/Desktop/work/tools/openlane_working_dir/pdks/sky130A/libs.ref/sky130_fd_sc_hd/lef/sky130_ef_sc_hd__decap_12.lef /home/vsduser/Desktop/work/tools/openlane_working_dir/pdks/sky130A/libs.ref/sky130_fd_sc_hd/lef/sky130_ef_sc_hd__fakediode_2.lef} -o /openLANE_flow/designs/picorv32a/runs/19-01_13-50/tmp/merged_unpadded.lef |& tee >&@stdout"

Sun Jan 19 17:29:32 UTC 2025 - Executing "/openLANE_flow/scripts/mergeLef.py -i /openLANE_flow/designs/picorv32a/runs/19-01_13-50/tmp/merged_unpadded.lef /openLANE_flow/designs/picorv32a/src/sky130_vsdinv.lef -o /openLANE_flow/designs/picorv32a/runs/19-01_13-50/tmp/merged_unpadded.lef |& tee >&@stdout"

Sun Jan 19 17:29:32 UTC 2025 - Executing "/openLANE_flow/scripts/libtrim.pl /openLANE_flow/designs/picorv32a/src/sky130_fd_sc_hd__typical.lib /openLANE_flow/designs/picorv32a/runs/19-01_13-50/tmp/trimmed.lib.exclude.list > /openLANE_flow/designs/picorv32a/runs/19-01_13-50/tmp/trimmed.lib"

Sun Jan 19 17:29:32 UTC 2025 - Executing "echo {openlane v0.21} > /openLANE_flow/designs/picorv32a/runs/19-01_13-50/OPENLANE_VERSION"

Sun Jan 19 17:29:43 UTC 2025 - Executing "/openLANE_flow/scripts/mergeLef.py -i /openLANE_flow/designs/picorv32a/runs/19-01_13-50/tmp/merged.lef /openLANE_flow/designs/picorv32a/src/sky130_vsdinv.lef -o /openLANE_flow/designs/picorv32a/runs/19-01_13-50/tmp/merged.lef.new"

Sun Jan 19 17:29:43 UTC 2025 - Executing "/openLANE_flow/scripts/mergeLef.py -i /openLANE_flow/designs/picorv32a/runs/19-01_13-50/tmp/merged_unpadded.lef /openLANE_flow/designs/picorv32a/src/sky130_vsdinv.lef -o /openLANE_flow/designs/picorv32a/runs/19-01_13-50/tmp/merged_unpadded.lef.new"

Sun Jan 19 17:29:43 UTC 2025 - Executing "mv /openLANE_flow/designs/picorv32a/runs/19-01_13-50/tmp/merged.lef.new /openLANE_flow/designs/picorv32a/runs/19-01_13-50/tmp/merged.lef"

Sun Jan 19 17:29:43 UTC 2025 - Executing "mv /openLANE_flow/designs/picorv32a/runs/19-01_13-50/tmp/merged_unpadded.lef.new /openLANE_flow/designs/picorv32a/runs/19-01_13-50/tmp/merged_unpadded.lef"

Sun Jan 19 17:30:11 UTC 2025 - Executing "sed -E {s/^([[:space:]]+)pg_pin(.*)/\1pin\2\n\1    direction : "inout";/g} /openLANE_flow/designs/picorv32a/src/sky130_fd_sc_hd__typical.lib > /openLANE_flow/designs/picorv32a/runs/19-01_13-50/tmp/sky130_fd_sc_hd__typical.no_pg.lib"

Sun Jan 19 17:30:11 UTC 2025 - Executing "yosys -c /openLANE_flow/scripts/synth.tcl -l /openLANE_flow/designs/picorv32a/runs/19-01_13-50/logs/synthesis/3-yosys.log |& tee >&@stdout"

Sun Jan 19 17:30:54 UTC 2025 - Executing "sed -i -e {s/\(set ::env(CURRENT_NETLIST)\).*/\1 \/openLANE_flow\/designs\/picorv32a\/runs\/19-01_13-50\/results\/synthesis\/picorv32a.synthesis.v/} /openLANE_flow/designs/picorv32a/runs/19-01_13-50/config.tcl"

Sun Jan 19 17:30:54 UTC 2025 - Executing "sed -i -e {s/\(set ::env(PREV_NETLIST)\).*/\1 \/openLANE_flow\/designs\/picorv32a\/runs\/19-01_13-50\/results\/synthesis\/picorv32a.synthesis.v/} /openLANE_flow/designs/picorv32a/runs/19-01_13-50/config.tcl"

Sun Jan 19 17:30:54 UTC 2025 - Executing "sed -i /defparam/d /openLANE_flow/designs/picorv32a/runs/19-01_13-50/results/synthesis/picorv32a.synthesis.v"

Sun Jan 19 17:30:54 UTC 2025 - Executing "sta /openLANE_flow/scripts/sta.tcl |& tee >&@stdout /openLANE_flow/designs/picorv32a/runs/19-01_13-50/logs/synthesis/4-opensta"

Sun Jan 19 17:32:10 UTC 2025 - Executing "openroad -exit /openLANE_flow/scripts/openroad/or_floorplan.tcl |& tee >&@stdout /openLANE_flow/designs/picorv32a/runs/19-01_13-50/logs/floorplan/5-verilog2def.openroad.log"

Sun Jan 19 17:32:15 UTC 2025 - Executing "openroad -exit /openLANE_flow/scripts/openroad/or_ioplacer.tcl |& tee >&@stdout /openLANE_flow/designs/picorv32a/runs/19-01_13-50/logs/floorplan/6-ioPlacer.log"

Sun Jan 19 17:32:21 UTC 2025 - Executing "openroad -exit /openLANE_flow/scripts/openroad/or_tapcell.tcl |& tee >&@stdout /openLANE_flow/designs/picorv32a/runs/19-01_13-50/logs/floorplan/7-tapcell.log"

Sun Jan 19 17:35:00 UTC 2025 - Executing "openroad -exit /openLANE_flow/scripts/openroad/or_pdn.tcl |& tee >&@stdout /openLANE_flow/designs/picorv32a/runs/19-01_13-50/logs/floorplan/8-pdn.log"

Sun Jan 19 17:35:17 UTC 2025 - Executing "openroad -exit /openLANE_flow/scripts/openroad/or_replace.tcl |& tee >&@stdout /openLANE_flow/designs/picorv32a/runs/19-01_13-50/logs/placement/9-replace.log"

Sun Jan 19 17:35:26 UTC 2025 - Executing "openroad -exit /openLANE_flow/scripts/openroad/or_resizer.tcl |& tee >&@stdout /openLANE_flow/designs/picorv32a/runs/19-01_13-50/logs/placement/9-resizer.log"

Sun Jan 19 17:35:34 UTC 2025 - Executing "openroad -exit /openLANE_flow/scripts/openroad/or_write_verilog.tcl |& tee >&@stdout /openLANE_flow/designs/picorv32a/runs/19-01_13-50/logs/10-write_verilog.log"

Sun Jan 19 17:35:35 UTC 2025 - Executing "sed -i -e {s/\(set ::env(CURRENT_NETLIST)\).*/\1 \/openLANE_flow\/designs\/picorv32a\/runs\/19-01_13-50\/results\/synthesis\/picorv32a.synthesis_optimized.v/} /openLANE_flow/designs/picorv32a/runs/19-01_13-50/config.tcl"

Sun Jan 19 17:35:35 UTC 2025 - Executing "sed -i -e {s/\(set ::env(PREV_NETLIST)\).*/\1 \/openLANE_flow\/designs\/picorv32a\/runs\/19-01_13-50\/results\/synthesis\/picorv32a.synthesis.v/} /openLANE_flow/designs/picorv32a/runs/19-01_13-50/config.tcl"

Sun Jan 19 17:35:35 UTC 2025 - Executing "sta /openLANE_flow/scripts/sta.tcl |& tee >&@stdout /openLANE_flow/designs/picorv32a/runs/19-01_13-50/logs/synthesis/11-opensta_post_resizer"

Sun Jan 19 17:35:36 UTC 2025 - Executing "openroad -exit /openLANE_flow/scripts/openroad/or_opendp.tcl |& tee >&@stdout /openLANE_flow/designs/picorv32a/runs/19-01_13-50/logs/placement/12-opendp.log"

Sun Jan 19 17:35:37 UTC 2025 - Executing "bash /openLANE_flow/scripts/klayout/scrotLayout.sh /home/vsduser/Desktop/work/tools/openlane_working_dir/pdks/sky130A/libs.tech/klayout/sky130A.lyt /openLANE_flow/designs/picorv32a/runs/19-01_13-50/results/placement/picorv32a.placement.def |& tee >&@stdout /openLANE_flow/designs/picorv32a/runs/19-01_13-50/logs/klayout/13-klayout.scrot.log"

Sun Jan 19 17:41:41 UTC 2025 - Executing "/openLANE_flow/scripts/libtrim.pl /openLANE_flow/designs/picorv32a/src/sky130_fd_sc_hd__typical.lib /openLANE_flow/designs/picorv32a/runs/19-01_13-50/tmp/cts.lib.exclude.list > /openLANE_flow/designs/picorv32a/runs/19-01_13-50/tmp/cts.lib"

Sun Jan 19 17:41:41 UTC 2025 - Executing "openroad -exit /openLANE_flow/scripts/openroad/or_cts.tcl |& tee >&@stdout /openLANE_flow/designs/picorv32a/runs/19-01_13-50/logs/cts/14-cts.log"

Sun Jan 19 17:42:31 UTC 2025 - Executing "openroad -exit /openLANE_flow/scripts/openroad/or_write_verilog.tcl |& tee >&@stdout /openLANE_flow/designs/picorv32a/runs/19-01_13-50/logs/15-write_verilog.log"

Sun Jan 19 17:42:32 UTC 2025 - Executing "sed -i -e {s/\(set ::env(CURRENT_NETLIST)\).*/\1 \/openLANE_flow\/designs\/picorv32a\/runs\/19-01_13-50\/results\/synthesis\/picorv32a.synthesis_cts.v/} /openLANE_flow/designs/picorv32a/runs/19-01_13-50/config.tcl"

Sun Jan 19 17:42:32 UTC 2025 - Executing "sed -i -e {s/\(set ::env(PREV_NETLIST)\).*/\1 \/openLANE_flow\/designs\/picorv32a\/runs\/19-01_13-50\/results\/synthesis\/picorv32a.synthesis_optimized.v/} /openLANE_flow/designs/picorv32a/runs/19-01_13-50/config.tcl"

Sun Jan 19 17:42:32 UTC 2025 - Executing "bash /openLANE_flow/scripts/klayout/scrotLayout.sh /home/vsduser/Desktop/work/tools/openlane_working_dir/pdks/sky130A/libs.tech/klayout/sky130A.lyt /openLANE_flow/designs/picorv32a/runs/19-01_13-50/results/cts/picorv32a.cts.def |& tee >&@stdout /openLANE_flow/designs/picorv32a/runs/19-01_13-50/logs/klayout/16-klayout.scrot.log"

Sun Jan 19 20:49:40 UTC 2025 - Executing "openroad -exit /openLANE_flow/scripts/openroad/or_cts.tcl |& tee >&@stdout /openLANE_flow/designs/picorv32a/runs/19-01_13-50/logs/cts/17-cts.log"

Sun Jan 19 20:50:22 UTC 2025 - Executing "openroad -exit /openLANE_flow/scripts/openroad/or_write_verilog.tcl |& tee >&@stdout /openLANE_flow/designs/picorv32a/runs/19-01_13-50/logs/18-write_verilog.log"

Sun Jan 19 20:50:24 UTC 2025 - Executing "sed -i -e {s/\(set ::env(CURRENT_NETLIST)\).*/\1 \/openLANE_flow\/designs\/picorv32a\/runs\/19-01_13-50\/results\/synthesis\/picorv32a.synthesis_cts.v/} /openLANE_flow/designs/picorv32a/runs/19-01_13-50/config.tcl"

Sun Jan 19 20:50:24 UTC 2025 - Executing "sed -i -e {s/\(set ::env(PREV_NETLIST)\).*/\1 \/openLANE_flow\/designs\/picorv32a\/runs\/19-01_13-50\/results\/synthesis\/picorv32a.synthesis_cts.v/} /openLANE_flow/designs/picorv32a/runs/19-01_13-50/config.tcl"

Sun Jan 19 20:50:24 UTC 2025 - Executing "bash /openLANE_flow/scripts/klayout/scrotLayout.sh /home/vsduser/Desktop/work/tools/openlane_working_dir/pdks/sky130A/libs.tech/klayout/sky130A.lyt /openLANE_flow/designs/picorv32a/runs/19-01_13-50/results/cts/picorv32a.cts.def |& tee >&@stdout /openLANE_flow/designs/picorv32a/runs/19-01_13-50/logs/klayout/19-klayout.scrot.log"

Sun Jan 19 21:56:31 UTC 2025 - Executing "echo {openlane v0.21} > /openLANE_flow/designs/picorv32a/runs/19-01_13-50/OPENLANE_VERSION"

Sun Jan 19 22:00:37 UTC 2025 - Executing "echo {openlane v0.21} > /openLANE_flow/designs/picorv32a/runs/19-01_13-50/OPENLANE_VERSION"

Sun Jan 19 22:04:07 UTC 2025 - Executing "echo {openlane v0.21} > /openLANE_flow/designs/picorv32a/runs/19-01_13-50/OPENLANE_VERSION"

Sun Jan 19 22:06:18 UTC 2025 - Executing "sed -i -e {s/\(set ::env(CURRENT_NETLIST)\).*/\1 \/openLANE_flow\/designs\/picorv32a\/runs\/19-01_13-50\/results\/synthesis\/picorv32a.synthesis.v/} /openLANE_flow/designs/picorv32a/runs/19-01_13-50/config.tcl"

Sun Jan 19 22:06:18 UTC 2025 - Executing "sed -i -e {s/\(set ::env(PREV_NETLIST)\).*/\1 0/} /openLANE_flow/designs/picorv32a/runs/19-01_13-50/config.tcl"

Sun Jan 19 22:06:18 UTC 2025 - Executing "sta /openLANE_flow/scripts/sta.tcl |& tee >&@stdout /openLANE_flow/designs/picorv32a/runs/19-01_13-50/logs/synthesis/1-opensta"

Sun Jan 19 22:06:31 UTC 2025 - Executing "openroad -exit /openLANE_flow/scripts/openroad/or_floorplan.tcl |& tee >&@stdout /openLANE_flow/designs/picorv32a/runs/19-01_13-50/logs/floorplan/2-verilog2def.openroad.log"

Sun Jan 19 22:06:33 UTC 2025 - Executing "python3 /openLANE_flow/report_generation_wrapper.py -d /openLANE_flow/designs/picorv32a -dn picorv32a -t 19-01_13-50 -o /openLANE_flow/designs/picorv32a/runs/19-01_13-50/reports/final_summary_report.csv -m /openLANE_flow/designs/picorv32a/runs/19-01_13-50/reports/manufacturability_report.rpt -rs /openLANE_flow/designs/picorv32a/runs/19-01_13-50/reports/runtime_summary_report.rpt -r /openLANE_flow/designs/picorv32a/runs/19-01_13-50"

