Sat Jan 11 08:49:18 UTC 2025 - Executing "python3 /openLANE_flow/scripts/extract_metal_layers.py -t /home/vsduser/Desktop/work/tools/openlane_working_dir/pdks/sky130A/libs.ref/sky130_fd_sc_hd/techlef/sky130_fd_sc_hd.tlef -o /openLANE_flow/designs/picorv32a/runs/11-01_08-49/tmp/met_layers_list.txt"

Sat Jan 11 08:49:18 UTC 2025 - Executing "/openLANE_flow/scripts/mergeLef.py -i /home/vsduser/Desktop/work/tools/openlane_working_dir/pdks/sky130A/libs.ref/sky130_fd_sc_hd/techlef/sky130_fd_sc_hd.tlef {/home/vsduser/Desktop/work/tools/openlane_working_dir/pdks/sky130A/libs.ref/sky130_fd_sc_hd/lef/sky130_fd_sc_hd.lef /home/vsduser/Desktop/work/tools/openlane_working_dir/pdks/sky130A/libs.ref/sky130_fd_sc_hd/lef/sky130_ef_sc_hd__fill_12.lef /home/vsduser/Desktop/work/tools/openlane_working_dir/pdks/sky130A/libs.ref/sky130_fd_sc_hd/lef/sky130_ef_sc_hd__decap_12.lef /home/vsduser/Desktop/work/tools/openlane_working_dir/pdks/sky130A/libs.ref/sky130_fd_sc_hd/lef/sky130_ef_sc_hd__fakediode_2.lef} -o /openLANE_flow/designs/picorv32a/runs/11-01_08-49/tmp/merged_unpadded.lef |& tee >&@stdout"

Sat Jan 11 08:49:19 UTC 2025 - Executing "/openLANE_flow/scripts/libtrim.pl /home/vsduser/Desktop/work/tools/openlane_working_dir/pdks/sky130A/libs.ref/sky130_fd_sc_hd/lib/sky130_fd_sc_hd__tt_025C_1v80.lib /openLANE_flow/designs/picorv32a/runs/11-01_08-49/tmp/trimmed.lib.exclude.list > /openLANE_flow/designs/picorv32a/runs/11-01_08-49/tmp/trimmed.lib"

Sat Jan 11 08:49:19 UTC 2025 - Executing "echo {openlane v0.21} > /openLANE_flow/designs/picorv32a/runs/11-01_08-49/OPENLANE_VERSION"

Sat Jan 11 08:49:24 UTC 2025 - Executing "sed -E {s/^([[:space:]]+)pg_pin(.*)/\1pin\2\n\1    direction : "inout";/g} /home/vsduser/Desktop/work/tools/openlane_working_dir/pdks/sky130A/libs.ref/sky130_fd_sc_hd/lib/sky130_fd_sc_hd__tt_025C_1v80.lib > /openLANE_flow/designs/picorv32a/runs/11-01_08-49/tmp/sky130_fd_sc_hd__tt_025C_1v80.no_pg.lib"

Sat Jan 11 08:49:24 UTC 2025 - Executing "yosys -c /openLANE_flow/scripts/synth.tcl -l /openLANE_flow/designs/picorv32a/runs/11-01_08-49/logs/synthesis/1-yosys.log |& tee >&@stdout"

Sat Jan 11 08:49:58 UTC 2025 - Executing "sed -i -e {s/\(set ::env(CURRENT_NETLIST)\).*/\1 \/openLANE_flow\/designs\/picorv32a\/runs\/11-01_08-49\/results\/synthesis\/picorv32a.synthesis.v/} /openLANE_flow/designs/picorv32a/runs/11-01_08-49/config.tcl"

Sat Jan 11 08:49:58 UTC 2025 - Executing "sed -i -e {s/\(set ::env(PREV_NETLIST)\).*/\1 0/} /openLANE_flow/designs/picorv32a/runs/11-01_08-49/config.tcl"

Sat Jan 11 08:49:58 UTC 2025 - Executing "sed -i /defparam/d /openLANE_flow/designs/picorv32a/runs/11-01_08-49/results/synthesis/picorv32a.synthesis.v"

Sat Jan 11 08:49:59 UTC 2025 - Executing "sta /openLANE_flow/scripts/sta.tcl |& tee >&@stdout /openLANE_flow/designs/picorv32a/runs/11-01_08-49/logs/synthesis/2-opensta"

Sat Jan 11 08:50:13 UTC 2025 - Executing "openroad -exit /openLANE_flow/scripts/openroad/or_floorplan.tcl |& tee >&@stdout /openLANE_flow/designs/picorv32a/runs/11-01_08-49/logs/floorplan/3-verilog2def.openroad.log"

Sat Jan 11 08:50:25 UTC 2025 - Executing "openroad -exit /openLANE_flow/scripts/openroad/or_ioplacer.tcl |& tee >&@stdout /openLANE_flow/designs/picorv32a/runs/11-01_08-49/logs/floorplan/4-ioPlacer.log"

Sat Jan 11 08:50:34 UTC 2025 - Executing "openroad -exit /openLANE_flow/scripts/openroad/or_tapcell.tcl |& tee >&@stdout /openLANE_flow/designs/picorv32a/runs/11-01_08-49/logs/floorplan/5-tapcell.log"

Sat Jan 11 08:50:48 UTC 2025 - Executing "openroad -exit /openLANE_flow/scripts/openroad/or_pdn.tcl |& tee >&@stdout /openLANE_flow/designs/picorv32a/runs/11-01_08-49/logs/floorplan/6-pdn.log"

Sat Jan 11 08:52:46 UTC 2025 - Executing "openroad -exit /openLANE_flow/scripts/openroad/or_pdn.tcl |& tee >&@stdout /openLANE_flow/designs/picorv32a/runs/11-01_08-49/logs/floorplan/7-pdn.log"

Sat Jan 11 08:52:49 UTC 2025 - Executing "python3 /openLANE_flow/report_generation_wrapper.py -d /openLANE_flow/designs/picorv32a -dn picorv32a -t 11-01_08-49 -o /openLANE_flow/designs/picorv32a/runs/11-01_08-49/reports/final_summary_report.csv -m /openLANE_flow/designs/picorv32a/runs/11-01_08-49/reports/manufacturability_report.rpt -rs /openLANE_flow/designs/picorv32a/runs/11-01_08-49/reports/runtime_summary_report.rpt -r /openLANE_flow/designs/picorv32a/runs/11-01_08-49"

Sat Jan 11 08:52:56 UTC 2025 - Executing "openroad -exit /openLANE_flow/scripts/openroad/or_floorplan.tcl |& tee >&@stdout /openLANE_flow/designs/picorv32a/runs/11-01_08-49/logs/floorplan/8-verilog2def.openroad.log"

Sat Jan 11 08:52:58 UTC 2025 - Executing "openroad -exit /openLANE_flow/scripts/openroad/or_ioplacer.tcl |& tee >&@stdout /openLANE_flow/designs/picorv32a/runs/11-01_08-49/logs/floorplan/9-ioPlacer.log"

Sat Jan 11 08:52:59 UTC 2025 - Executing "openroad -exit /openLANE_flow/scripts/openroad/or_tapcell.tcl |& tee >&@stdout /openLANE_flow/designs/picorv32a/runs/11-01_08-49/logs/floorplan/10-tapcell.log"

Sat Jan 11 08:53:00 UTC 2025 - Executing "bash /openLANE_flow/scripts/klayout/scrotLayout.sh /home/vsduser/Desktop/work/tools/openlane_working_dir/pdks/sky130A/libs.tech/klayout/sky130A.lyt /openLANE_flow/designs/picorv32a/runs/11-01_08-49/results/floorplan/picorv32a.floorplan.def |& tee >&@stdout /openLANE_flow/designs/picorv32a/runs/11-01_08-49/logs/klayout/11-klayout.scrot.log"

Sat Jan 11 08:53:06 UTC 2025 - Executing "openroad -exit /openLANE_flow/scripts/openroad/or_pdn.tcl |& tee >&@stdout /openLANE_flow/designs/picorv32a/runs/11-01_08-49/logs/floorplan/12-pdn.log"

Sat Jan 11 14:27:22 UTC 2025 - Executing "openroad -exit /openLANE_flow/scripts/openroad/or_replace.tcl |& tee >&@stdout /openLANE_flow/designs/picorv32a/runs/11-01_08-49/logs/placement/13-replace.log"

Sat Jan 11 14:27:34 UTC 2025 - Executing "openroad -exit /openLANE_flow/scripts/openroad/or_resizer.tcl |& tee >&@stdout /openLANE_flow/designs/picorv32a/runs/11-01_08-49/logs/placement/13-resizer.log"

Sat Jan 11 14:27:41 UTC 2025 - Executing "openroad -exit /openLANE_flow/scripts/openroad/or_write_verilog.tcl |& tee >&@stdout /openLANE_flow/designs/picorv32a/runs/11-01_08-49/logs/14-write_verilog.log"

Sat Jan 11 14:27:42 UTC 2025 - Executing "sed -i -e {s/\(set ::env(CURRENT_NETLIST)\).*/\1 \/openLANE_flow\/designs\/picorv32a\/runs\/11-01_08-49\/results\/synthesis\/picorv32a.synthesis_optimized.v/} /openLANE_flow/designs/picorv32a/runs/11-01_08-49/config.tcl"

Sat Jan 11 14:27:42 UTC 2025 - Executing "sed -i -e {s/\(set ::env(PREV_NETLIST)\).*/\1 \/openLANE_flow\/designs\/picorv32a\/runs\/11-01_08-49\/results\/synthesis\/picorv32a.synthesis.v/} /openLANE_flow/designs/picorv32a/runs/11-01_08-49/config.tcl"

Sat Jan 11 14:27:42 UTC 2025 - Executing "sta /openLANE_flow/scripts/sta.tcl |& tee >&@stdout /openLANE_flow/designs/picorv32a/runs/11-01_08-49/logs/synthesis/15-opensta_post_resizer"

Sat Jan 11 14:27:44 UTC 2025 - Executing "openroad -exit /openLANE_flow/scripts/openroad/or_opendp.tcl |& tee >&@stdout /openLANE_flow/designs/picorv32a/runs/11-01_08-49/logs/placement/16-opendp.log"

Sat Jan 11 14:27:46 UTC 2025 - Executing "bash /openLANE_flow/scripts/klayout/scrotLayout.sh /home/vsduser/Desktop/work/tools/openlane_working_dir/pdks/sky130A/libs.tech/klayout/sky130A.lyt /openLANE_flow/designs/picorv32a/runs/11-01_08-49/results/placement/picorv32a.placement.def |& tee >&@stdout /openLANE_flow/designs/picorv32a/runs/11-01_08-49/logs/klayout/17-klayout.scrot.log"

Tue Jan 14 13:29:24 UTC 2025 - Executing "openroad -exit /openLANE_flow/scripts/openroad/or_floorplan.tcl |& tee >&@stdout /openLANE_flow/designs/picorv32a/runs/11-01_08-49/logs/floorplan/18-verilog2def.openroad.log"

Tue Jan 14 13:29:26 UTC 2025 - Executing "openroad -exit /openLANE_flow/scripts/openroad/or_ioplacer.tcl |& tee >&@stdout /openLANE_flow/designs/picorv32a/runs/11-01_08-49/logs/floorplan/19-ioPlacer.log"

Tue Jan 14 13:29:27 UTC 2025 - Executing "openroad -exit /openLANE_flow/scripts/openroad/or_tapcell.tcl |& tee >&@stdout /openLANE_flow/designs/picorv32a/runs/11-01_08-49/logs/floorplan/20-tapcell.log"

Tue Jan 14 13:29:28 UTC 2025 - Executing "bash /openLANE_flow/scripts/klayout/scrotLayout.sh /home/vsduser/Desktop/work/tools/openlane_working_dir/pdks/sky130A/libs.tech/klayout/sky130A.lyt /openLANE_flow/designs/picorv32a/runs/11-01_08-49/results/floorplan/picorv32a.floorplan.def |& tee >&@stdout /openLANE_flow/designs/picorv32a/runs/11-01_08-49/logs/klayout/21-klayout.scrot.log"

Tue Jan 14 13:29:34 UTC 2025 - Executing "openroad -exit /openLANE_flow/scripts/openroad/or_pdn.tcl |& tee >&@stdout /openLANE_flow/designs/picorv32a/runs/11-01_08-49/logs/floorplan/22-pdn.log"

