Sun Jan 19 12:32:52 UTC 2025 - Executing "python3 /openLANE_flow/scripts/extract_metal_layers.py -t /home/vsduser/Desktop/work/tools/openlane_working_dir/pdks/sky130A/libs.ref/sky130_fd_sc_hd/techlef/sky130_fd_sc_hd.tlef -o /openLANE_flow/designs/picorv32a/runs/19-01_10-35/tmp/met_layers_list.txt"

Sun Jan 19 12:32:52 UTC 2025 - Executing "/openLANE_flow/scripts/mergeLef.py -i /home/vsduser/Desktop/work/tools/openlane_working_dir/pdks/sky130A/libs.ref/sky130_fd_sc_hd/techlef/sky130_fd_sc_hd.tlef {/home/vsduser/Desktop/work/tools/openlane_working_dir/pdks/sky130A/libs.ref/sky130_fd_sc_hd/lef/sky130_fd_sc_hd.lef /home/vsduser/Desktop/work/tools/openlane_working_dir/pdks/sky130A/libs.ref/sky130_fd_sc_hd/lef/sky130_ef_sc_hd__fill_12.lef /home/vsduser/Desktop/work/tools/openlane_working_dir/pdks/sky130A/libs.ref/sky130_fd_sc_hd/lef/sky130_ef_sc_hd__decap_12.lef /home/vsduser/Desktop/work/tools/openlane_working_dir/pdks/sky130A/libs.ref/sky130_fd_sc_hd/lef/sky130_ef_sc_hd__fakediode_2.lef} -o /openLANE_flow/designs/picorv32a/runs/19-01_10-35/tmp/merged_unpadded.lef |& tee >&@stdout"

Sun Jan 19 12:32:52 UTC 2025 - Executing "/openLANE_flow/scripts/mergeLef.py -i /openLANE_flow/designs/picorv32a/runs/19-01_10-35/tmp/merged_unpadded.lef /openLANE_flow/designs/picorv32a/src/sky130_vsdinv.lef -o /openLANE_flow/designs/picorv32a/runs/19-01_10-35/tmp/merged_unpadded.lef |& tee >&@stdout"

Sun Jan 19 12:32:52 UTC 2025 - Executing "/openLANE_flow/scripts/libtrim.pl /openLANE_flow/designs/picorv32a/src/sky130_fd_sc_hd__typical.lib /openLANE_flow/designs/picorv32a/runs/19-01_10-35/tmp/trimmed.lib.exclude.list > /openLANE_flow/designs/picorv32a/runs/19-01_10-35/tmp/trimmed.lib"

Sun Jan 19 12:32:52 UTC 2025 - Executing "echo {openlane v0.21} > /openLANE_flow/designs/picorv32a/runs/19-01_10-35/OPENLANE_VERSION"

Sun Jan 19 12:33:36 UTC 2025 - Executing "/openLANE_flow/scripts/mergeLef.py -i /openLANE_flow/designs/picorv32a/runs/19-01_10-35/tmp/merged.lef /openLANE_flow/designs/picorv32a/src/sky130_vsdinv.lef -o /openLANE_flow/designs/picorv32a/runs/19-01_10-35/tmp/merged.lef.new"

Sun Jan 19 12:33:36 UTC 2025 - Executing "/openLANE_flow/scripts/mergeLef.py -i /openLANE_flow/designs/picorv32a/runs/19-01_10-35/tmp/merged_unpadded.lef /openLANE_flow/designs/picorv32a/src/sky130_vsdinv.lef -o /openLANE_flow/designs/picorv32a/runs/19-01_10-35/tmp/merged_unpadded.lef.new"

Sun Jan 19 12:33:36 UTC 2025 - Executing "mv /openLANE_flow/designs/picorv32a/runs/19-01_10-35/tmp/merged.lef.new /openLANE_flow/designs/picorv32a/runs/19-01_10-35/tmp/merged.lef"

Sun Jan 19 12:33:36 UTC 2025 - Executing "mv /openLANE_flow/designs/picorv32a/runs/19-01_10-35/tmp/merged_unpadded.lef.new /openLANE_flow/designs/picorv32a/runs/19-01_10-35/tmp/merged_unpadded.lef"

Sun Jan 19 12:34:52 UTC 2025 - Executing "sed -E {s/^([[:space:]]+)pg_pin(.*)/\1pin\2\n\1    direction : "inout";/g} /openLANE_flow/designs/picorv32a/src/sky130_fd_sc_hd__typical.lib > /openLANE_flow/designs/picorv32a/runs/19-01_10-35/tmp/sky130_fd_sc_hd__typical.no_pg.lib"

Sun Jan 19 12:34:52 UTC 2025 - Executing "yosys -c /openLANE_flow/scripts/synth.tcl -l /openLANE_flow/designs/picorv32a/runs/19-01_10-35/logs/synthesis/4-yosys.log |& tee >&@stdout"

Sun Jan 19 12:35:53 UTC 2025 - Executing "sed -i -e {s/\(set ::env(CURRENT_NETLIST)\).*/\1 \/openLANE_flow\/designs\/picorv32a\/runs\/19-01_10-35\/results\/synthesis\/picorv32a.synthesis.v/} /openLANE_flow/designs/picorv32a/runs/19-01_10-35/config.tcl"

Sun Jan 19 12:35:53 UTC 2025 - Executing "sed -i -e {s/\(set ::env(PREV_NETLIST)\).*/\1 \/openLANE_flow\/designs\/picorv32a\/runs\/19-01_10-35\/results\/synthesis\/picorv32a.synthesis.v/} /openLANE_flow/designs/picorv32a/runs/19-01_10-35/config.tcl"

Sun Jan 19 12:35:53 UTC 2025 - Executing "sed -i /defparam/d /openLANE_flow/designs/picorv32a/runs/19-01_10-35/results/synthesis/picorv32a.synthesis.v"

Sun Jan 19 12:35:53 UTC 2025 - Executing "sta /openLANE_flow/scripts/sta.tcl |& tee >&@stdout /openLANE_flow/designs/picorv32a/runs/19-01_10-35/logs/synthesis/5-opensta"

Sun Jan 19 12:50:11 UTC 2025 - Executing "openroad -exit /openLANE_flow/scripts/openroad/or_floorplan.tcl |& tee >&@stdout /openLANE_flow/designs/picorv32a/runs/19-01_10-35/logs/floorplan/6-verilog2def.openroad.log"

Sun Jan 19 12:50:25 UTC 2025 - Executing "openroad -exit /openLANE_flow/scripts/openroad/or_ioplacer.tcl |& tee >&@stdout /openLANE_flow/designs/picorv32a/runs/19-01_10-35/logs/floorplan/7-ioPlacer.log"

Sun Jan 19 12:50:32 UTC 2025 - Executing "openroad -exit /openLANE_flow/scripts/openroad/or_tapcell.tcl |& tee >&@stdout /openLANE_flow/designs/picorv32a/runs/19-01_10-35/logs/floorplan/8-tapcell.log"

Sun Jan 19 12:50:44 UTC 2025 - Executing "openroad -exit /openLANE_flow/scripts/openroad/or_floorplan.tcl |& tee >&@stdout /openLANE_flow/designs/picorv32a/runs/19-01_10-35/logs/floorplan/9-verilog2def.openroad.log"

Sun Jan 19 12:50:45 UTC 2025 - Executing "openroad -exit /openLANE_flow/scripts/openroad/or_ioplacer.tcl |& tee >&@stdout /openLANE_flow/designs/picorv32a/runs/19-01_10-35/logs/floorplan/10-ioPlacer.log"

Sun Jan 19 12:50:46 UTC 2025 - Executing "openroad -exit /openLANE_flow/scripts/openroad/or_replace.tcl |& tee >&@stdout /openLANE_flow/designs/picorv32a/runs/19-01_10-35/logs/placement/11-replace.log"

Sun Jan 19 12:50:56 UTC 2025 - Executing "openroad -exit /openLANE_flow/scripts/openroad/or_basic_mp.tcl |& tee >&@stdout /openLANE_flow/designs/picorv32a/runs/19-01_10-35/logs/placement/12-basic_mp.log"

Sun Jan 19 12:54:41 UTC 2025 - Executing "openroad -exit /openLANE_flow/scripts/openroad/or_pdn.tcl |& tee >&@stdout /openLANE_flow/designs/picorv32a/runs/19-01_10-35/logs/floorplan/13-pdn.log"

Sun Jan 19 12:57:54 UTC 2025 - Executing "openroad -exit /openLANE_flow/scripts/openroad/or_replace.tcl |& tee >&@stdout /openLANE_flow/designs/picorv32a/runs/19-01_10-35/logs/placement/14-replace.log"

Sun Jan 19 12:58:07 UTC 2025 - Executing "openroad -exit /openLANE_flow/scripts/openroad/or_resizer.tcl |& tee >&@stdout /openLANE_flow/designs/picorv32a/runs/19-01_10-35/logs/placement/14-resizer.log"

Sun Jan 19 12:58:18 UTC 2025 - Executing "openroad -exit /openLANE_flow/scripts/openroad/or_write_verilog.tcl |& tee >&@stdout /openLANE_flow/designs/picorv32a/runs/19-01_10-35/logs/15-write_verilog.log"

Sun Jan 19 12:58:20 UTC 2025 - Executing "sed -i -e {s/\(set ::env(CURRENT_NETLIST)\).*/\1 \/openLANE_flow\/designs\/picorv32a\/runs\/19-01_10-35\/results\/synthesis\/picorv32a.synthesis_optimized.v/} /openLANE_flow/designs/picorv32a/runs/19-01_10-35/config.tcl"

Sun Jan 19 12:58:20 UTC 2025 - Executing "sed -i -e {s/\(set ::env(PREV_NETLIST)\).*/\1 \/openLANE_flow\/designs\/picorv32a\/runs\/19-01_10-35\/results\/synthesis\/picorv32a.synthesis.v/} /openLANE_flow/designs/picorv32a/runs/19-01_10-35/config.tcl"

Sun Jan 19 12:58:20 UTC 2025 - Executing "sta /openLANE_flow/scripts/sta.tcl |& tee >&@stdout /openLANE_flow/designs/picorv32a/runs/19-01_10-35/logs/synthesis/16-opensta_post_resizer"

Sun Jan 19 12:58:21 UTC 2025 - Executing "openroad -exit /openLANE_flow/scripts/openroad/or_opendp.tcl |& tee >&@stdout /openLANE_flow/designs/picorv32a/runs/19-01_10-35/logs/placement/17-opendp.log"

Sun Jan 19 12:58:23 UTC 2025 - Executing "bash /openLANE_flow/scripts/klayout/scrotLayout.sh /home/vsduser/Desktop/work/tools/openlane_working_dir/pdks/sky130A/libs.tech/klayout/sky130A.lyt /openLANE_flow/designs/picorv32a/runs/19-01_10-35/results/placement/picorv32a.placement.def |& tee >&@stdout /openLANE_flow/designs/picorv32a/runs/19-01_10-35/logs/klayout/18-klayout.scrot.log"

