Sun Jan 19 22:07:51 UTC 2025 - Executing "python3 /openLANE_flow/scripts/extract_metal_layers.py -t /home/vsduser/Desktop/work/tools/openlane_working_dir/pdks/sky130A/libs.ref/sky130_fd_sc_hd/techlef/sky130_fd_sc_hd.tlef -o /openLANE_flow/designs/picorv32a/runs/19-01_22-07/tmp/met_layers_list.txt"

Sun Jan 19 22:07:51 UTC 2025 - Executing "/openLANE_flow/scripts/mergeLef.py -i /home/vsduser/Desktop/work/tools/openlane_working_dir/pdks/sky130A/libs.ref/sky130_fd_sc_hd/techlef/sky130_fd_sc_hd.tlef {/home/vsduser/Desktop/work/tools/openlane_working_dir/pdks/sky130A/libs.ref/sky130_fd_sc_hd/lef/sky130_fd_sc_hd.lef /home/vsduser/Desktop/work/tools/openlane_working_dir/pdks/sky130A/libs.ref/sky130_fd_sc_hd/lef/sky130_ef_sc_hd__fill_12.lef /home/vsduser/Desktop/work/tools/openlane_working_dir/pdks/sky130A/libs.ref/sky130_fd_sc_hd/lef/sky130_ef_sc_hd__decap_12.lef /home/vsduser/Desktop/work/tools/openlane_working_dir/pdks/sky130A/libs.ref/sky130_fd_sc_hd/lef/sky130_ef_sc_hd__fakediode_2.lef} -o /openLANE_flow/designs/picorv32a/runs/19-01_22-07/tmp/merged_unpadded.lef |& tee >&@stdout"

Sun Jan 19 22:07:51 UTC 2025 - Executing "/openLANE_flow/scripts/mergeLef.py -i /openLANE_flow/designs/picorv32a/runs/19-01_22-07/tmp/merged_unpadded.lef /openLANE_flow/designs/picorv32a/src/sky130_vsdinv.lef -o /openLANE_flow/designs/picorv32a/runs/19-01_22-07/tmp/merged_unpadded.lef |& tee >&@stdout"

Sun Jan 19 22:07:52 UTC 2025 - Executing "/openLANE_flow/scripts/libtrim.pl /openLANE_flow/designs/picorv32a/src/sky130_fd_sc_hd__typical.lib /openLANE_flow/designs/picorv32a/runs/19-01_22-07/tmp/trimmed.lib.exclude.list > /openLANE_flow/designs/picorv32a/runs/19-01_22-07/tmp/trimmed.lib"

Sun Jan 19 22:07:52 UTC 2025 - Executing "echo {openlane v0.21} > /openLANE_flow/designs/picorv32a/runs/19-01_22-07/OPENLANE_VERSION"

Sun Jan 19 22:08:32 UTC 2025 - Executing "/openLANE_flow/scripts/mergeLef.py -i /openLANE_flow/designs/picorv32a/runs/19-01_22-07/tmp/merged.lef /openLANE_flow/designs/picorv32a/src/sky130_vsdinv.lef -o /openLANE_flow/designs/picorv32a/runs/19-01_22-07/tmp/merged.lef.new"

Sun Jan 19 22:08:33 UTC 2025 - Executing "/openLANE_flow/scripts/mergeLef.py -i /openLANE_flow/designs/picorv32a/runs/19-01_22-07/tmp/merged_unpadded.lef /openLANE_flow/designs/picorv32a/src/sky130_vsdinv.lef -o /openLANE_flow/designs/picorv32a/runs/19-01_22-07/tmp/merged_unpadded.lef.new"

Sun Jan 19 22:08:33 UTC 2025 - Executing "mv /openLANE_flow/designs/picorv32a/runs/19-01_22-07/tmp/merged.lef.new /openLANE_flow/designs/picorv32a/runs/19-01_22-07/tmp/merged.lef"

Sun Jan 19 22:08:33 UTC 2025 - Executing "mv /openLANE_flow/designs/picorv32a/runs/19-01_22-07/tmp/merged_unpadded.lef.new /openLANE_flow/designs/picorv32a/runs/19-01_22-07/tmp/merged_unpadded.lef"

Sun Jan 19 22:09:31 UTC 2025 - Executing "sed -E {s/^([[:space:]]+)pg_pin(.*)/\1pin\2\n\1    direction : "inout";/g} /openLANE_flow/designs/picorv32a/src/sky130_fd_sc_hd__typical.lib > /openLANE_flow/designs/picorv32a/runs/19-01_22-07/tmp/sky130_fd_sc_hd__typical.no_pg.lib"

Sun Jan 19 22:09:31 UTC 2025 - Executing "yosys -c /openLANE_flow/scripts/synth.tcl -l /openLANE_flow/designs/picorv32a/runs/19-01_22-07/logs/synthesis/1-yosys.log |& tee >&@stdout"

Sun Jan 19 22:10:36 UTC 2025 - Executing "sed -i -e {s/\(set ::env(CURRENT_NETLIST)\).*/\1 \/openLANE_flow\/designs\/picorv32a\/runs\/19-01_22-07\/results\/synthesis\/picorv32a.synthesis.v/} /openLANE_flow/designs/picorv32a/runs/19-01_22-07/config.tcl"

Sun Jan 19 22:10:36 UTC 2025 - Executing "sed -i -e {s/\(set ::env(PREV_NETLIST)\).*/\1 0/} /openLANE_flow/designs/picorv32a/runs/19-01_22-07/config.tcl"

Sun Jan 19 22:10:36 UTC 2025 - Executing "sed -i /defparam/d /openLANE_flow/designs/picorv32a/runs/19-01_22-07/results/synthesis/picorv32a.synthesis.v"

Sun Jan 19 22:10:36 UTC 2025 - Executing "sta /openLANE_flow/scripts/sta.tcl |& tee >&@stdout /openLANE_flow/designs/picorv32a/runs/19-01_22-07/logs/synthesis/2-opensta"

Sun Jan 19 22:10:56 UTC 2025 - Executing "openroad -exit /openLANE_flow/scripts/openroad/or_floorplan.tcl |& tee >&@stdout /openLANE_flow/designs/picorv32a/runs/19-01_22-07/logs/floorplan/3-verilog2def.openroad.log"

Sun Jan 19 22:11:01 UTC 2025 - Executing "openroad -exit /openLANE_flow/scripts/openroad/or_ioplacer.tcl |& tee >&@stdout /openLANE_flow/designs/picorv32a/runs/19-01_22-07/logs/floorplan/4-ioPlacer.log"

Sun Jan 19 22:11:10 UTC 2025 - Executing "openroad -exit /openLANE_flow/scripts/openroad/or_tapcell.tcl |& tee >&@stdout /openLANE_flow/designs/picorv32a/runs/19-01_22-07/logs/floorplan/5-tapcell.log"

Sun Jan 19 22:11:16 UTC 2025 - Executing "openroad -exit /openLANE_flow/scripts/openroad/or_replace.tcl |& tee >&@stdout /openLANE_flow/designs/picorv32a/runs/19-01_22-07/logs/placement/6-replace.log"

Sun Jan 19 22:11:30 UTC 2025 - Executing "openroad -exit /openLANE_flow/scripts/openroad/or_resizer.tcl |& tee >&@stdout /openLANE_flow/designs/picorv32a/runs/19-01_22-07/logs/placement/6-resizer.log"

Sun Jan 19 22:11:42 UTC 2025 - Executing "openroad -exit /openLANE_flow/scripts/openroad/or_write_verilog.tcl |& tee >&@stdout /openLANE_flow/designs/picorv32a/runs/19-01_22-07/logs/7-write_verilog.log"

Sun Jan 19 22:11:43 UTC 2025 - Executing "sed -i -e {s/\(set ::env(CURRENT_NETLIST)\).*/\1 \/openLANE_flow\/designs\/picorv32a\/runs\/19-01_22-07\/results\/synthesis\/picorv32a.synthesis_optimized.v/} /openLANE_flow/designs/picorv32a/runs/19-01_22-07/config.tcl"

Sun Jan 19 22:11:43 UTC 2025 - Executing "sed -i -e {s/\(set ::env(PREV_NETLIST)\).*/\1 \/openLANE_flow\/designs\/picorv32a\/runs\/19-01_22-07\/results\/synthesis\/picorv32a.synthesis.v/} /openLANE_flow/designs/picorv32a/runs/19-01_22-07/config.tcl"

Sun Jan 19 22:11:43 UTC 2025 - Executing "sta /openLANE_flow/scripts/sta.tcl |& tee >&@stdout /openLANE_flow/designs/picorv32a/runs/19-01_22-07/logs/synthesis/8-opensta_post_resizer"

Sun Jan 19 22:11:45 UTC 2025 - Executing "openroad -exit /openLANE_flow/scripts/openroad/or_opendp.tcl |& tee >&@stdout /openLANE_flow/designs/picorv32a/runs/19-01_22-07/logs/placement/9-opendp.log"

Sun Jan 19 22:11:47 UTC 2025 - Executing "bash /openLANE_flow/scripts/klayout/scrotLayout.sh /home/vsduser/Desktop/work/tools/openlane_working_dir/pdks/sky130A/libs.tech/klayout/sky130A.lyt /openLANE_flow/designs/picorv32a/runs/19-01_22-07/results/placement/picorv32a.placement.def |& tee >&@stdout /openLANE_flow/designs/picorv32a/runs/19-01_22-07/logs/klayout/10-klayout.scrot.log"

Sun Jan 19 22:12:20 UTC 2025 - Executing "/openLANE_flow/scripts/libtrim.pl /openLANE_flow/designs/picorv32a/src/sky130_fd_sc_hd__typical.lib /openLANE_flow/designs/picorv32a/runs/19-01_22-07/tmp/cts.lib.exclude.list > /openLANE_flow/designs/picorv32a/runs/19-01_22-07/tmp/cts.lib"

Sun Jan 19 22:12:20 UTC 2025 - Executing "openroad -exit /openLANE_flow/scripts/openroad/or_cts.tcl |& tee >&@stdout /openLANE_flow/designs/picorv32a/runs/19-01_22-07/logs/cts/11-cts.log"

Sun Jan 19 22:13:38 UTC 2025 - Executing "openroad -exit /openLANE_flow/scripts/openroad/or_write_verilog.tcl |& tee >&@stdout /openLANE_flow/designs/picorv32a/runs/19-01_22-07/logs/12-write_verilog.log"

Sun Jan 19 22:13:40 UTC 2025 - Executing "sed -i -e {s/\(set ::env(CURRENT_NETLIST)\).*/\1 \/openLANE_flow\/designs\/picorv32a\/runs\/19-01_22-07\/results\/synthesis\/picorv32a.synthesis_cts.v/} /openLANE_flow/designs/picorv32a/runs/19-01_22-07/config.tcl"

Sun Jan 19 22:13:40 UTC 2025 - Executing "sed -i -e {s/\(set ::env(PREV_NETLIST)\).*/\1 \/openLANE_flow\/designs\/picorv32a\/runs\/19-01_22-07\/results\/synthesis\/picorv32a.synthesis_optimized.v/} /openLANE_flow/designs/picorv32a/runs/19-01_22-07/config.tcl"

Sun Jan 19 22:13:40 UTC 2025 - Executing "bash /openLANE_flow/scripts/klayout/scrotLayout.sh /home/vsduser/Desktop/work/tools/openlane_working_dir/pdks/sky130A/libs.tech/klayout/sky130A.lyt /openLANE_flow/designs/picorv32a/runs/19-01_22-07/results/cts/picorv32a.cts.def |& tee >&@stdout /openLANE_flow/designs/picorv32a/runs/19-01_22-07/logs/klayout/13-klayout.scrot.log"

Sun Jan 19 22:13:55 UTC 2025 - Executing "openroad -exit /openLANE_flow/scripts/openroad/or_pdn.tcl |& tee >&@stdout /openLANE_flow/designs/picorv32a/runs/19-01_22-07/logs/floorplan/14-pdn.log"

Sun Jan 19 22:24:22 UTC 2025 - Executing "openroad -exit /openLANE_flow/scripts/openroad/or_groute.tcl |& tee >&@stdout /openLANE_flow/designs/picorv32a/runs/19-01_22-07/logs/routing/15-fastroute.log"

Sun Jan 19 22:24:35 UTC 2025 - Executing "openroad -exit /openLANE_flow/scripts/openroad/or_fill.tcl |& tee >&@stdout /openLANE_flow/designs/picorv32a/runs/19-01_22-07/logs/routing/16-addspacers.log"

Sun Jan 19 22:24:36 UTC 2025 - Executing "openroad -exit /openLANE_flow/scripts/openroad/or_write_verilog.tcl |& tee >&@stdout /openLANE_flow/designs/picorv32a/runs/19-01_22-07/logs/17-write_verilog.log"

Sun Jan 19 22:24:37 UTC 2025 - Executing "sed -i -e {s/\(set ::env(CURRENT_NETLIST)\).*/\1 \/openLANE_flow\/designs\/picorv32a\/runs\/19-01_22-07\/results\/synthesis\/picorv32a.synthesis_preroute.v/} /openLANE_flow/designs/picorv32a/runs/19-01_22-07/config.tcl"

Sun Jan 19 22:24:37 UTC 2025 - Executing "sed -i -e {s/\(set ::env(PREV_NETLIST)\).*/\1 \/openLANE_flow\/designs\/picorv32a\/runs\/19-01_22-07\/results\/synthesis\/picorv32a.synthesis_cts.v/} /openLANE_flow/designs/picorv32a/runs/19-01_22-07/config.tcl"

Sun Jan 19 22:24:38 UTC 2025 - Executing "envsubst < /openLANE_flow/scripts/tritonRoute.param > /openLANE_flow/designs/picorv32a/runs/19-01_22-07/tmp/routing/18-tritonRoute.param"

Sun Jan 19 22:24:38 UTC 2025 - Executing "TritonRoute /openLANE_flow/designs/picorv32a/runs/19-01_22-07/tmp/routing/18-tritonRoute.param |& tee >&@stdout /openLANE_flow/designs/picorv32a/runs/19-01_22-07/logs/routing/18-tritonRoute.log"

Sun Jan 19 22:43:00 UTC 2025 - Executing "python3 /openLANE_flow/scripts/tr2klayout.py -i /openLANE_flow/designs/picorv32a/runs/19-01_22-07/reports/routing/18-tritonRoute.drc -o /openLANE_flow/designs/picorv32a/runs/19-01_22-07/reports/routing/18-tritonRoute.klayout.xml --design-name picorv32a"

Sun Jan 19 22:43:01 UTC 2025 - Executing "bash /openLANE_flow/scripts/klayout/scrotLayout.sh /home/vsduser/Desktop/work/tools/openlane_working_dir/pdks/sky130A/libs.tech/klayout/sky130A.lyt /openLANE_flow/designs/picorv32a/runs/19-01_22-07/results/routing/picorv32a.def |& tee >&@stdout /openLANE_flow/designs/picorv32a/runs/19-01_22-07/logs/klayout/19-klayout.scrot.log"

Sun Jan 19 22:43:13 UTC 2025 - Executing "python3 /openLANE_flow/scripts/spef_extractor/main.py -l /openLANE_flow/designs/picorv32a/runs/19-01_22-07/tmp/merged_unpadded.lef -d /openLANE_flow/designs/picorv32a/runs/19-01_22-07/results/routing/picorv32a.def -mw L -ec 1 |& tee >&@stdout /openLANE_flow/designs/picorv32a/runs/19-01_22-07/logs/routing/20-spef_extraction.log"

Sun Jan 19 22:43:27 UTC 2025 - Executing "sta /openLANE_flow/scripts/sta.tcl |& tee >&@stdout /openLANE_flow/designs/picorv32a/runs/19-01_22-07/logs/synthesis/21-opensta_spef"

